#RM scored
#RM descr h5 ss h3
#RM dfile sd3p_m.descr
>NE_THIC:128:133 
NE_THIC:128:133    0.000 0     104   30 ctctcc tgctccttgcggcacttt gaggag
>NE_THIC:128:133 
NE_THIC:128:133    0.000 0     107   32 tcctgctcctt gcggcacttt gaggagcatag
>NE_THIC:128:133 
NE_THIC:128:133    0.000 0     107   32 tcctgctccttg cggcactt tgaggagcatag
>NE_THIC:128:133 
NE_THIC:128:133    0.000 0     109   25 ctgctc cttgcggcacttt gaggag
>NE_THIC:128:133 
NE_THIC:128:133    0.000 0     110   26 tgctcctt gcggcacttt gaggagca
>NE_THIC:128:133 
NE_THIC:128:133    0.000 0     110   26 tgctccttg cggcactt tgaggagca
>NE_THIC:128:133 
NE_THIC:128:133    0.000 0     110   26 tgctccttgcg gcac tttgaggagca
>NE_THIC:128:133 
NE_THIC:128:133    0.000 0     111   24 gctcctt gcggcacttt gaggagc
>NE_THIC:128:133 
NE_THIC:128:133    0.000 0     111   24 gctccttg cggcactt tgaggagc
>NE_THIC:128:133 
NE_THIC:128:133    0.000 0     111   24 gctccttgcg gcac tttgaggagc
>NE_THIC:128:133 
NE_THIC:128:133    0.000 0     112   22 ctcctt gcggcacttt gaggag
>NE_THIC:128:133 
NE_THIC:128:133    0.000 0     112   22 ctccttg cggcactt tgaggag
>NE_THIC:128:133 
NE_THIC:128:133    0.000 0     112   22 ctccttgcg gcac tttgaggag
>NE_THIC:128:133 
NE_THIC:128:133    0.000 0     113   20 tccttg cggcactt tgagga
>NE_THIC:128:133 
NE_THIC:128:133    0.000 0     113   20 tccttgcg gcac tttgagga
