#RM scored
#RM descr h5 ss h3
#RM dfile sd5p_m.descr
>AU_THIB:138:143 
AU_THIB:138:143    0.000 0     137   29 gaggag atacccgtgcgccgtcg tctttt
>AU_THIB:138:143 
AU_THIB:138:143    0.000 0     137   27 gaggag atacccgtgcgccgt cgtctt
>AU_THIB:138:143 
AU_THIB:138:143    0.000 0     137   27 gaggaga tacccgtgcgccg tcgtctt
>AU_THIB:138:143 
AU_THIB:138:143    0.000 0     137   27 gaggagat acccgtgcgcc gtcgtctt
>RPA_THIO:137:141 
RPA_THIO:137:141    0.000 0      24   39 cgaggag ctgagataccgcacgaccgcggtga ccctttg
>RPA_THIO:137:141 
RPA_THIO:137:141    0.000 0      24   39 cgaggagctg agataccgcacgaccgcgg tgaccctttg
>RPA_THIO:137:141 
RPA_THIO:137:141    0.000 0      25   37 gaggag ctgagataccgcacgaccgcggtga cccttt
>RS_THIM:131:136 
RS_THIM:131:136    0.000 0      68   62 tgctggcggaggaag tcgcgatgctgcaggtcttgaatgcatttcgc ctccctccgtcacgg
>RS_THIM:131:136 
RS_THIM:131:136    0.000 0      71   56 tggcggaggaa gtcgcgatgctgcaggtcttgaatgcatttcgcc tccctccgtca
>RS_THIM:131:136 
RS_THIM:131:136    0.000 0      71   56 tggcggaggaag tcgcgatgctgcaggtcttgaatgcatttcgc ctccctccgtca
>RS_THIM:131:136 
RS_THIM:131:136    0.000 0      71   56 tggcggaggaagtc gcgatgctgcaggtcttgaatgcatttc gcctccctccgtca
>RS_THIM:131:136 
RS_THIM:131:136    0.000 0      71   56 tggcggaggaagtcg cgatgctgcaggtcttgaatgcattt cgcctccctccgtca
>RS_THIM:131:136 
RS_THIM:131:136    0.000 0      71   56 tggcggaggaagtcgcg atgctgcaggtcttgaatgcat ttcgcctccctccgtca
>RS_THIM:131:136 
RS_THIM:131:136    0.000 0      71   56 tggcggaggaagtcgcga tgctgcaggtcttgaatgca tttcgcctccctccgtca
>RS_THIM:131:136 
RS_THIM:131:136    0.000 0      71   56 tggcggaggaagtcgcgat gctgcaggtcttgaatgc atttcgcctccctccgtca
>RS_THIM:131:136 
RS_THIM:131:136    0.000 0      71   56 tggcggaggaagtcgcgatg ctgcaggtcttgaatg catttcgcctccctccgtca
>RS_THIM:131:136 
RS_THIM:131:136    0.000 0      71   56 tggcggaggaagtcgcgatgc tgcaggtcttgaat gcatttcgcctccctccgtca
>RS_THIM:131:136 
RS_THIM:131:136    0.000 0      72   54 ggcggaggaa gtcgcgatgctgcaggtcttgaatgcatttcgcc tccctccgtc
>RS_THIM:131:136 
RS_THIM:131:136    0.000 0      72   54 ggcggaggaag tcgcgatgctgcaggtcttgaatgcatttcgc ctccctccgtc
>RS_THIM:131:136 
RS_THIM:131:136    0.000 0      72   54 ggcggaggaagtc gcgatgctgcaggtcttgaatgcatttc gcctccctccgtc
>RS_THIM:131:136 
RS_THIM:131:136    0.000 0      72   54 ggcggaggaagtcg cgatgctgcaggtcttgaatgcattt cgcctccctccgtc
>RS_THIM:131:136 
RS_THIM:131:136    0.000 0      72   54 ggcggaggaagtcgcg atgctgcaggtcttgaatgcat ttcgcctccctccgtc
>RS_THIM:131:136 
RS_THIM:131:136    0.000 0      72   54 ggcggaggaagtcgcga tgctgcaggtcttgaatgca tttcgcctccctccgtc
>RS_THIM:131:136 
RS_THIM:131:136    0.000 0      72   54 ggcggaggaagtcgcgat gctgcaggtcttgaatgc atttcgcctccctccgtc
>RS_THIM:131:136 
RS_THIM:131:136    0.000 0      72   54 ggcggaggaagtcgcgatg ctgcaggtcttgaatg catttcgcctccctccgtc
>RS_THIM:131:136 
RS_THIM:131:136    0.000 0      72   54 ggcggaggaagtcgcgatgc tgcaggtcttgaat gcatttcgcctccctccgtc
>RS_THIM:131:136 
RS_THIM:131:136    0.000 0      72   47 ggcggaggaa gtcgcgatgctgcaggtcttgaatgca tttcgcctcc
>RS_THIM:131:136 
RS_THIM:131:136    0.000 0      73   52 gcggaggaa gtcgcgatgctgcaggtcttgaatgcatttcgcc tccctccgt
>RS_THIM:131:136 
RS_THIM:131:136    0.000 0      73   52 gcggaggaag tcgcgatgctgcaggtcttgaatgcatttcgc ctccctccgt
>RS_THIM:131:136 
RS_THIM:131:136    0.000 0      73   52 gcggaggaagtc gcgatgctgcaggtcttgaatgcatttc gcctccctccgt
>RS_THIM:131:136 
RS_THIM:131:136    0.000 0      73   52 gcggaggaagtcg cgatgctgcaggtcttgaatgcattt cgcctccctccgt
>RS_THIM:131:136 
RS_THIM:131:136    0.000 0      73   52 gcggaggaagtcgcg atgctgcaggtcttgaatgcat ttcgcctccctccgt
>RS_THIM:131:136 
RS_THIM:131:136    0.000 0      73   52 gcggaggaagtcgcga tgctgcaggtcttgaatgca tttcgcctccctccgt
>RS_THIM:131:136 
RS_THIM:131:136    0.000 0      73   52 gcggaggaagtcgcgat gctgcaggtcttgaatgc atttcgcctccctccgt
>RS_THIM:131:136 
RS_THIM:131:136    0.000 0      73   52 gcggaggaagtcgcgatg ctgcaggtcttgaatg catttcgcctccctccgt
>RS_THIM:131:136 
RS_THIM:131:136    0.000 0      73   52 gcggaggaagtcgcgatgc tgcaggtcttgaat gcatttcgcctccctccgt
>RS_THIM:131:136 
RS_THIM:131:136    0.000 0      74   50 cggaggaa gtcgcgatgctgcaggtcttgaatgcatttcgcc tccctccg
>RS_THIM:131:136 
RS_THIM:131:136    0.000 0      74   50 cggaggaag tcgcgatgctgcaggtcttgaatgcatttcgc ctccctccg
>RS_THIM:131:136 
RS_THIM:131:136    0.000 0      74   50 cggaggaagtc gcgatgctgcaggtcttgaatgcatttc gcctccctccg
>RS_THIM:131:136 
RS_THIM:131:136    0.000 0      74   50 cggaggaagtcg cgatgctgcaggtcttgaatgcattt cgcctccctccg
>RS_THIM:131:136 
RS_THIM:131:136    0.000 0      74   50 cggaggaagtcgcga tgctgcaggtcttgaatgca tttcgcctccctccg
>RS_THIM:131:136 
RS_THIM:131:136    0.000 0      74   50 cggaggaagtcgcgat gctgcaggtcttgaatgc atttcgcctccctccg
>RS_THIM:131:136 
RS_THIM:131:136    0.000 0      74   50 cggaggaagtcgcgatg ctgcaggtcttgaatg catttcgcctccctccg
>RS_THIM:131:136 
RS_THIM:131:136    0.000 0      74   50 cggaggaagtcgcgatgc tgcaggtcttgaat gcatttcgcctccctccg
>RS_THIM:131:136 
RS_THIM:131:136    0.000 0      75   51 ggagga agtcgcgatgctgcaggtcttgaatgcatttcgcctccc tccgtc
>RS_THIM:131:136 
RS_THIM:131:136    0.000 0      75   48 ggaggaa gtcgcgatgctgcaggtcttgaatgcatttcgcc tccctcc
>RS_THIM:131:136 
RS_THIM:131:136    0.000 0      75   48 ggaggaag tcgcgatgctgcaggtcttgaatgcatttcgc ctccctcc
>RS_THIM:131:136 
RS_THIM:131:136    0.000 0      75   48 ggaggaagtc gcgatgctgcaggtcttgaatgcatttc gcctccctcc
>RS_THIM:131:136 
RS_THIM:131:136    0.000 0      75   48 ggaggaagtcg cgatgctgcaggtcttgaatgcattt cgcctccctcc
>RS_THIM:131:136 
RS_THIM:131:136    0.000 0      75   48 ggaggaagtcgcgat gctgcaggtcttgaatgc atttcgcctccctcc
>RS_THIM:131:136 
RS_THIM:131:136    0.000 0      75   48 ggaggaagtcgcgatg ctgcaggtcttgaatg catttcgcctccctcc
>RS_THIM:131:136 
RS_THIM:131:136    0.000 0      75   48 ggaggaagtcgcgatgc tgcaggtcttgaat gcatttcgcctccctcc
>RS_THIM:131:136 
RS_THIM:131:136    0.000 0      75   47 ggagga agtcgcgatgctgcaggtcttgaatgcatttcgcc tccctc
>RS_THIM:131:136 
RS_THIM:131:136    0.000 0      75   41 ggagga agtcgcgatgctgcaggtcttgaatgcat ttcgcc
>RS_THIM:131:136 
RS_THIM:131:136    0.000 0      75   41 ggaggaa gtcgcgatgctgcaggtcttgaatgca tttcgcc
>RS_THIM:131:136 
RS_THIM:131:136    0.000 0      76   46 gaggaa gtcgcgatgctgcaggtcttgaatgcatttcgcc tccctc
>RS_THIM:131:136 
RS_THIM:131:136    0.000 0      76   46 gaggaag tcgcgatgctgcaggtcttgaatgcatttcgc ctccctc
>RS_THIM:131:136 
RS_THIM:131:136    0.000 0      76   46 gaggaagtcg cgatgctgcaggtcttgaatgcattt cgcctccctc
>RS_THIM:131:136 
RS_THIM:131:136    0.000 0      76   46 gaggaagtcgcgatg ctgcaggtcttgaatg catttcgcctccctc
>RS_THIM:131:136 
RS_THIM:131:136    0.000 0      76   46 gaggaagtcgcgatgc tgcaggtcttgaat gcatttcgcctccctc
>RS_THIM:131:136 
RS_THIM:131:136    0.000 0      76   39 gaggaa gtcgcgatgctgcaggtcttgaatgca tttcgc
>RS_THIB:123:128 
RS_THIB:123:128    0.000 0     125   21 ggaggat gagatga gacttcc
>RS_THIB:123:128 
RS_THIB:123:128    0.000 0     126   19 gaggat gagatga gacttc
>PQ_CYTX:136:140 
PQ_CYTX:136:140    0.000 0     135   28 tgagga ttttgcgatgtctaat tattca
>PQ_CYTX:136:140 
PQ_CYTX:136:140    0.000 0     136   25 gaggat tttgcgatgtcta attatt
>PQ_CYTX:136:140 
PQ_CYTX:136:140    0.000 0     136   25 gaggatt ttgcgatgtct aattatt
>BAC_ZY_THIY:145:150 
BAC_ZY_THIY:145:150    0.000 0     144   18 tggagga attt ttttatg
>BAC_ZY_THIY:145:150 
BAC_ZY_THIY:145:150    0.000 0     145   16 ggagga attt ttttat
