#RM scored
#RM descr h5 ss h3
#RM dfile sd3p_m.descr
>CO_THIC:140:145 
CO_THIC:140:145    0.000 0     119   34 tccgggtctccttgg aagc ttgaggagcgcccga
>CO_THIC:140:145 
CO_THIC:140:145    0.000 0     122   28 gggtctcctt ggaagctt gaggagcgcc
>CO_THIC:140:145 
CO_THIC:140:145    0.000 0     122   28 gggtctccttg gaagct tgaggagcgcc
>CO_THIC:140:145 
CO_THIC:140:145    0.000 0     122   28 gggtctccttgg aagc ttgaggagcgcc
>CO_THIC:140:145 
CO_THIC:140:145    0.000 0     123   26 ggtctccttg gaagct tgaggagcgc
>CO_THIC:140:145 
CO_THIC:140:145    0.000 0     123   26 ggtctccttgg aagc ttgaggagcgc
>CO_THIC:140:145 
CO_THIC:140:145    0.000 0     126   20 ctcctt ggaagctt gaggag
>CO_THIC:140:145 
CO_THIC:140:145    0.000 0     126   20 ctccttg gaagct tgaggag
>CO_THIC:140:145 
CO_THIC:140:145    0.000 0     126   20 ctccttgg aagc ttgaggag
>CO_THIC:140:145 
CO_THIC:140:145    0.000 0     127   18 tccttg gaagct tgagga
>CO_THIC:140:145 
CO_THIC:140:145    0.000 0     127   18 tccttgg aagc ttgagga
