#RM scored
#RM descr h5 ss h3
#RM dfile sd3p_m.descr
>KP_THIM:123:127 
KP_THIM:123:127    0.000 0     102   28 ttgcttc tacctcgtctggcg ggagcaa
>KP_THIM:123:127 
KP_THIM:123:127    0.000 0     102   28 ttgcttct acctcgtctggc gggagcaa
>KP_THIM:123:127 
KP_THIM:123:127    0.000 0     102   28 ttgcttctac ctcgtctg gcgggagcaa
>KP_THIM:123:127 
KP_THIM:123:127    0.000 0     102   28 ttgcttctacc tcgtct ggcgggagcaa
>KP_THIM:123:127 
KP_THIM:123:127    0.000 0     103   26 tgcttc tacctcgtctggcg ggagca
>KP_THIM:123:127 
KP_THIM:123:127    0.000 0     103   26 tgcttct acctcgtctggc gggagca
>KP_THIM:123:127 
KP_THIM:123:127    0.000 0     103   26 tgcttctac ctcgtctg gcgggagca
>KP_THIM:123:127 
KP_THIM:123:127    0.000 0     103   26 tgcttctacc tcgtct ggcgggagca
>KP_THIM:123:127 
KP_THIM:123:127    0.000 0     104   24 gcttct acctcgtctggc gggagc
>KP_THIM:123:127 
KP_THIM:123:127    0.000 0     104   24 gcttctac ctcgtctg gcgggagc
>KP_THIM:123:127 
KP_THIM:123:127    0.000 0     104   24 gcttctacc tcgtct ggcgggagc
>KP_THIM:123:127 
KP_THIM:123:127    0.000 0     105   22 cttctac ctcgtctg gcgggag
>KP_THIM:123:127 
KP_THIM:123:127    0.000 0     105   22 cttctacc tcgtct ggcgggag
