#RM scored
#RM descr h5 ss h3
#RM dfile sd3p_m.descr
>AU_THIB:138:143 
AU_THIB:138:143    0.000 0     100   43 cggcttaaag gcaagcggctactccttctcgtc ttttgaggag
>AU_THIB:138:143 
AU_THIB:138:143    0.000 0     100   43 cggcttaaagg caagcggctactccttctcgt cttttgaggag
>AU_THIB:138:143 
AU_THIB:138:143    0.000 0     118   25 ctactc cttctcgtctttt gaggag
>AU_THIB:138:143 
AU_THIB:138:143    0.000 0     121   22 ctcctt ctcgtctttt gaggag
>AU_THIB:138:143 
AU_THIB:138:143    0.000 0     122   21 tccttc tcgtctttt gaggag
>AU_THIB:138:143 
AU_THIB:138:143    0.000 0     124   19 cttctc gtctttt gaggag
>AU_THIB:138:143 
AU_THIB:138:143    0.000 0     124   19 cttctcg tcttt tgaggag
>AU_THIB:138:143 
AU_THIB:138:143    0.000 0     126   18 tctcgt cttttg aggaga
>AU_THIB:138:143 
AU_THIB:138:143    0.000 0     126   18 tctcgtc tttt gaggaga
>AU_THIB:138:143 
AU_THIB:138:143    0.000 0     127   16 ctcgtc tttt gaggag
>AU_THIB:138:143 
AU_THIB:138:143    0.000 0     128   16 tcgtct tttg aggaga
>SM_THID:134:139 
SM_THID:134:139    0.000 0     114   24 tcatct gccctcgtgcga aggagg
>SM_THID:134:139 
SM_THID:134:139    0.000 0     122   16 cctcgt gcga aggagg
>RS_THIM:131:136 
RS_THIM:131:136    0.000 0     110   28 ttcgcct ccctccgtcacgga aggagag
>RS_THIM:131:136 
RS_THIM:131:136    0.000 0     110   28 ttcgcctccc tccgtcac ggaaggagag
>RS_THIM:131:136 
RS_THIM:131:136    0.000 0     111   30 tcgcctccct ccgtcacgga aggagagcga
>RS_THIM:131:136 
RS_THIM:131:136    0.000 0     111   26 tcgcct ccctccgtcacgga aggaga
>RS_THIM:131:136 
RS_THIM:131:136    0.000 0     115   21 ctccct ccgtcacgg aaggag
>RS_THIM:131:136 
RS_THIM:131:136    0.000 0     115   21 ctccctc cgtcacg gaaggag
>RS_THIM:131:136 
RS_THIM:131:136    0.000 0     115   21 ctccctcc gtcac ggaaggag
>RS_THIM:131:136 
RS_THIM:131:136    0.000 0     119   17 ctccgt cacgg aaggag
>RS_THIB:123:128 
RS_THIB:123:128    0.000 0      94   35 ctcctc atcccgttccgttccgcgtcgaa gaggag
>RS_THIB:123:128 
RS_THIB:123:128    0.000 0      94   35 ctcctcat cccgttccgttccgcgtcg aagaggag
>RS_THIB:123:128 
RS_THIB:123:128    0.000 0      94   35 ctcctcatc ccgttccgttccgcgtc gaagaggag
>RS_THIB:123:128 
RS_THIB:123:128    0.000 0      95   36 tcctcat cccgttccgttccgcgtcgaag aggagga
>RS_THIB:123:128 
RS_THIB:123:128    0.000 0      95   36 tcctcatc ccgttccgttccgcgtcgaa gaggagga
>RS_THIB:123:128 
RS_THIB:123:128    0.000 0      96   34 cctcat cccgttccgttccgcgtcgaag aggagg
>RS_THIB:123:128 
RS_THIB:123:128    0.000 0      96   34 cctcatc ccgttccgttccgcgtcgaa gaggagg
>RS_THIB:123:128 
RS_THIB:123:128    0.000 0      97   43 ctcatcccgttccgtt ccgcgtcgaag aggaggatgagatgag
>RS_THIB:123:128 
RS_THIB:123:128    0.000 0      97   43 ctcatcccgttccgttc cgcgtcgaa gaggaggatgagatgag
>RS_THIB:123:128 
RS_THIB:123:128    0.000 0      97   38 ctcatcccgtt ccgttccgcgtcgaag aggaggatgag
>RS_THIB:123:128 
RS_THIB:123:128    0.000 0      97   38 ctcatcccgttc cgttccgcgtcgaa gaggaggatgag
>RS_THIB:123:128 
RS_THIB:123:128    0.000 0      97   32 ctcatc ccgttccgttccgcgtcgaa gaggag
>RS_THIB:123:128 
RS_THIB:123:128    0.000 0      98   41 tcatcccgttccgtt ccgcgtcgaag aggaggatgagatga
>RS_THIB:123:128 
RS_THIB:123:128    0.000 0      98   41 tcatcccgttccgttc cgcgtcgaa gaggaggatgagatga
>RS_THIB:123:128 
RS_THIB:123:128    0.000 0      98   36 tcatcccgtt ccgttccgcgtcgaag aggaggatga
>RS_THIB:123:128 
RS_THIB:123:128    0.000 0      98   36 tcatcccgttc cgttccgcgtcgaa gaggaggatga
>RS_THIB:123:128 
RS_THIB:123:128    0.000 0      99   39 catcccgttccgttc cgcgtcgaa gaggaggatgagatg
>RS_THIB:123:128 
RS_THIB:123:128    0.000 0      99   34 catcccgttc cgttccgcgtcgaa gaggaggatg
>RS_THIB:123:128 
RS_THIB:123:128    0.000 0     104   29 cgttccgttc cgcgtcgaa gaggaggatg
>RS_THIB:123:128 
RS_THIB:123:128    0.000 0     106   23 ttccgt tccgcgtcgaa gaggag
>RS_THIB:123:128 
RS_THIB:123:128    0.000 0     106   23 ttccgtt ccgcgtcga agaggag
>RS_THIB:123:128 
RS_THIB:123:128    0.000 0     111   18 ttccgc gtcgaa gaggag
>CO_THIC:140:145 
CO_THIC:140:145    0.000 0     119   34 tccgggtctccttgg aagc ttgaggagcgcccga
>CO_THIC:140:145 
CO_THIC:140:145    0.000 0     121   31 cgggtctcctt ggaagcttg aggagcgcccg
>CO_THIC:140:145 
CO_THIC:140:145    0.000 0     122   29 gggtctcctt ggaagcttg aggagcgccc
>CO_THIC:140:145 
CO_THIC:140:145    0.000 0     122   28 gggtctcctt ggaagctt gaggagcgcc
>CO_THIC:140:145 
CO_THIC:140:145    0.000 0     122   28 gggtctccttg gaagct tgaggagcgcc
>CO_THIC:140:145 
CO_THIC:140:145    0.000 0     122   28 gggtctccttgg aagc ttgaggagcgcc
>CO_THIC:140:145 
CO_THIC:140:145    0.000 0     123   26 ggtctccttg gaagct tgaggagcgc
>CO_THIC:140:145 
CO_THIC:140:145    0.000 0     123   26 ggtctccttgg aagc ttgaggagcgc
>CO_THIC:140:145 
CO_THIC:140:145    0.000 0     126   20 ctcctt ggaagctt gaggag
>CO_THIC:140:145 
CO_THIC:140:145    0.000 0     126   20 ctccttg gaagct tgaggag
>CO_THIC:140:145 
CO_THIC:140:145    0.000 0     126   20 ctccttgg aagc ttgaggag
>NE_THIC:128:133 
NE_THIC:128:133    0.000 0      53   49 gtccct taatacctgatgcggataacgccgccggagggaagcc aggagt
>NE_THIC:128:133 
NE_THIC:128:133    0.000 0      61   41 atacct gatgcggataacgccgccggagggaagcc aggagt
>NE_THIC:128:133 
NE_THIC:128:133    0.000 0      61   41 atacctg atgcggataacgccgccggagggaagc caggagt
>NE_THIC:128:133 
NE_THIC:128:133    0.000 0      62   39 tacctg atgcggataacgccgccggagggaagc caggag
>NE_THIC:128:133 
NE_THIC:128:133    0.000 0     104   30 ctctcc tgctccttgcggcacttt gaggag
>NE_THIC:128:133 
NE_THIC:128:133    0.000 0     107   32 tcctgctcct tgcggcactttg aggagcatag
>NE_THIC:128:133 
NE_THIC:128:133    0.000 0     107   32 tcctgctcctt gcggcacttt gaggagcatag
>NE_THIC:128:133 
NE_THIC:128:133    0.000 0     107   32 tcctgctccttg cggcactt tgaggagcatag
>NE_THIC:128:133 
NE_THIC:128:133    0.000 0     109   25 ctgctc cttgcggcacttt gaggag
>NE_THIC:128:133 
NE_THIC:128:133    0.000 0     110   26 tgctcct tgcggcactttg aggagca
>NE_THIC:128:133 
NE_THIC:128:133    0.000 0     110   26 tgctcctt gcggcacttt gaggagca
>NE_THIC:128:133 
NE_THIC:128:133    0.000 0     110   26 tgctccttg cggcactt tgaggagca
>NE_THIC:128:133 
NE_THIC:128:133    0.000 0     110   26 tgctccttgcg gcac tttgaggagca
>NE_THIC:128:133 
NE_THIC:128:133    0.000 0     111   24 gctcct tgcggcactttg aggagc
>NE_THIC:128:133 
NE_THIC:128:133    0.000 0     111   24 gctcctt gcggcacttt gaggagc
>NE_THIC:128:133 
NE_THIC:128:133    0.000 0     111   24 gctccttg cggcactt tgaggagc
>NE_THIC:128:133 
NE_THIC:128:133    0.000 0     111   24 gctccttgcg gcac tttgaggagc
>NE_THIC:128:133 
NE_THIC:128:133    0.000 0     112   22 ctcctt gcggcacttt gaggag
>NE_THIC:128:133 
NE_THIC:128:133    0.000 0     112   22 ctccttg cggcactt tgaggag
>NE_THIC:128:133 
NE_THIC:128:133    0.000 0     112   22 ctccttgcg gcac tttgaggag
>YP_THIB:135:140 
YP_THIB:135:140    0.000 0      95   46 actact accgcctcagatacctttgccacctttatgttca aggagt
>YP_THIB:135:140 
YP_THIB:135:140    0.000 0     111   30 atacct ttgccacctttatgttca aggagt
>YP_THIB:135:140 
YP_THIB:135:140    0.000 0     111   30 atacctt tgccacctttatgttc aaggagt
>YP_THIB:135:140 
YP_THIB:135:140    0.000 0     112   30 taccttt gccacctttatgttca aggagtg
>YP_THIB:135:140 
YP_THIB:135:140    0.000 0     112   28 tacctt tgccacctttatgttc aaggag
>YP_THIB:135:140 
YP_THIB:135:140    0.000 0     113   28 accttt gccacctttatgttca aggagt
>YP_THIB:135:140 
YP_THIB:135:140    0.000 0     121   21 caccttt atgttca aggagtg
>YP_THIB:135:140 
YP_THIB:135:140    0.000 0     121   19 cacctt tatgttc aaggag
>YP_THIB:135:140 
YP_THIB:135:140    0.000 0     122   19 accttt atgttca aggagt
>YP_THIB:135:140 
YP_THIB:135:140    0.000 0     124   16 ctttat gttc aaggag
>VC_THID:135:140 
VC_THID:135:140    0.000 0     107   37 ggagtttggg atcagttcctgttttca caggagcttt
>VC_THID:135:140 
VC_THID:135:140    0.000 0     117   28 atcagttcct gttttcac aggagctttt
>VC_THID:135:140 
VC_THID:135:140    0.000 0     117   28 atcagttcctg ttttca caggagctttt
>VC_THID:135:140 
VC_THID:135:140    0.000 0     117   28 atcagttcctgt tttc acaggagctttt
>VC_THID:135:140 
VC_THID:135:140    0.000 0     120   22 agttcct gttttcac aggagct
>VC_THID:135:140 
VC_THID:135:140    0.000 0     120   22 agttcctg ttttca caggagct
>VC_THID:135:140 
VC_THID:135:140    0.000 0     120   22 agttcctgt tttc acaggagct
>VC_THID:135:140 
VC_THID:135:140    0.000 0     121   20 gttcct gttttcac aggagc
>VC_THID:135:140 
VC_THID:135:140    0.000 0     121   20 gttcctg ttttca caggagc
>VC_THID:135:140 
VC_THID:135:140    0.000 0     121   20 gttcctgt tttc acaggagc
>VC_THID:135:140 
VC_THID:135:140    0.000 0     122   18 ttcctg ttttca caggag
>VC_THID:135:140 
VC_THID:135:140    0.000 0     122   18 ttcctgt tttc acaggag
>VC_THIB:149:154 
VC_THIB:149:154    0.000 0     123   31 ctccct caagcctgtgccgctcatt aaggag
>PA_THIC:140:145 
PA_THIC:140:145    0.000 0     118   29 ggttctcccg acaatcacc caggagagcc
>PA_THIC:140:145 
PA_THIC:140:145    0.000 0     119   27 gttctcccg acaatcacc caggagagc
>PA_THIC:140:145 
PA_THIC:140:145    0.000 0     120   25 ttctcccg acaatcacc caggagag
>PA_THIC:140:145 
PA_THIC:140:145    0.000 0     121   23 tctcccg acaatcacc caggaga
>PA_THIC:140:145 
PA_THIC:140:145    0.000 0     122   21 ctcccg acaatcacc caggag
>PP_THIC:156:161 
PP_THIC:156:161    0.000 0     105   58 ttctccgcgc gtttcaggttcaccccgacattccactgctaggaagcc gtcaggagag
>PP_THIC:156:161 
PP_THIC:156:161    0.000 0     105   58 ttctccgcgcg tttcaggttcaccccgacattccactgctaggaagc cgtcaggagag
>PP_THIC:156:161 
PP_THIC:156:161    0.000 0     106   56 tctccgcgcg tttcaggttcaccccgacattccactgctaggaagc cgtcaggaga
>PP_THIC:156:161 
PP_THIC:156:161    0.000 0     113   51 gcgtttcagg ttcaccccgacattccactgctaggaagccg tcaggagagc
>PP_THIC:156:161 
PP_THIC:156:161    0.000 0     113   51 gcgtttcaggt tcaccccgacattccactgctaggaagcc gtcaggagagc
>PP_THIC:156:161 
PP_THIC:156:161    0.000 0     114   49 cgtttcaggt tcaccccgacattccactgctaggaagcc gtcaggagag
>PP_THIC:156:161 
PP_THIC:156:161    0.000 0     116   45 tttcag gttcaccccgacattccactgctaggaagccgt caggag
>PP_THIC:156:161 
PP_THIC:156:161    0.000 0     116   45 tttcagg ttcaccccgacattccactgctaggaagccg tcaggag
>PP_THIC:156:161 
PP_THIC:156:161    0.000 0     116   45 tttcaggt tcaccccgacattccactgctaggaagcc gtcaggag
>EC_THIM:120:125 
EC_THIM:120:125    0.000 0     101   28 ttgcttct tcacgttatggc aggagcaa
>EC_THIM:120:125 
EC_THIM:120:125    0.000 0     101   28 ttgcttcttc acgttatg gcaggagcaa
>EC_THIM:120:125 
EC_THIM:120:125    0.000 0     102   26 tgcttct tcacgttatggc aggagca
>EC_THIM:120:125 
EC_THIM:120:125    0.000 0     102   26 tgcttcttc acgttatg gcaggagca
>EC_THIM:120:125 
EC_THIM:120:125    0.000 0     103   24 gcttct tcacgttatggc aggagc
>EC_THIM:120:125 
EC_THIM:120:125    0.000 0     103   24 gcttcttc acgttatg gcaggagc
>EC_THIM:120:125 
EC_THIM:120:125    0.000 0     104   22 cttcttc acgttatg gcaggag
>TY_THIM:116:121 
TY_THIM:116:121    0.000 0      90   35 ctgctcgtgt cccttcttcacgcgg gcaggagctg
>TY_THIM:116:121 
TY_THIM:116:121    0.000 0      90   35 ctgctcgtgtc ccttcttcacgcg ggcaggagctg
>TY_THIM:116:121 
TY_THIM:116:121    0.000 0      90   35 ctgctcgtgtcc cttcttcacgc gggcaggagctg
>TY_THIM:116:121 
TY_THIM:116:121    0.000 0      92   31 gctcgt gtcccttcttcacgcgggc aggagc
>TY_THIM:116:121 
TY_THIM:116:121    0.000 0      92   31 gctcgtg tcccttcttcacgcggg caggagc
>TY_THIM:116:121 
TY_THIM:116:121    0.000 0      92   31 gctcgtgt cccttcttcacgcgg gcaggagc
>TY_THIM:116:121 
TY_THIM:116:121    0.000 0      92   31 gctcgtgtc ccttcttcacgcg ggcaggagc
>TY_THIM:116:121 
TY_THIM:116:121    0.000 0      92   31 gctcgtgtcc cttcttcacgc gggcaggagc
>TY_THIM:116:121 
TY_THIM:116:121    0.000 0      92   31 gctcgtgtccct tcttcac gcgggcaggagc
>TY_THIM:116:121 
TY_THIM:116:121    0.000 0      93   29 ctcgtg tcccttcttcacgcggg caggag
>TY_THIM:116:121 
TY_THIM:116:121    0.000 0      93   29 ctcgtgt cccttcttcacgcgg gcaggag
>TY_THIM:116:121 
TY_THIM:116:121    0.000 0      93   29 ctcgtgtc ccttcttcacgcg ggcaggag
>TY_THIM:116:121 
TY_THIM:116:121    0.000 0      93   29 ctcgtgtcc cttcttcacgc gggcaggag
>TY_THIM:116:121 
TY_THIM:116:121    0.000 0      93   29 ctcgtgtccct tcttcac gcgggcaggag
>TY_THIM:116:121 
TY_THIM:116:121    0.000 0      98   25 gtccct tcttcacgcgggc aggagc
>TY_THIM:116:121 
TY_THIM:116:121    0.000 0      98   25 gtcccttctt cacgc gggcaggagc
>TY_THIM:116:121 
TY_THIM:116:121    0.000 0     102   20 cttcttc acgcgg gcaggag
