#RM scored
#RM descr h5 ss h3
#RM dfile sd5p_m.descr
>AU_THIB:138:143 
AU_THIB:138:143    0.000 0      84   57 cggcggaggg attagacggcttaaaggcaagcggctactccttctcg tcttttgagg
>AU_THIB:138:143 
AU_THIB:138:143    0.000 0      84   54 cggcggaggg attagacggcttaaaggcaagcggctactccttc tcgtcttttg
>AU_THIB:138:143 
AU_THIB:138:143    0.000 0      84   47 cggcggaggg attagacggcttaaaggcaagcggcta ctccttctcg
>AU_THIB:138:143 
AU_THIB:138:143    0.000 0      85   51 ggcggaggga ttagacggcttaaaggcaagcggctactcct tctcgtcttt
>AU_THIB:138:143 
AU_THIB:138:143    0.000 0      85   48 ggcggag ggattagacggcttaaaggcaagcggctactcct tctcgtc
>AU_THIB:138:143 
AU_THIB:138:143    0.000 0      85   48 ggcggagg gattagacggcttaaaggcaagcggctactcc ttctcgtc
>AU_THIB:138:143 
AU_THIB:138:143    0.000 0      85   48 ggcggaggg attagacggcttaaaggcaagcggctactc cttctcgtc
>AU_THIB:138:143 
AU_THIB:138:143    0.000 0      85   47 ggcggaggga ttagacggcttaaaggcaagcggctac tccttctcgt
>AU_THIB:138:143 
AU_THIB:138:143    0.000 0      85   43 ggcggag ggattagacggcttaaaggcaagcggcta ctccttc
>AU_THIB:138:143 
AU_THIB:138:143    0.000 0      86   46 gcggag ggattagacggcttaaaggcaagcggctactcct tctcgt
>AU_THIB:138:143 
AU_THIB:138:143    0.000 0      86   46 gcggagg gattagacggcttaaaggcaagcggctactcc ttctcgt
>AU_THIB:138:143 
AU_THIB:138:143    0.000 0      86   46 gcggaggg attagacggcttaaaggcaagcggctactc cttctcgt
>AU_THIB:138:143 
AU_THIB:138:143    0.000 0      86   44 gcggag ggattagacggcttaaaggcaagcggctactc cttctc
>AU_THIB:138:143 
AU_THIB:138:143    0.000 0      86   44 gcggagg gattagacggcttaaaggcaagcggctact ccttctc
>AU_THIB:138:143 
AU_THIB:138:143    0.000 0      86   44 gcggaggg attagacggcttaaaggcaagcggctac tccttctc
>AU_THIB:138:143 
AU_THIB:138:143    0.000 0      86   44 gcggagggat tagacggcttaaaggcaagcggct actccttctc
>AU_THIB:138:143 
AU_THIB:138:143    0.000 0      86   41 gcggag ggattagacggcttaaaggcaagcggcta ctcctt
>AU_THIB:138:143 
AU_THIB:138:143    0.000 0      87   51 cggagg gattagacggcttaaaggcaagcggctactccttctcgt cttttg
>AU_THIB:138:143 
AU_THIB:138:143    0.000 0      87   51 cggaggg attagacggcttaaaggcaagcggctactccttctcg tcttttg
>AU_THIB:138:143 
AU_THIB:138:143    0.000 0      87   44 cggagg gattagacggcttaaaggcaagcggctactcc ttctcg
>AU_THIB:138:143 
AU_THIB:138:143    0.000 0      87   44 cggaggg attagacggcttaaaggcaagcggctactc cttctcg
>AU_THIB:138:143 
AU_THIB:138:143    0.000 0      88   49 ggaggg attagacggcttaaaggcaagcggctactccttctcg tctttt
>AU_THIB:138:143 
AU_THIB:138:143    0.000 0      88   46 ggaggg attagacggcttaaaggcaagcggctactccttc tcgtct
>AU_THIB:138:143 
AU_THIB:138:143    0.000 0      88   45 ggaggg attagacggcttaaaggcaagcggctactcctt ctcgtc
>AU_THIB:138:143 
AU_THIB:138:143    0.000 0      88   45 ggaggga ttagacggcttaaaggcaagcggctactcct tctcgtc
>AU_THIB:138:143 
AU_THIB:138:143    0.000 0      88   42 ggaggg attagacggcttaaaggcaagcggctactc cttctc
>AU_THIB:138:143 
AU_THIB:138:143    0.000 0      88   41 ggaggg attagacggcttaaaggcaagcggctact ccttct
>AU_THIB:138:143 
AU_THIB:138:143    0.000 0      88   41 ggaggga ttagacggcttaaaggcaagcggctac tccttct
>AU_THIB:138:143 
AU_THIB:138:143    0.000 0      88   41 ggagggatt agacggcttaaaggcaagcggct actccttct
>AU_THIB:138:143 
AU_THIB:138:143    0.000 0      88   41 ggagggatta gacggcttaaaggcaagcggc tactccttct
>AU_THIB:138:143 
AU_THIB:138:143    0.000 0      88   41 ggagggattag acggcttaaaggcaagcgg ctactccttct
>AU_THIB:138:143 
AU_THIB:138:143    0.000 0      88   41 ggagggattagac ggcttaaaggcaagc ggctactccttct
>AU_THIB:138:143 
AU_THIB:138:143    0.000 0      88   41 ggagggattagacg gcttaaaggcaag cggctactccttct
>AU_THIB:138:143 
AU_THIB:138:143    0.000 0      88   40 ggaggg attagacggcttaaaggcaagcggctac tccttc
>AU_THIB:138:143 
AU_THIB:138:143    0.000 0      88   40 ggagggat tagacggcttaaaggcaagcggct actccttc
>AU_THIB:138:143 
AU_THIB:138:143    0.000 0      88   39 ggaggg attagacggcttaaaggcaagcggcta ctcctt
>AU_THIB:138:143 
AU_THIB:138:143    0.000 0      88   37 ggaggg attagacggcttaaaggcaagcggc tactcc
>AU_THIB:138:143 
AU_THIB:138:143    0.000 0     137   29 gaggag atacccgtgcgccgtcg tctttt
>AU_THIB:138:143 
AU_THIB:138:143    0.000 0     137   27 gaggag atacccgtgcgccgt cgtctt
>AU_THIB:138:143 
AU_THIB:138:143    0.000 0     137   27 gaggaga tacccgtgcgccg tcgtctt
>AU_THIB:138:143 
AU_THIB:138:143    0.000 0     137   27 gaggagat acccgtgcgcc gtcgtctt
>AU_THIB:138:143 
AU_THIB:138:143    0.000 0     138   28 aggaga tacccgtgcgccgtcg tctttt
>AU_THIB:138:143 
AU_THIB:138:143    0.000 0     138   28 aggagat acccgtgcgccgtc gtctttt
>AU_THIB:138:143 
AU_THIB:138:143    0.000 0     138   28 aggagatacc cgtgcgcc gtcgtctttt
>AU_THIB:138:143 
AU_THIB:138:143    0.000 0     138   25 aggaga tacccgtgcgccg tcgtct
>AU_THIB:138:143 
AU_THIB:138:143    0.000 0     138   25 aggagat acccgtgcgcc gtcgtct
>AU_THIB:138:143 
AU_THIB:138:143    0.000 0     139   26 ggagat acccgtgcgccgtc gtcttt
>AU_THIB:138:143 
AU_THIB:138:143    0.000 0     139   23 ggagat acccgtgcgcc gtcgtc
>SM_THIB:142:146 
SM_THIB:142:146    0.000 0      77   51 cggcggaggg attagaagcgatcggaccgatacgcgctttt cccattgcag
>SM_THIB:142:146 
SM_THIB:142:146    0.000 0      77   51 cggcggaggga ttagaagcgatcggaccgatacgcgcttt tcccattgcag
>SM_THIB:142:146 
SM_THIB:142:146    0.000 0      77   48 cggcggaggg attagaagcgatcggaccgatacgcgct tttcccattg
>SM_THIB:142:146 
SM_THIB:142:146    0.000 0      77   48 cggcggaggga ttagaagcgatcggaccgatacgcgc ttttcccattg
>SM_THIB:142:146 
SM_THIB:142:146    0.000 0      78   46 ggcggaggga ttagaagcgatcggaccgatacgcgc ttttcccatt
>SM_THIB:142:146 
SM_THIB:142:146    0.000 0      78   43 ggcggag ggattagaagcgatcggaccgatacgcgc ttttccc
>SM_THIB:142:146 
SM_THIB:142:146    0.000 0      78   43 ggcggagg gattagaagcgatcggaccgatacgcg cttttccc
>SM_THIB:142:146 
SM_THIB:142:146    0.000 0      78   42 ggcggag ggattagaagcgatcggaccgatacgcg cttttcc
>SM_THIB:142:146 
SM_THIB:142:146    0.000 0      79   47 gcggag ggattagaagcgatcggaccgatacgcgcttttcc cattgc
>SM_THIB:142:146 
SM_THIB:142:146    0.000 0      79   47 gcggagg gattagaagcgatcggaccgatacgcgcttttc ccattgc
>SM_THIB:142:146 
SM_THIB:142:146    0.000 0      79   47 gcggaggg attagaagcgatcggaccgatacgcgctttt cccattgc
>SM_THIB:142:146 
SM_THIB:142:146    0.000 0      79   47 gcggaggga ttagaagcgatcggaccgatacgcgcttt tcccattgc
>SM_THIB:142:146 
SM_THIB:142:146    0.000 0      79   42 gcggag ggattagaagcgatcggaccgatacgcgct tttccc
>SM_THIB:142:146 
SM_THIB:142:146    0.000 0      79   42 gcggagg gattagaagcgatcggaccgatacgcgc ttttccc
>SM_THIB:142:146 
SM_THIB:142:146    0.000 0      79   42 gcggaggg attagaagcgatcggaccgatacgcg cttttccc
>SM_THIB:142:146 
SM_THIB:142:146    0.000 0      79   41 gcggag ggattagaagcgatcggaccgatacgcgc ttttcc
>SM_THIB:142:146 
SM_THIB:142:146    0.000 0      79   41 gcggagg gattagaagcgatcggaccgatacgcg cttttcc
>SM_THIB:142:146 
SM_THIB:142:146    0.000 0      79   40 gcggag ggattagaagcgatcggaccgatacgcg cttttc
>SM_THIB:142:146 
SM_THIB:142:146    0.000 0      80   45 cggagg gattagaagcgatcggaccgatacgcgcttttc ccattg
>SM_THIB:142:146 
SM_THIB:142:146    0.000 0      80   45 cggaggg attagaagcgatcggaccgatacgcgctttt cccattg
>SM_THIB:142:146 
SM_THIB:142:146    0.000 0      80   45 cggaggga ttagaagcgatcggaccgatacgcgcttt tcccattg
>SM_THIB:142:146 
SM_THIB:142:146    0.000 0      81   43 ggaggg attagaagcgatcggaccgatacgcgctttt cccatt
>SM_THIB:142:146 
SM_THIB:142:146    0.000 0      81   43 ggaggga ttagaagcgatcggaccgatacgcgcttt tcccatt
>SM_THIB:142:146 
SM_THIB:142:146    0.000 0      81   40 ggaggg attagaagcgatcggaccgatacgcgct tttccc
>SM_THIB:142:146 
SM_THIB:142:146    0.000 0      81   40 ggaggga ttagaagcgatcggaccgatacgcgc ttttccc
>SM_THIB:142:146 
SM_THIB:142:146    0.000 0      81   39 ggaggg attagaagcgatcggaccgatacgcgc ttttcc
>SM_THIB:142:146 
SM_THIB:142:146    0.000 0      81   39 ggagggat tagaagcgatcggaccgatacgc gcttttcc
>SM_THIB:142:146 
SM_THIB:142:146    0.000 0      81   38 ggaggg attagaagcgatcggaccgatacgcg cttttc
>SM_THIB:142:146 
SM_THIB:142:146    0.000 0      81   36 ggaggg attagaagcgatcggaccgatacg cgcttt
>RPA_THIO:137:141 
RPA_THIO:137:141    0.000 0      24   39 cgaggag ctgagataccgcacgaccgcggtga ccctttg
>RPA_THIO:137:141 
RPA_THIO:137:141    0.000 0      24   39 cgaggagctg agataccgcacgaccgcgg tgaccctttg
>RPA_THIO:137:141 
RPA_THIO:137:141    0.000 0      25   37 gaggag ctgagataccgcacgaccgcggtga cccttt
>BME_THIB:136:142 
BME_THIB:136:142    0.000 0      83   43 cggagg gattagacgctcgatgaacggcgctcgatcc tcttgg
>BME_THIB:136:142 
BME_THIB:136:142    0.000 0      83   43 cggaggg attagacgctcgatgaacggcgctcgatc ctcttgg
>BME_THIB:136:142 
BME_THIB:136:142    0.000 0      83   42 cggagg gattagacgctcgatgaacggcgctcgatc ctcttg
>BME_THIB:136:142 
BME_THIB:136:142    0.000 0      83   42 cggaggg attagacgctcgatgaacggcgctcgat cctcttg
>BME_THIB:136:142 
BME_THIB:136:142    0.000 0      83   42 cggaggga ttagacgctcgatgaacggcgctcga tcctcttg
>BME_THIB:136:142 
BME_THIB:136:142    0.000 0      83   42 cggagggat tagacgctcgatgaacggcgctcg atcctcttg
>BME_THIB:136:142 
BME_THIB:136:142    0.000 0      83   42 cggagggatt agacgctcgatgaacggcgctc gatcctcttg
>BME_THIB:136:142 
BME_THIB:136:142    0.000 0      83   42 cggagggattag acgctcgatgaacggcgc tcgatcctcttg
>BME_THIB:136:142 
BME_THIB:136:142    0.000 0      83   42 cggagggattagacg ctcgatgaacgg cgctcgatcctcttg
>BME_THIB:136:142 
BME_THIB:136:142    0.000 0      83   42 cggagggattagacgc tcgatgaacg gcgctcgatcctcttg
>BME_THIB:136:142 
BME_THIB:136:142    0.000 0      83   42 cggagggattagacgct cgatgaac ggcgctcgatcctcttg
>BME_THIB:136:142 
BME_THIB:136:142    0.000 0      84   40 ggaggg attagacgctcgatgaacggcgctcgat cctctt
>BME_THIB:136:142 
BME_THIB:136:142    0.000 0      84   40 ggaggga ttagacgctcgatgaacggcgctcga tcctctt
>BME_THIB:136:142 
BME_THIB:136:142    0.000 0      84   40 ggagggat tagacgctcgatgaacggcgctcg atcctctt
>BME_THIB:136:142 
BME_THIB:136:142    0.000 0      84   40 ggagggatt agacgctcgatgaacggcgctc gatcctctt
>BME_THIB:136:142 
BME_THIB:136:142    0.000 0      84   40 ggagggattag acgctcgatgaacggcgc tcgatcctctt
>BME_THIB:136:142 
BME_THIB:136:142    0.000 0      84   40 ggagggattagacgc tcgatgaacg gcgctcgatcctctt
>BME_THIB:136:142 
BME_THIB:136:142    0.000 0      84   40 ggagggattagacgct cgatgaac ggcgctcgatcctctt
>BME_THIB:136:142 
BME_THIB:136:142    0.000 0      84   39 ggaggg attagacgctcgatgaacggcgctcga tcctct
>BME_THIB:136:142 
BME_THIB:136:142    0.000 0      84   39 ggagggat tagacgctcgatgaacggcgctc gatcctct
>BME_THIB:136:142 
BME_THIB:136:142    0.000 0      84   39 ggagggatta gacgctcgatgaacggcgc tcgatcctct
>BME_THIB:136:142 
BME_THIB:136:142    0.000 0      84   39 ggagggattag acgctcgatgaacggcg ctcgatcctct
>BME_THID:150:154 
BME_THID:150:154    0.000 0      86   55 gggaacggag tttggcgcgtcgtgctccatcaaggttcatgacgt ctcattttcc
>BME_THID:150:154 
BME_THID:150:154    0.000 0      86   54 gggaacggag tttggcgcgtcgtgctccatcaaggttcatgacg tctcattttc
>BME_THID:150:154 
BME_THID:150:154    0.000 0      86   54 gggaacggagt ttggcgcgtcgtgctccatcaaggttcatgac gtctcattttc
>BME_THID:150:154 
BME_THID:150:154    0.000 0      86   27 gggaacggag tttggcg cgtcgtgctc
>BME_THID:150:154 
BME_THID:150:154    0.000 0      86   27 gggaacggagt ttggc gcgtcgtgctc
>BME_THID:150:154 
BME_THID:150:154    0.000 0      87   52 ggaacggagt ttggcgcgtcgtgctccatcaaggttcatgac gtctcatttt
>BME_THID:150:154 
BME_THID:150:154    0.000 0      87   25 ggaacggagt ttggc gcgtcgtgct
>BME_THID:150:154 
BME_THID:150:154    0.000 0      88   57 gaacggagttt ggcgcgtcgtgctccatcaaggttcatgacgtctc attttccgttc
>BME_THID:150:154 
BME_THID:150:154    0.000 0      88   57 gaacggagtttg gcgcgtcgtgctccatcaaggttcatgacgtct cattttccgttc
>BME_THID:150:154 
BME_THID:150:154    0.000 0      88   57 gaacggagtttgg cgcgtcgtgctccatcaaggttcatgacgtc tcattttccgttc
>BME_THID:150:154 
BME_THID:150:154    0.000 0      88   57 gaacggagtttggcg cgtcgtgctccatcaaggttcatgacg tctcattttccgttc
>BME_THID:150:154 
BME_THID:150:154    0.000 0      88   57 gaacggagtttggcgc gtcgtgctccatcaaggttcatgac gtctcattttccgttc
>BME_THID:150:154 
BME_THID:150:154    0.000 0      88   57 gaacggagtttggcgcg tcgtgctccatcaaggttcatga cgtctcattttccgttc
>BME_THID:150:154 
BME_THID:150:154    0.000 0      88   57 gaacggagtttggcgcgt cgtgctccatcaaggttcatg acgtctcattttccgttc
>BME_THID:150:154 
BME_THID:150:154    0.000 0      88   57 gaacggagtttggcgcgtc gtgctccatcaaggttcat gacgtctcattttccgttc
>BME_THID:150:154 
BME_THID:150:154    0.000 0      88   57 gaacggagtttggcgcgtcg tgctccatcaaggttca tgacgtctcattttccgttc
>BME_THID:150:154 
BME_THID:150:154    0.000 0      88   57 gaacggagtttggcgcgtcgt gctccatcaaggttc atgacgtctcattttccgttc
>BME_THID:150:154 
BME_THID:150:154    0.000 0      88   57 gaacggagtttggcgcgtcgtg ctccatcaaggtt catgacgtctcattttccgttc
>BME_THID:150:154 
BME_THID:150:154    0.000 0      88   57 gaacggagtttggcgcgtcgtgctc catcaag gttcatgacgtctcattttccgttc
>BME_THID:150:154 
BME_THID:150:154    0.000 0      88   57 gaacggagtttggcgcgtcgtgctcc atcaa ggttcatgacgtctcattttccgttc
>BME_THID:150:154 
BME_THID:150:154    0.000 0      89   55 aacggagttt ggcgcgtcgtgctccatcaaggttcatgacgtctc attttccgtt
>BME_THID:150:154 
BME_THID:150:154    0.000 0      89   55 aacggagtttg gcgcgtcgtgctccatcaaggttcatgacgtct cattttccgtt
>BME_THID:150:154 
BME_THID:150:154    0.000 0      89   55 aacggagtttgg cgcgtcgtgctccatcaaggttcatgacgtc tcattttccgtt
>BME_THID:150:154 
BME_THID:150:154    0.000 0      89   55 aacggagtttggcgc gtcgtgctccatcaaggttcatgac gtctcattttccgtt
>BME_THID:150:154 
BME_THID:150:154    0.000 0      89   55 aacggagtttggcgcg tcgtgctccatcaaggttcatga cgtctcattttccgtt
>BME_THID:150:154 
BME_THID:150:154    0.000 0      89   55 aacggagtttggcgcgt cgtgctccatcaaggttcatg acgtctcattttccgtt
>BME_THID:150:154 
BME_THID:150:154    0.000 0      89   55 aacggagtttggcgcgtc gtgctccatcaaggttcat gacgtctcattttccgtt
>BME_THID:150:154 
BME_THID:150:154    0.000 0      89   55 aacggagtttggcgcgtcg tgctccatcaaggttca tgacgtctcattttccgtt
>BME_THID:150:154 
BME_THID:150:154    0.000 0      89   55 aacggagtttggcgcgtcgt gctccatcaaggttc atgacgtctcattttccgtt
>BME_THID:150:154 
BME_THID:150:154    0.000 0      89   55 aacggagtttggcgcgtcgtg ctccatcaaggtt catgacgtctcattttccgtt
>BME_THID:150:154 
BME_THID:150:154    0.000 0      89   55 aacggagtttggcgcgtcgtgctcc atcaa ggttcatgacgtctcattttccgtt
>BME_THID:150:154 
BME_THID:150:154    0.000 0      90   53 acggagtttg gcgcgtcgtgctccatcaaggttcatgacgtct cattttccgt
>BME_THID:150:154 
BME_THID:150:154    0.000 0      90   53 acggagtttgg cgcgtcgtgctccatcaaggttcatgacgtc tcattttccgt
>BME_THID:150:154 
BME_THID:150:154    0.000 0      90   53 acggagtttggcgcg tcgtgctccatcaaggttcatga cgtctcattttccgt
>BME_THID:150:154 
BME_THID:150:154    0.000 0      90   53 acggagtttggcgcgt cgtgctccatcaaggttcatg acgtctcattttccgt
>BME_THID:150:154 
BME_THID:150:154    0.000 0      90   53 acggagtttggcgcgtc gtgctccatcaaggttcat gacgtctcattttccgt
>BME_THID:150:154 
BME_THID:150:154    0.000 0      90   53 acggagtttggcgcgtcg tgctccatcaaggttca tgacgtctcattttccgt
>BME_THID:150:154 
BME_THID:150:154    0.000 0      90   53 acggagtttggcgcgtcgt gctccatcaaggttc atgacgtctcattttccgt
>BME_THID:150:154 
BME_THID:150:154    0.000 0      90   53 acggagtttggcgcgtcgtg ctccatcaaggtt catgacgtctcattttccgt
>BME_THID:150:154 
BME_THID:150:154    0.000 0      90   36 acggagtttg gcgcgtcgtgctccat caaggttcat
>BME_THID:150:154 
BME_THID:150:154    0.000 0      90   36 acggagtttgg cgcgtcgtgctcca tcaaggttcat
>BME_THID:150:154 
BME_THID:150:154    0.000 0      90   26 acggag tttggcgcgtcgtg ctccat
>BME_THID:150:154 
BME_THID:150:154    0.000 0      90   26 acggagt ttggcgcgtcgt gctccat
>BME_THID:150:154 
BME_THID:150:154    0.000 0      90   26 acggagtttg gcgcgt cgtgctccat
>BME_THID:150:154 
BME_THID:150:154    0.000 0      90   26 acggagtttgg cgcg tcgtgctccat
>BME_THID:150:154 
BME_THID:150:154    0.000 0      90   19 acggag tttggcg cgtcgt
>BME_THID:150:154 
BME_THID:150:154    0.000 0      90   19 acggagt ttggc gcgtcgt
>BME_THID:150:154 
BME_THID:150:154    0.000 0      91   51 cggagtttgg cgcgtcgtgctccatcaaggttcatgacgtc tcattttccg
>BME_THID:150:154 
BME_THID:150:154    0.000 0      91   51 cggagtttggcgcgt cgtgctccatcaaggttcatg acgtctcattttccg
>BME_THID:150:154 
BME_THID:150:154    0.000 0      91   51 cggagtttggcgcgtc gtgctccatcaaggttcat gacgtctcattttccg
>BME_THID:150:154 
BME_THID:150:154    0.000 0      91   51 cggagtttggcgcgtcg tgctccatcaaggttca tgacgtctcattttccg
>BME_THID:150:154 
BME_THID:150:154    0.000 0      91   51 cggagtttggcgcgtcgt gctccatcaaggttc atgacgtctcattttccg
>BME_THID:150:154 
BME_THID:150:154    0.000 0      91   51 cggagtttggcgcgtcgtg ctccatcaaggtt catgacgtctcattttccg
>BME_THID:150:154 
BME_THID:150:154    0.000 0      91   17 cggagt ttggc gcgtcg
>BME_THID:150:154 
BME_THID:150:154    0.000 0      92   49 ggagtttggcgcgtc gtgctccatcaaggttcat gacgtctcattttcc
>BME_THID:150:154 
BME_THID:150:154    0.000 0      92   49 ggagtttggcgcgtcg tgctccatcaaggttca tgacgtctcattttcc
>BME_THID:150:154 
BME_THID:150:154    0.000 0      92   49 ggagtttggcgcgtcgt gctccatcaaggttc atgacgtctcattttcc
>BME_THID:150:154 
BME_THID:150:154    0.000 0      92   49 ggagtttggcgcgtcgtg ctccatcaaggtt catgacgtctcattttcc
>BME_THID:150:154 
BME_THID:150:154    0.000 0      92   48 ggagtt tggcgcgtcgtgctccatcaaggttcatgacgtctc attttc
>BME_THID:150:154 
BME_THID:150:154    0.000 0      92   47 ggagtttggc gcgtcgtgctccatcaaggttcatgac gtctcatttt
>BME_THID:150:154 
BME_THID:150:154    0.000 0      92   47 ggagtttggcg cgtcgtgctccatcaaggttcatga cgtctcatttt
>BME_THID:150:154 
BME_THID:150:154    0.000 0      92   40 ggagtt tggcgcgtcgtgctccatcaaggttcat gacgtc
>BME_THID:150:154 
BME_THID:150:154    0.000 0      92   32 ggagtt tggcgcgtcgtgctccatca aggttc
>BME_THID:150:154 
BME_THID:150:154    0.000 0      92   32 ggagttt ggcgcgtcgtgctccatc aaggttc
>BME_THID:150:154 
BME_THID:150:154    0.000 0      92   32 ggagtttg gcgcgtcgtgctccat caaggttc
>BME_THID:150:154 
BME_THID:150:154    0.000 0      92   32 ggagtttgg cgcgtcgtgctcca tcaaggttc
>BME_THID:150:154 
BME_THID:150:154    0.000 0      92   32 ggagtttggcg cgtcgtgctc catcaaggttc
>BME_THID:150:154 
BME_THID:150:154    0.000 0      92   22 ggagttt ggcgcgtc gtgctcc
>BME_THID:150:154 
BME_THID:150:154    0.000 0      92   22 ggagtttg gcgcgt cgtgctcc
>BME_THID:150:154 
BME_THID:150:154    0.000 0      92   22 ggagtttgg cgcg tcgtgctcc
>RS_THIM:131:136 
RS_THIM:131:136    0.000 0       1   33 ccggag tgacaggggcgtccgggacct tcccgg
>RS_THIM:131:136 
RS_THIM:131:136    0.000 0       1   32 ccggag tgacaggggcgtccgggacc ttcccg
>RS_THIM:131:136 
RS_THIM:131:136    0.000 0       2   50 cggagtg acaggggcgtccgggaccttcccgggctgagaagca ccctttg
>RS_THIM:131:136 
RS_THIM:131:136    0.000 0       3   48 ggagtg acaggggcgtccgggaccttcccgggctgagaagca cccttt
>RS_THIM:131:136 
RS_THIM:131:136    0.000 0       3   46 ggagtg acaggggcgtccgggaccttcccgggctgagaag caccct
>RS_THIM:131:136 
RS_THIM:131:136    0.000 0       3   28 ggagtg acaggggcgtccggga ccttcc
>RS_THIM:131:136 
RS_THIM:131:136    0.000 0      68   62 tgctggcggag gaagtcgcgatgctgcaggtcttgaatgcatttcgcctcc ctccgtcacgg
>RS_THIM:131:136 
RS_THIM:131:136    0.000 0      68   62 tgctggcggagg aagtcgcgatgctgcaggtcttgaatgcatttcgcctc cctccgtcacgg
>RS_THIM:131:136 
RS_THIM:131:136    0.000 0      68   62 tgctggcggaggaag tcgcgatgctgcaggtcttgaatgcatttcgc ctccctccgtcacgg
>RS_THIM:131:136 
RS_THIM:131:136    0.000 0      69   56 gctggcggag gaagtcgcgatgctgcaggtcttgaatgcatttcgc ctccctccgt
>RS_THIM:131:136 
RS_THIM:131:136    0.000 0      69   56 gctggcggagg aagtcgcgatgctgcaggtcttgaatgcatttcg cctccctccgt
>RS_THIM:131:136 
RS_THIM:131:136    0.000 0      69   50 gctggcggag gaagtcgcgatgctgcaggtcttgaatgca tttcgcctcc
>RS_THIM:131:136 
RS_THIM:131:136    0.000 0      69   30 gctggcggag gaagtcgcga tgctgcaggt
>RS_THIM:131:136 
RS_THIM:131:136    0.000 0      70   54 ctggcggagg aagtcgcgatgctgcaggtcttgaatgcatttcg cctccctccg
>RS_THIM:131:136 
RS_THIM:131:136    0.000 0      71   56 tggcggag gaagtcgcgatgctgcaggtcttgaatgcatttcgcctcc ctccgtca
>RS_THIM:131:136 
RS_THIM:131:136    0.000 0      71   56 tggcggagg aagtcgcgatgctgcaggtcttgaatgcatttcgcctc cctccgtca
>RS_THIM:131:136 
RS_THIM:131:136    0.000 0      71   56 tggcggaggaa gtcgcgatgctgcaggtcttgaatgcatttcgcc tccctccgtca
>RS_THIM:131:136 
RS_THIM:131:136    0.000 0      71   56 tggcggaggaag tcgcgatgctgcaggtcttgaatgcatttcgc ctccctccgtca
>RS_THIM:131:136 
RS_THIM:131:136    0.000 0      71   56 tggcggaggaagtc gcgatgctgcaggtcttgaatgcatttc gcctccctccgtca
>RS_THIM:131:136 
RS_THIM:131:136    0.000 0      71   56 tggcggaggaagtcg cgatgctgcaggtcttgaatgcattt cgcctccctccgtca
>RS_THIM:131:136 
RS_THIM:131:136    0.000 0      71   56 tggcggaggaagtcgcg atgctgcaggtcttgaatgcat ttcgcctccctccgtca
>RS_THIM:131:136 
RS_THIM:131:136    0.000 0      71   56 tggcggaggaagtcgcga tgctgcaggtcttgaatgca tttcgcctccctccgtca
>RS_THIM:131:136 
RS_THIM:131:136    0.000 0      71   56 tggcggaggaagtcgcgat gctgcaggtcttgaatgc atttcgcctccctccgtca
>RS_THIM:131:136 
RS_THIM:131:136    0.000 0      71   56 tggcggaggaagtcgcgatg ctgcaggtcttgaatg catttcgcctccctccgtca
>RS_THIM:131:136 
RS_THIM:131:136    0.000 0      71   56 tggcggaggaagtcgcgatgc tgcaggtcttgaat gcatttcgcctccctccgtca
>RS_THIM:131:136 
RS_THIM:131:136    0.000 0      72   54 ggcggag gaagtcgcgatgctgcaggtcttgaatgcatttcgcctcc ctccgtc
>RS_THIM:131:136 
RS_THIM:131:136    0.000 0      72   54 ggcggagg aagtcgcgatgctgcaggtcttgaatgcatttcgcctc cctccgtc
>RS_THIM:131:136 
RS_THIM:131:136    0.000 0      72   54 ggcggaggaa gtcgcgatgctgcaggtcttgaatgcatttcgcc tccctccgtc
>RS_THIM:131:136 
RS_THIM:131:136    0.000 0      72   54 ggcggaggaag tcgcgatgctgcaggtcttgaatgcatttcgc ctccctccgtc
>RS_THIM:131:136 
RS_THIM:131:136    0.000 0      72   54 ggcggaggaagtc gcgatgctgcaggtcttgaatgcatttc gcctccctccgtc
>RS_THIM:131:136 
RS_THIM:131:136    0.000 0      72   54 ggcggaggaagtcg cgatgctgcaggtcttgaatgcattt cgcctccctccgtc
>RS_THIM:131:136 
RS_THIM:131:136    0.000 0      72   54 ggcggaggaagtcgcg atgctgcaggtcttgaatgcat ttcgcctccctccgtc
>RS_THIM:131:136 
RS_THIM:131:136    0.000 0      72   54 ggcggaggaagtcgcga tgctgcaggtcttgaatgca tttcgcctccctccgtc
>RS_THIM:131:136 
RS_THIM:131:136    0.000 0      72   54 ggcggaggaagtcgcgat gctgcaggtcttgaatgc atttcgcctccctccgtc
>RS_THIM:131:136 
RS_THIM:131:136    0.000 0      72   54 ggcggaggaagtcgcgatg ctgcaggtcttgaatg catttcgcctccctccgtc
>RS_THIM:131:136 
RS_THIM:131:136    0.000 0      72   54 ggcggaggaagtcgcgatgc tgcaggtcttgaat gcatttcgcctccctccgtc
>RS_THIM:131:136 
RS_THIM:131:136    0.000 0      72   50 ggcggag gaagtcgcgatgctgcaggtcttgaatgcatttcgc ctccctc
>RS_THIM:131:136 
RS_THIM:131:136    0.000 0      72   50 ggcggagg aagtcgcgatgctgcaggtcttgaatgcatttcg cctccctc
>RS_THIM:131:136 
RS_THIM:131:136    0.000 0      72   47 ggcggaggaa gtcgcgatgctgcaggtcttgaatgca tttcgcctcc
>RS_THIM:131:136 
RS_THIM:131:136    0.000 0      72   44 ggcggag gaagtcgcgatgctgcaggtcttgaatgca tttcgcc
>RS_THIM:131:136 
RS_THIM:131:136    0.000 0      73   52 gcggag gaagtcgcgatgctgcaggtcttgaatgcatttcgcctcc ctccgt
>RS_THIM:131:136 
RS_THIM:131:136    0.000 0      73   52 gcggagg aagtcgcgatgctgcaggtcttgaatgcatttcgcctc cctccgt
>RS_THIM:131:136 
RS_THIM:131:136    0.000 0      73   52 gcggaggaa gtcgcgatgctgcaggtcttgaatgcatttcgcc tccctccgt
>RS_THIM:131:136 
RS_THIM:131:136    0.000 0      73   52 gcggaggaag tcgcgatgctgcaggtcttgaatgcatttcgc ctccctccgt
>RS_THIM:131:136 
RS_THIM:131:136    0.000 0      73   52 gcggaggaagtc gcgatgctgcaggtcttgaatgcatttc gcctccctccgt
>RS_THIM:131:136 
RS_THIM:131:136    0.000 0      73   52 gcggaggaagtcg cgatgctgcaggtcttgaatgcattt cgcctccctccgt
>RS_THIM:131:136 
RS_THIM:131:136    0.000 0      73   52 gcggaggaagtcgcg atgctgcaggtcttgaatgcat ttcgcctccctccgt
>RS_THIM:131:136 
RS_THIM:131:136    0.000 0      73   52 gcggaggaagtcgcga tgctgcaggtcttgaatgca tttcgcctccctccgt
>RS_THIM:131:136 
RS_THIM:131:136    0.000 0      73   52 gcggaggaagtcgcgat gctgcaggtcttgaatgc atttcgcctccctccgt
>RS_THIM:131:136 
RS_THIM:131:136    0.000 0      73   52 gcggaggaagtcgcgatg ctgcaggtcttgaatg catttcgcctccctccgt
>RS_THIM:131:136 
RS_THIM:131:136    0.000 0      73   52 gcggaggaagtcgcgatgc tgcaggtcttgaat gcatttcgcctccctccgt
>RS_THIM:131:136 
RS_THIM:131:136    0.000 0      73   48 gcggag gaagtcgcgatgctgcaggtcttgaatgcatttcgc ctccct
>RS_THIM:131:136 
RS_THIM:131:136    0.000 0      73   48 gcggagg aagtcgcgatgctgcaggtcttgaatgcatttcg cctccct
>RS_THIM:131:136 
RS_THIM:131:136    0.000 0      73   42 gcggag gaagtcgcgatgctgcaggtcttgaatgca tttcgc
>RS_THIM:131:136 
RS_THIM:131:136    0.000 0      73   22 gcggag gaagtcgcga tgctgc
>RS_THIM:131:136 
RS_THIM:131:136    0.000 0      74   50 cggagg aagtcgcgatgctgcaggtcttgaatgcatttcgcctc cctccg
>RS_THIM:131:136 
RS_THIM:131:136    0.000 0      74   50 cggaggaa gtcgcgatgctgcaggtcttgaatgcatttcgcc tccctccg
>RS_THIM:131:136 
RS_THIM:131:136    0.000 0      74   50 cggaggaag tcgcgatgctgcaggtcttgaatgcatttcgc ctccctccg
>RS_THIM:131:136 
RS_THIM:131:136    0.000 0      74   50 cggaggaagtc gcgatgctgcaggtcttgaatgcatttc gcctccctccg
>RS_THIM:131:136 
RS_THIM:131:136    0.000 0      74   50 cggaggaagtcg cgatgctgcaggtcttgaatgcattt cgcctccctccg
>RS_THIM:131:136 
RS_THIM:131:136    0.000 0      74   50 cggaggaagtcgcga tgctgcaggtcttgaatgca tttcgcctccctccg
>RS_THIM:131:136 
RS_THIM:131:136    0.000 0      74   50 cggaggaagtcgcgat gctgcaggtcttgaatgc atttcgcctccctccg
>RS_THIM:131:136 
RS_THIM:131:136    0.000 0      74   50 cggaggaagtcgcgatg ctgcaggtcttgaatg catttcgcctccctccg
>RS_THIM:131:136 
RS_THIM:131:136    0.000 0      74   50 cggaggaagtcgcgatgc tgcaggtcttgaat gcatttcgcctccctccg
>RS_THIM:131:136 
RS_THIM:131:136    0.000 0      75   51 ggagga agtcgcgatgctgcaggtcttgaatgcatttcgcctccc tccgtc
>RS_THIM:131:136 
RS_THIM:131:136    0.000 0      75   48 ggaggaa gtcgcgatgctgcaggtcttgaatgcatttcgcc tccctcc
>RS_THIM:131:136 
RS_THIM:131:136    0.000 0      75   48 ggaggaag tcgcgatgctgcaggtcttgaatgcatttcgc ctccctcc
>RS_THIM:131:136 
RS_THIM:131:136    0.000 0      75   48 ggaggaagtc gcgatgctgcaggtcttgaatgcatttc gcctccctcc
>RS_THIM:131:136 
RS_THIM:131:136    0.000 0      75   48 ggaggaagtcg cgatgctgcaggtcttgaatgcattt cgcctccctcc
>RS_THIM:131:136 
RS_THIM:131:136    0.000 0      75   48 ggaggaagtcgcgat gctgcaggtcttgaatgc atttcgcctccctcc
>RS_THIM:131:136 
RS_THIM:131:136    0.000 0      75   48 ggaggaagtcgcgatg ctgcaggtcttgaatg catttcgcctccctcc
>RS_THIM:131:136 
RS_THIM:131:136    0.000 0      75   48 ggaggaagtcgcgatgc tgcaggtcttgaat gcatttcgcctccctcc
>RS_THIM:131:136 
RS_THIM:131:136    0.000 0      75   47 ggagga agtcgcgatgctgcaggtcttgaatgcatttcgcc tccctc
>RS_THIM:131:136 
RS_THIM:131:136    0.000 0      75   41 ggagga agtcgcgatgctgcaggtcttgaatgcat ttcgcc
>RS_THIM:131:136 
RS_THIM:131:136    0.000 0      75   41 ggaggaa gtcgcgatgctgcaggtcttgaatgca tttcgcc
>RS_THIB:123:128 
RS_THIB:123:128    0.000 0      73   48 cggcggaggg aaggtgcatggctcctcatcccgttccg ttccgcgtcg
>RS_THIB:123:128 
RS_THIB:123:128    0.000 0      74   39 ggcggag ggaaggtgcatggctcctcatcccg ttccgtt
>RS_THIB:123:128 
RS_THIB:123:128    0.000 0      74   39 ggcggaggg aaggtgcatggctcctcatcc cgttccgtt
>RS_THIB:123:128 
RS_THIB:123:128    0.000 0      74   34 ggcggag ggaaggtgcatggctcctca tcccgtt
>RS_THIB:123:128 
RS_THIB:123:128    0.000 0      74   34 ggcggaggga aggtgcatggctcc tcatcccgtt
>RS_THIB:123:128 
RS_THIB:123:128    0.000 0      75   42 gcggag ggaaggtgcatggctcctcatcccgttccg ttccgc
>RS_THIB:123:128 
RS_THIB:123:128    0.000 0      75   42 gcggaggg aaggtgcatggctcctcatcccgttc cgttccgc
>RS_THIB:123:128 
RS_THIB:123:128    0.000 0      75   42 gcggagggaa ggtgcatggctcctcatcccgt tccgttccgc
>RS_THIB:123:128 
RS_THIB:123:128    0.000 0      75   42 gcggagggaag gtgcatggctcctcatcccg ttccgttccgc
>RS_THIB:123:128 
RS_THIB:123:128    0.000 0      75   37 gcggag ggaaggtgcatggctcctcatcccg ttccgt
>RS_THIB:123:128 
RS_THIB:123:128    0.000 0      75   37 gcggaggg aaggtgcatggctcctcatcc cgttccgt
>RS_THIB:123:128 
RS_THIB:123:128    0.000 0      75   32 gcggag ggaaggtgcatggctcctca tcccgt
>RS_THIB:123:128 
RS_THIB:123:128    0.000 0      75   25 gcggag ggaaggtgcatgg ctcctc
>RS_THIB:123:128 
RS_THIB:123:128    0.000 0      76   40 cggaggg aaggtgcatggctcctcatcccgttc cgttccg
>RS_THIB:123:128 
RS_THIB:123:128    0.000 0      76   40 cggagggaag gtgcatggctcctcatcccg ttccgttccg
>RS_THIB:123:128 
RS_THIB:123:128    0.000 0      76   35 cggaggg aaggtgcatggctcctcatcc cgttccg
>RS_THIB:123:128 
RS_THIB:123:128    0.000 0      77   38 ggaggg aaggtgcatggctcctcatcccgttc cgttcc
>RS_THIB:123:128 
RS_THIB:123:128    0.000 0      77   37 ggaggg aaggtgcatggctcctcatcccgtt ccgttc
>RS_THIB:123:128 
RS_THIB:123:128    0.000 0      77   37 ggaggga aggtgcatggctcctcatcccgt tccgttc
>RS_THIB:123:128 
RS_THIB:123:128    0.000 0      77   37 ggagggaa ggtgcatggctcctcatcccg ttccgttc
>RS_THIB:123:128 
RS_THIB:123:128    0.000 0      77   37 ggagggaagg tgcatggctcctcatcc cgttccgttc
>RS_THIB:123:128 
RS_THIB:123:128    0.000 0      77   36 ggaggg aaggtgcatggctcctcatcccgt tccgtt
>RS_THIB:123:128 
RS_THIB:123:128    0.000 0      77   36 ggaggga aggtgcatggctcctcatcccg ttccgtt
>RS_THIB:123:128 
RS_THIB:123:128    0.000 0      77   36 ggagggaagg tgcatggctcctcatc ccgttccgtt
>RS_THIB:123:128 
RS_THIB:123:128    0.000 0      77   33 ggaggg aaggtgcatggctcctcatcc cgttcc
>RS_THIB:123:128 
RS_THIB:123:128    0.000 0      77   32 ggaggg aaggtgcatggctcctcatc ccgttc
>RS_THIB:123:128 
RS_THIB:123:128    0.000 0      77   31 ggaggg aaggtgcatggctcctcat cccgtt
>RS_THIB:123:128 
RS_THIB:123:128    0.000 0      77   31 ggaggga aggtgcatggctcctca tcccgtt
>RS_THIB:123:128 
RS_THIB:123:128    0.000 0      77   31 ggagggaagg tgcatggctcc tcatcccgtt
>RS_THIB:123:128 
RS_THIB:123:128    0.000 0      77   27 ggaggg aaggtgcatggctcc tcatcc
>RS_THIB:123:128 
RS_THIB:123:128    0.000 0      77   26 ggaggg aaggtgcatggctc ctcatc
>RS_THIB:123:128 
RS_THIB:123:128    0.000 0      77   23 ggaggg aaggtgcatgg ctcctc
>RS_THIB:123:128 
RS_THIB:123:128    0.000 0     125   21 ggaggat gagatga gacttcc
>CO_THIC:140:145 
CO_THIC:140:145    0.000 0      84   48 aagggag ggaacgcggacgacagcgtgcacgcacgtccggg tctcctt
>CO_THIC:140:145 
CO_THIC:140:145    0.000 0      85   47 agggag ggaacgcggacgacagcgtgcacgcacgtccgggt ctcctt
>CO_THIC:140:145 
CO_THIC:140:145    0.000 0      85   47 agggagg gaacgcggacgacagcgtgcacgcacgtccggg tctcctt
>CO_THIC:140:145 
CO_THIC:140:145    0.000 0      85   46 agggag ggaacgcggacgacagcgtgcacgcacgtccggg tctcct
>CO_THIC:140:145 
CO_THIC:140:145    0.000 0      86   46 gggagg gaacgcggacgacagcgtgcacgcacgtccgggt ctcctt
>CO_THIC:140:145 
CO_THIC:140:145    0.000 0      86   46 gggaggg aacgcggacgacagcgtgcacgcacgtccggg tctcctt
>CO_THIC:140:145 
CO_THIC:140:145    0.000 0      86   45 gggagg gaacgcggacgacagcgtgcacgcacgtccggg tctcct
>CO_THIC:140:145 
CO_THIC:140:145    0.000 0      87   45 ggaggg aacgcggacgacagcgtgcacgcacgtccgggt ctcctt
>CO_THIC:140:145 
CO_THIC:140:145    0.000 0      87   45 ggaggga acgcggacgacagcgtgcacgcacgtccggg tctcctt
>CO_THIC:140:145 
CO_THIC:140:145    0.000 0      87   44 ggaggg aacgcggacgacagcgtgcacgcacgtccggg tctcct
>BU_THIO:155:160 
BU_THIO:155:160    0.000 0     107   67 cattggagcgcgcat tgcccggccggcctcacccgccggtttcgtcctgggt acgtgcgtttttgtg
>BU_THIO:155:160 
BU_THIO:155:160    0.000 0     108   65 attggagcgcgcat tgcccggccggcctcacccgccggtttcgtcctgggt acgtgcgtttttgt
>BU_THIO:155:160 
BU_THIO:155:160    0.000 0     108   39 attggag cgcgcattgcccggccggcctcacc cgccggt
>BU_THIO:155:160 
BU_THIO:155:160    0.000 0     109   63 ttggagcgcgcat tgcccggccggcctcacccgccggtttcgtcctgggt acgtgcgtttttg
>BU_THIO:155:160 
BU_THIO:155:160    0.000 0     109   48 ttggag cgcgcattgcccggccggcctcacccgccggtttcg tcctgg
>BU_THIO:155:160 
BU_THIO:155:160    0.000 0     109   48 ttggagc gcgcattgcccggccggcctcacccgccggtttc gtcctgg
>BU_THIO:155:160 
BU_THIO:155:160    0.000 0     109   48 ttggagcg cgcattgcccggccggcctcacccgccggttt cgtcctgg
>BU_THIO:155:160 
BU_THIO:155:160    0.000 0     109   48 ttggagcgcg cattgcccggccggcctcacccgccggt ttcgtcctgg
>BU_THIO:155:160 
BU_THIO:155:160    0.000 0     109   37 ttggag cgcgcattgcccggccggcctcacc cgccgg
>BU_THIO:155:160 
BU_THIO:155:160    0.000 0     110   46 tggagc gcgcattgcccggccggcctcacccgccggtttc gtcctg
>BU_THIO:155:160 
BU_THIO:155:160    0.000 0     110   46 tggagcg cgcattgcccggccggcctcacccgccggttt cgtcctg
>BU_THIO:155:160 
BU_THIO:155:160    0.000 0     110   41 tggagc gcgcattgcccggccggcctcacccgccg gtttcg
>BU_THIO:155:160 
BU_THIO:155:160    0.000 0     110   41 tggagcgcgc attgcccggccggcctcaccc gccggtttcg
>BU_THIO:155:160 
BU_THIO:155:160    0.000 0     110   28 tggagc gcgcattgcccggccg gcctca
>BU_THIO:155:160 
BU_THIO:155:160    0.000 0     111   59 ggagcgcgcat tgcccggccggcctcacccgccggtttcgtcctgggt acgtgcgtttt
>BU_THIO:155:160 
BU_THIO:155:160    0.000 0     111   59 ggagcgcgcattgcc cggccggcctcacccgccggtttcgtcct gggtacgtgcgtttt
>BU_THIO:155:160 
BU_THIO:155:160    0.000 0     111   57 ggagcgcgca ttgcccggccggcctcacccgccggtttcgtcctggg tacgtgcgtt
>BU_THIO:155:160 
BU_THIO:155:160    0.000 0     111   57 ggagcgcgcat tgcccggccggcctcacccgccggtttcgtcctgg gtacgtgcgtt
>BU_THIO:155:160 
BU_THIO:155:160    0.000 0     111   57 ggagcgcgcatt gcccggccggcctcacccgccggtttcgtcctg ggtacgtgcgtt
>BU_THIO:155:160 
BU_THIO:155:160    0.000 0     111   44 ggagcg cgcattgcccggccggcctcacccgccggttt cgtcct
>BU_THIO:155:160 
BU_THIO:155:160    0.000 0     111   38 ggagcg cgcattgcccggccggcctcacccgc cggttt
>NE_THIC:128:133 
NE_THIC:128:133    0.000 0      79   44 gccgccggag ggaagccaggagtcactctcctgc tccttgcggc
>NE_THIC:128:133 
NE_THIC:128:133    0.000 0      79   44 gccgccggagg gaagccaggagtcactctcctg ctccttgcggc
>NE_THIC:128:133 
NE_THIC:128:133    0.000 0      80   42 ccgccggagg gaagccaggagtcactctcctg ctccttgcgg
>NE_THIC:128:133 
NE_THIC:128:133    0.000 0      82   41 gccggag ggaagccaggagtcactctcctgctcc ttgcggc
>NE_THIC:128:133 
NE_THIC:128:133    0.000 0      82   41 gccggagg gaagccaggagtcactctcctgctc cttgcggc
>NE_THIC:128:133 
NE_THIC:128:133    0.000 0      82   41 gccggaggg aagccaggagtcactctcctgct ccttgcggc
>NE_THIC:128:133 
NE_THIC:128:133    0.000 0      82   41 gccggaggga agccaggagtcactctcctgc tccttgcggc
>NE_THIC:128:133 
NE_THIC:128:133    0.000 0      82   31 gccggag ggaagccaggagtcact ctcctgc
>NE_THIC:128:133 
NE_THIC:128:133    0.000 0      82   31 gccggagg gaagccaggagtcac tctcctgc
>NE_THIC:128:133 
NE_THIC:128:133    0.000 0      82   31 gccggaggg aagccaggagtca ctctcctgc
>NE_THIC:128:133 
NE_THIC:128:133    0.000 0      83   39 ccggag ggaagccaggagtcactctcctgctcc ttgcgg
>NE_THIC:128:133 
NE_THIC:128:133    0.000 0      83   39 ccggagg gaagccaggagtcactctcctgctc cttgcgg
>NE_THIC:128:133 
NE_THIC:128:133    0.000 0      83   39 ccggaggg aagccaggagtcactctcctgct ccttgcgg
>NE_THIC:128:133 
NE_THIC:128:133    0.000 0      83   39 ccggaggga agccaggagtcactctcctgc tccttgcgg
>NE_THIC:128:133 
NE_THIC:128:133    0.000 0      83   29 ccggag ggaagccaggagtcact ctcctg
>NE_THIC:128:133 
NE_THIC:128:133    0.000 0      83   29 ccggagg gaagccaggagtcac tctcctg
>NE_THIC:128:133 
NE_THIC:128:133    0.000 0      83   29 ccggaggg aagccaggagtca ctctcctg
>NE_THIC:128:133 
NE_THIC:128:133    0.000 0      84   45 cggaggg aagccaggagtcactctcctgctccttgcgg cactttg
>NE_THIC:128:133 
NE_THIC:128:133    0.000 0      84   37 cggagg gaagccaggagtcactctcctgctc cttgcg
>NE_THIC:128:133 
NE_THIC:128:133    0.000 0      84   37 cggaggg aagccaggagtcactctcctgct ccttgcg
>NE_THIC:128:133 
NE_THIC:128:133    0.000 0      84   37 cggaggga agccaggagtcactctcctgc tccttgcg
>NE_THIC:128:133 
NE_THIC:128:133    0.000 0      84   35 cggagg gaagccaggagtcactctcctgc tccttg
>NE_THIC:128:133 
NE_THIC:128:133    0.000 0      84   35 cggaggg aagccaggagtcactctcctg ctccttg
>NE_THIC:128:133 
NE_THIC:128:133    0.000 0      84   35 cggagggaag ccaggagtcactctc ctgctccttg
>NE_THIC:128:133 
NE_THIC:128:133    0.000 0      84   28 cggagg gaagccaggagtcact ctcctg
>NE_THIC:128:133 
NE_THIC:128:133    0.000 0      84   28 cggaggg aagccaggagtcac tctcctg
>NE_THIC:128:133 
NE_THIC:128:133    0.000 0      85   43 ggaggg aagccaggagtcactctcctgctccttgcgg cacttt
>NE_THIC:128:133 
NE_THIC:128:133    0.000 0      85   35 ggaggg aagccaggagtcactctcctgct ccttgc
>NE_THIC:128:133 
NE_THIC:128:133    0.000 0      85   35 ggaggga agccaggagtcactctcctgc tccttgc
>NE_THIC:128:133 
NE_THIC:128:133    0.000 0      85   33 ggaggg aagccaggagtcactctcctg ctcctt
>NE_THIC:128:133 
NE_THIC:128:133    0.000 0      85   31 ggaggg aagccaggagtcactctcc tgctcc
>NE_THIC:128:133 
NE_THIC:128:133    0.000 0      85   29 ggaggg aagccaggagtcactct cctgct
>NE_THIC:128:133 
NE_THIC:128:133    0.000 0      85   29 ggaggga agccaggagtcactc tcctgct
>NE_THIC:128:133 
NE_THIC:128:133    0.000 0      85   28 ggaggg aagccaggagtcactc tcctgc
>NE_THIC:128:133 
NE_THIC:128:133    0.000 0      85   26 ggaggg aagccaggagtcac tctcct
>NE_THIC:128:133 
NE_THIC:128:133    0.000 0      85   25 ggaggg aagccaggagtca ctctcc
>NE_THIC:128:133 
NE_THIC:128:133    0.000 0      85   25 ggagggaagc cagga gtcactctcc
>NE_THIC:128:133 
NE_THIC:128:133    0.000 0      85   23 ggaggg aagccaggagt cactct
>NE_THIC:128:133 
NE_THIC:128:133    0.000 0      85   23 ggaggga agccaggag tcactct
>NE_THIC:128:133 
NE_THIC:128:133    0.000 0      93   27 gccaggag tcactctcctg ctccttgc
>NE_THIC:128:133 
NE_THIC:128:133    0.000 0      93   27 gccaggagt cactctcct gctccttgc
>NE_THIC:128:133 
NE_THIC:128:133    0.000 0      93   21 gccaggag tcact ctcctgct
>NE_THIC:128:133 
NE_THIC:128:133    0.000 0      94   25 ccaggag tcactctcctg ctccttg
>NE_THIC:128:133 
NE_THIC:128:133    0.000 0      94   25 ccaggagt cactctcct gctccttg
>NE_THIC:128:133 
NE_THIC:128:133    0.000 0      95   24 caggag tcactctcctgc tccttg
>NE_THIC:128:133 
NE_THIC:128:133    0.000 0      95   17 caggag tcact ctcctg
>NE_THIC:128:133 
NE_THIC:128:133    0.000 0      96   31 aggagt cactctcctgctccttgcg gcactt
>NE_THIC:128:133 
NE_THIC:128:133    0.000 0      96   31 aggagtc actctcctgctccttgc ggcactt
>NE_THIC:128:133 
NE_THIC:128:133    0.000 0      96   21 aggagt cactctcct gctcct
>NE_THIC:128:133 
NE_THIC:128:133    0.000 0      97   29 ggagtc actctcctgctccttgc ggcact
>KP_TENA:132:137 
KP_TENA:132:137    0.000 0     130   23 tggagg tcctgtgatcg ttcccg
>KP_TENA:132:137 
KP_TENA:132:137    0.000 0     130   23 tggaggt cctgtgatc gttcccg
>KP_TENA:132:137 
KP_TENA:132:137    0.000 0     131   21 ggaggt cctgtgatc gttccc
>KP_TENA:132:137 
KP_TENA:132:137    0.000 0     131   18 ggaggt cctgtg atcgtt
>KP_TENA:132:137 
KP_TENA:132:137    0.000 0     131   18 ggaggtc ctgt gatcgtt
>YP_THIB:135:140 
YP_THIB:135:140    0.000 0      69   53 ggcggag ggatttgagaatgataacgactactaccgcctcagatac ctttgcc
>YP_THIB:135:140 
YP_THIB:135:140    0.000 0      69   53 ggcggagg gatttgagaatgataacgactactaccgcctcagata cctttgcc
>YP_THIB:135:140 
YP_THIB:135:140    0.000 0      69   53 ggcggaggga tttgagaatgataacgactactaccgcctcaga tacctttgcc
>YP_THIB:135:140 
YP_THIB:135:140    0.000 0      69   53 ggcggagggat ttgagaatgataacgactactaccgcctcag atacctttgcc
>YP_THIB:135:140 
YP_THIB:135:140    0.000 0      69   53 ggcggagggatt tgagaatgataacgactactaccgcctca gatacctttgcc
>YP_THIB:135:140 
YP_THIB:135:140    0.000 0      69   53 ggcggagggattt gagaatgataacgactactaccgcctc agatacctttgcc
>YP_THIB:135:140 
YP_THIB:135:140    0.000 0      69   53 ggcggagggatttg agaatgataacgactactaccgcct cagatacctttgcc
>YP_THIB:135:140 
YP_THIB:135:140    0.000 0      69   53 ggcggagggatttga gaatgataacgactactaccgcc tcagatacctttgcc
>YP_THIB:135:140 
YP_THIB:135:140    0.000 0      69   53 ggcggagggatttgag aatgataacgactactaccgc ctcagatacctttgcc
>YP_THIB:135:140 
YP_THIB:135:140    0.000 0      69   53 ggcggagggatttgagaatg ataacgactacta ccgcctcagatacctttgcc
>YP_THIB:135:140 
YP_THIB:135:140    0.000 0      69   38 ggcggag ggatttgagaatgataacgactac taccgcc
>YP_THIB:135:140 
YP_THIB:135:140    0.000 0      69   38 ggcggagg gatttgagaatgataacgacta ctaccgcc
>YP_THIB:135:140 
YP_THIB:135:140    0.000 0      69   38 ggcggaggga tttgagaatgataacgac tactaccgcc
>YP_THIB:135:140 
YP_THIB:135:140    0.000 0      70   51 gcggag ggatttgagaatgataacgactactaccgcctcagatac ctttgc
>YP_THIB:135:140 
YP_THIB:135:140    0.000 0      70   51 gcggagg gatttgagaatgataacgactactaccgcctcagata cctttgc
>YP_THIB:135:140 
YP_THIB:135:140    0.000 0      70   51 gcggaggga tttgagaatgataacgactactaccgcctcaga tacctttgc
>YP_THIB:135:140 
YP_THIB:135:140    0.000 0      70   51 gcggagggat ttgagaatgataacgactactaccgcctcag atacctttgc
>YP_THIB:135:140 
YP_THIB:135:140    0.000 0      70   51 gcggagggatt tgagaatgataacgactactaccgcctca gatacctttgc
>YP_THIB:135:140 
YP_THIB:135:140    0.000 0      70   51 gcggagggattt gagaatgataacgactactaccgcctc agatacctttgc
>YP_THIB:135:140 
YP_THIB:135:140    0.000 0      70   51 gcggagggatttg agaatgataacgactactaccgcct cagatacctttgc
>YP_THIB:135:140 
YP_THIB:135:140    0.000 0      70   51 gcggagggatttga gaatgataacgactactaccgcc tcagatacctttgc
>YP_THIB:135:140 
YP_THIB:135:140    0.000 0      70   51 gcggagggatttgag aatgataacgactactaccgc ctcagatacctttgc
>YP_THIB:135:140 
YP_THIB:135:140    0.000 0      70   36 gcggag ggatttgagaatgataacgactac taccgc
>YP_THIB:135:140 
YP_THIB:135:140    0.000 0      70   36 gcggagg gatttgagaatgataacgacta ctaccgc
>YP_THIB:135:140 
YP_THIB:135:140    0.000 0      71   49 cggagg gatttgagaatgataacgactactaccgcctcagata cctttg
>YP_THIB:135:140 
YP_THIB:135:140    0.000 0      71   49 cggaggga tttgagaatgataacgactactaccgcctcaga tacctttg
>YP_THIB:135:140 
YP_THIB:135:140    0.000 0      71   49 cggagggat ttgagaatgataacgactactaccgcctcag atacctttg
>YP_THIB:135:140 
YP_THIB:135:140    0.000 0      71   49 cggagggatt tgagaatgataacgactactaccgcctca gatacctttg
>YP_THIB:135:140 
YP_THIB:135:140    0.000 0      71   49 cggagggattt gagaatgataacgactactaccgcctc agatacctttg
>YP_THIB:135:140 
YP_THIB:135:140    0.000 0      71   49 cggagggatttg agaatgataacgactactaccgcct cagatacctttg
>YP_THIB:135:140 
YP_THIB:135:140    0.000 0      71   49 cggagggatttga gaatgataacgactactaccgcc tcagatacctttg
>YP_THIB:135:140 
YP_THIB:135:140    0.000 0      71   49 cggagggatttgag aatgataacgactactaccgc ctcagatacctttg
>YP_THIB:135:140 
YP_THIB:135:140    0.000 0      71   40 cggagg gatttgagaatgataacgactactaccg cctcag
>YP_THIB:135:140 
YP_THIB:135:140    0.000 0      71   34 cggagg gatttgagaatgataacgacta ctaccg
>YP_THIB:135:140 
YP_THIB:135:140    0.000 0      72   50 ggaggg atttgagaatgataacgactactaccgcctcagatacc tttgcc
>YP_THIB:135:140 
YP_THIB:135:140    0.000 0      72   49 ggaggg atttgagaatgataacgactactaccgcctcagatac ctttgc
>YP_THIB:135:140 
YP_THIB:135:140    0.000 0      72   47 ggaggga tttgagaatgataacgactactaccgcctcaga taccttt
>YP_THIB:135:140 
YP_THIB:135:140    0.000 0      72   47 ggagggat ttgagaatgataacgactactaccgcctcag ataccttt
>YP_THIB:135:140 
YP_THIB:135:140    0.000 0      72   47 ggagggatt tgagaatgataacgactactaccgcctca gataccttt
>YP_THIB:135:140 
YP_THIB:135:140    0.000 0      72   47 ggagggattt gagaatgataacgactactaccgcctc agataccttt
>YP_THIB:135:140 
YP_THIB:135:140    0.000 0      72   47 ggagggatttg agaatgataacgactactaccgcct cagataccttt
>YP_THIB:135:140 
YP_THIB:135:140    0.000 0      72   47 ggagggatttga gaatgataacgactactaccgcc tcagataccttt
>YP_THIB:135:140 
YP_THIB:135:140    0.000 0      72   47 ggagggatttgag aatgataacgactactaccgc ctcagataccttt
>YP_THIB:135:140 
YP_THIB:135:140    0.000 0     134   31 aaggag tgcaaagtgtttaaacaca ttattt
>YP_THIB:135:140 
YP_THIB:135:140    0.000 0     134   31 aaggagt gcaaagtgtttaaacac attattt
>YP_THIB:135:140 
YP_THIB:135:140    0.000 0     134   31 aaggagtg caaagtgtttaaaca cattattt
>YP_THIB:135:140 
YP_THIB:135:140    0.000 0     135   29 aggagt gcaaagtgtttaaacac attatt
>YP_THIB:135:140 
YP_THIB:135:140    0.000 0     135   29 aggagtg caaagtgtttaaaca cattatt
>YP_THIB:135:140 
YP_THIB:135:140    0.000 0     135   17 aggagt gcaaa gtgttt
>YP_THIB:135:140 
YP_THIB:135:140    0.000 0     136   30 ggagtg caaagtgtttaaacacat tatttc
>YP_THIB:135:140 
YP_THIB:135:140    0.000 0     136   27 ggagtg caaagtgtttaaaca cattat
>YP_THIB:135:140 
YP_THIB:135:140    0.000 0     136   25 ggagtg caaagtgtttaaa cacatt
>PQ_CYTX:136:140 
PQ_CYTX:136:140    0.000 0      11   39 cggagt gccgtaaggctgagatcgcaacagcga gatccg
>VC_THIC:140:145 
VC_THIC:140:145    0.000 0       7   47 ttgtcggagt gccattgggctgagaccgtttattcgg gatccgttga
>VC_THIC:140:145 
VC_THIC:140:145    0.000 0      10   44 tcggag tgccattgggctgagaccgtttattcgggatc cgttga
>VC_THIC:140:145 
VC_THIC:140:145    0.000 0      10   35 tcggag tgccattgggctgagaccgttta ttcggg
>VC_THIC:140:145 
VC_THIC:140:145    0.000 0      10   35 tcggagt gccattgggctgagaccgttt attcggg
>VC_THIC:140:145 
VC_THIC:140:145    0.000 0      10   35 tcggagtg ccattgggctgagaccgtt tattcggg
>VC_THIC:140:145 
VC_THIC:140:145    0.000 0      11   39 cggagt gccattgggctgagaccgtttattcgg gatccg
>VC_THIC:140:145 
VC_THIC:140:145    0.000 0      11   33 cggagt gccattgggctgagaccgttt attcgg
>VC_THIC:140:145 
VC_THIC:140:145    0.000 0      11   33 cggagtg ccattgggctgagaccgtt tattcgg
>VC_THID:135:140 
VC_THID:135:140    0.000 0     103   45 cgctggagtt tgggatcagttcctgttttcacagg agcttttatg
>VC_THID:135:140 
VC_THID:135:140    0.000 0     103   45 cgctggagttt gggatcagttcctgttttcacag gagcttttatg
>VC_THID:135:140 
VC_THID:135:140    0.000 0     104   43 gctggagttt gggatcagttcctgttttcacag gagcttttat
>VC_THID:135:140 
VC_THID:135:140    0.000 0     104   25 gctggag tttgggatcag ttcctgt
>VC_THID:135:140 
VC_THID:135:140    0.000 0     104   25 gctggagt ttgggatca gttcctgt
>VC_THID:135:140 
VC_THID:135:140    0.000 0     104   25 gctggagtt tgggatc agttcctgt
>VC_THID:135:140 
VC_THID:135:140    0.000 0     105   23 ctggag tttgggatcag ttcctg
>VC_THID:135:140 
VC_THID:135:140    0.000 0     105   23 ctggagt ttgggatca gttcctg
>VC_THID:135:140 
VC_THID:135:140    0.000 0     105   23 ctggagtt tgggatc agttcctg
>VC_THID:135:140 
VC_THID:135:140    0.000 0     106   45 tggagt ttgggatcagttcctgttttcacaggagctttt atgtca
>VC_THID:135:140 
VC_THID:135:140    0.000 0     106   40 tggagtt tgggatcagttcctgttttcacagga gctttta
>VC_THID:135:140 
VC_THID:135:140    0.000 0     106   40 tggagttt gggatcagttcctgttttcacagg agctttta
>VC_THID:135:140 
VC_THID:135:140    0.000 0     106   28 tggagtt tgggatcagttcct gttttca
>VC_THID:135:140 
VC_THID:135:140    0.000 0     106   28 tggagtttgg gatcagtt cctgttttca
>VC_THID:135:140 
VC_THID:135:140    0.000 0     106   28 tggagtttggg atcagt tcctgttttca
>VC_THID:135:140 
VC_THID:135:140    0.000 0     106   28 tggagtttggga tcag ttcctgttttca
>VC_THID:135:140 
VC_THID:135:140    0.000 0     107   38 ggagtt tgggatcagttcctgttttcacagga gctttt
>VC_THID:135:140 
VC_THID:135:140    0.000 0     107   38 ggagttt gggatcagttcctgttttcacagg agctttt
>VC_THID:135:140 
VC_THID:135:140    0.000 0     107   37 ggagtt tgggatcagttcctgttttcacagg agcttt
>VC_THID:135:140 
VC_THID:135:140    0.000 0     107   37 ggagttt gggatcagttcctgttttcacag gagcttt
>VC_THID:135:140 
VC_THID:135:140    0.000 0     107   37 ggagtttggg atcagttcctgttttca caggagcttt
>VC_THID:135:140 
VC_THID:135:140    0.000 0     107   26 ggagtt tgggatcagttcct gttttc
>VC_THID:135:140 
VC_THID:135:140    0.000 0     107   26 ggagtttggg atcagt tcctgttttc
>VC_THID:135:140 
VC_THID:135:140    0.000 0     107   26 ggagtttggga tcag ttcctgttttc
>VC_THID:135:140 
VC_THID:135:140    0.000 0     107   25 ggagtttggg atcag ttcctgtttt
>VC_THID:135:140 
VC_THID:135:140    0.000 0     107   19 ggagtt tgggatc agttcc
>VFI_THIC:152:156 
VFI_THIC:152:156    0.000 0       9   23 tcggag tgcttagtgct ttttaa
>VFI_THIC:152:156 
VFI_THIC:152:156    0.000 0       9   22 tcggag tgcttagtgc ttttta
>VFI_THIC:152:156 
VFI_THIC:152:156    0.000 0      11   19 ggagtg cttagtg cttttt
>VFI_THIC:152:156 
VFI_THIC:152:156    0.000 0      11   19 ggagtgc ttagt gcttttt
>VFI_THIC:152:156 
VFI_THIC:152:156    0.000 0      11   17 ggagtg cttag tgcttt
>VFI_THIB:140:145 
VFI_THIB:140:145    0.000 0      12   44 ggggag ctttggctgagattaatgaagattggataatg ttcatt
>VFI_THIB:140:145 
VFI_THIB:140:145    0.000 0      12   44 ggggagc tttggctgagattaatgaagattggataat gttcatt
>VFI_THIB:140:145 
VFI_THIB:140:145    0.000 0      12   44 ggggagcttt ggctgagattaatgaagattggat aatgttcatt
>VFI_THIB:140:145 
VFI_THIB:140:145    0.000 0      12   44 ggggagctttg gctgagattaatgaagattgga taatgttcatt
>VFI_THIB:140:145 
VFI_THIB:140:145    0.000 0      12   44 ggggagctttggctg agattaatgaagat tggataatgttcatt
>VFI_THIB:140:145 
VFI_THIB:140:145    0.000 0      12   44 ggggagctttggctga gattaatgaaga ttggataatgttcatt
>VFI_THIB:140:145 
VFI_THIB:140:145    0.000 0      13   42 gggagc tttggctgagattaatgaagattggataat gttcat
>VFI_THIB:140:145 
VFI_THIB:140:145    0.000 0      13   42 gggagctttg gctgagattaatgaagattgga taatgttcat
>VFI_THIB:140:145 
VFI_THIB:140:145    0.000 0      13   42 gggagctttggctga gattaatgaaga ttggataatgttcat
>PP_THI21P:149:153 
PP_THI21P:149:153    0.000 0       9   57 aaggggagcc cggcaatgggctgagaaaccgctgaacgctacagcgc ggtgaccctt
>BAC_ZY_THIY:145:150 
BAC_ZY_THIY:145:150    0.000 0     140   24 tggatggagg aatt tttttatgga
>BAC_ZY_THIY:145:150 
BAC_ZY_THIY:145:150    0.000 0     143   18 atggag gaattt ttttat
>BAC_ZY_THIY:145:150 
BAC_ZY_THIY:145:150    0.000 0     143   18 atggagg aatt tttttat
>BAC_ZY_THIY:145:150 
BAC_ZY_THIY:145:150    0.000 0     143   16 atggag gaat tttttt
>BAC_ZY_THIY:145:150 
BAC_ZY_THIY:145:150    0.000 0     144   18 tggagg aatttt tttatg
>BAC_ZY_THIY:145:150 
BAC_ZY_THIY:145:150    0.000 0     144   18 tggagga attt ttttatg
>BAC_ZY_THIY:145:150 
BAC_ZY_THIY:145:150    0.000 0     144   16 tggagg aatt ttttta
>BAC_ZY_THIY:145:150 
BAC_ZY_THIY:145:150    0.000 0     145   16 ggagga attt ttttat
>KP_THIM:123:127 
KP_THIM:123:127    0.000 0     121   19 cgggag caaacta tgcctg
