#RM scored
#RM descr h5 ss h3
#RM dfile sd3p.descr
>AU_THIC:146 
AU_THIC:146     0.000 0     115   37 ggctcga actgggtctccacagtcaaactt tggagcc
>AU_THIC:146 
AU_THIC:146     0.000 0     115   37 ggctcgaa ctgggtctccacagtcaaact ttggagcc
>AU_THIC:146 
AU_THIC:146     0.000 0     116   35 gctcga actgggtctccacagtcaaactt tggagc
>AU_THIC:146 
AU_THIC:146     0.000 0     116   35 gctcgaa ctgggtctccacagtcaaact ttggagc
>AU_THIC:146 
AU_THIC:146     0.000 0     117   33 ctcgaa ctgggtctccacagtcaaact ttggag
>AU_THIC:146 
AU_THIC:146     0.000 0     124   31 tgggtctcc acagtcaaacttt ggagcctca
>AU_THIC:146 
AU_THIC:146     0.000 0     124   31 tgggtctcca cagtcaaactt tggagcctca
>AU_THIC:146 
AU_THIC:146     0.000 0     124   31 tgggtctccaca gtcaaac tttggagcctca
>AU_THIC:146 
AU_THIC:146     0.000 0     124   31 tgggtctccacag tcaaa ctttggagcctca
>AU_THIC:146 
AU_THIC:146     0.000 0     125   29 gggtctcc acagtcaaacttt ggagcctc
>AU_THIC:146 
AU_THIC:146     0.000 0     125   29 gggtctcca cagtcaaactt tggagcctc
>AU_THIC:146 
AU_THIC:146     0.000 0     125   29 gggtctccaca gtcaaac tttggagcctc
>AU_THIC:146 
AU_THIC:146     0.000 0     125   29 gggtctccacag tcaaa ctttggagcctc
>AU_THIC:146 
AU_THIC:146     0.000 0     125   28 gggtctc cacagtcaaacttt ggagcct
>AU_THIC:146 
AU_THIC:146     0.000 0     125   27 gggtct ccacagtcaaacttt ggagcc
>AU_THIC:146 
AU_THIC:146     0.000 0     126   27 ggtctcc acagtcaaacttt ggagcct
>AU_THIC:146 
AU_THIC:146     0.000 0     126   27 ggtctcca cagtcaaactt tggagcct
>AU_THIC:146 
AU_THIC:146     0.000 0     126   27 ggtctccaca gtcaaac tttggagcct
>AU_THIC:146 
AU_THIC:146     0.000 0     126   27 ggtctccacag tcaaa ctttggagcct
>AU_THIC:146 
AU_THIC:146     0.000 0     126   26 ggtctc cacagtcaaacttt ggagcc
>AU_THIC:146 
AU_THIC:146     0.000 0     127   25 gtctcc acagtcaaacttt ggagcc
>AU_THIC:146 
AU_THIC:146     0.000 0     127   25 gtctcca cagtcaaactt tggagcc
>AU_THIC:146 
AU_THIC:146     0.000 0     127   25 gtctccacag tcaaa ctttggagcc
>AU_THIC:146 
AU_THIC:146     0.000 0     129   21 ctccaca gtcaaac tttggag
>AU_THIC:146 
AU_THIC:146     0.000 0     129   21 ctccacag tcaaa ctttggag
