#RM scored
#RM descr h5 ss h3
#RM dfile sd3p_m.descr
>SM_THIB:142:146 
SM_THIB:142:146    0.000 0     107   45 tacgcgcttt tcccattgcagcaacaacaaaggga gaggtgccag
>SM_THIB:142:146 
SM_THIB:142:146    0.000 0     107   45 tacgcgctttt cccattgcagcaacaacaaaggg agaggtgccag
>SM_THIB:142:146 
SM_THIB:142:146    0.000 0     107   45 tacgcgcttttc ccattgcagcaacaacaaagg gagaggtgccag
>SM_THIB:142:146 
SM_THIB:142:146    0.000 0     107   45 tacgcgcttttcc cattgcagcaacaacaaag ggagaggtgccag
>SM_THIB:142:146 
SM_THIB:142:146    0.000 0     107   45 tacgcgcttttccc attgcagcaacaacaaa gggagaggtgccag
>SM_THIB:142:146 
SM_THIB:142:146    0.000 0     107   45 tacgcgcttttcccat tgcagcaacaaca aagggagaggtgccag
>SM_THIB:142:146 
SM_THIB:142:146    0.000 0     107   45 tacgcgcttttcccatt gcagcaacaac aaagggagaggtgccag
>SM_THIB:142:146 
SM_THIB:142:146    0.000 0     107   45 tacgcgcttttcccattg cagcaacaa caaagggagaggtgccag
>SM_THIB:142:146 
SM_THIB:142:146    0.000 0     109   39 cgcgcttttc ccattgcagcaacaacaaa gggagaggtg
>SM_THIB:142:146 
SM_THIB:142:146    0.000 0     110   39 gcgcttt tcccattgcagcaacaacaaaggga gaggtgc
>SM_THIB:142:146 
SM_THIB:142:146    0.000 0     110   39 gcgctttt cccattgcagcaacaacaaaggg agaggtgc
>SM_THIB:142:146 
SM_THIB:142:146    0.000 0     110   39 gcgcttttc ccattgcagcaacaacaaagg gagaggtgc
>SM_THIB:142:146 
SM_THIB:142:146    0.000 0     110   39 gcgcttttcc cattgcagcaacaacaaag ggagaggtgc
>SM_THIB:142:146 
SM_THIB:142:146    0.000 0     110   39 gcgcttttccc attgcagcaacaacaaa gggagaggtgc
>SM_THIB:142:146 
SM_THIB:142:146    0.000 0     110   39 gcgcttttcccat tgcagcaacaaca aagggagaggtgc
>SM_THIB:142:146 
SM_THIB:142:146    0.000 0     110   39 gcgcttttcccatt gcagcaacaac aaagggagaggtgc
>SM_THIB:142:146 
SM_THIB:142:146    0.000 0     110   39 gcgcttttcccattg cagcaacaa caaagggagaggtgc
>SM_THIB:142:146 
SM_THIB:142:146    0.000 0     111   37 cgcttt tcccattgcagcaacaacaaaggga gaggtg
>SM_THIB:142:146 
SM_THIB:142:146    0.000 0     111   37 cgctttt cccattgcagcaacaacaaaggg agaggtg
>SM_THIB:142:146 
SM_THIB:142:146    0.000 0     111   37 cgcttttc ccattgcagcaacaacaaagg gagaggtg
>SM_THIB:142:146 
SM_THIB:142:146    0.000 0     111   37 cgcttttcc cattgcagcaacaacaaag ggagaggtg
>SM_THIB:142:146 
SM_THIB:142:146    0.000 0     111   37 cgcttttccc attgcagcaacaacaaa gggagaggtg
>SM_THIB:142:146 
SM_THIB:142:146    0.000 0     111   37 cgcttttcccat tgcagcaacaaca aagggagaggtg
>SM_THIB:142:146 
SM_THIB:142:146    0.000 0     111   37 cgcttttcccatt gcagcaacaac aaagggagaggtg
>SM_THIB:142:146 
SM_THIB:142:146    0.000 0     111   37 cgcttttcccattg cagcaacaa caaagggagaggtg
>SM_THIB:142:146 
SM_THIB:142:146    0.000 0     112   37 gcttttc ccattgcagcaacaacaaaggga gaggtgc
>SM_THIB:142:146 
SM_THIB:142:146    0.000 0     112   35 gctttt cccattgcagcaacaacaaaggg agaggt
>SM_THIB:142:146 
SM_THIB:142:146    0.000 0     112   35 gcttttc ccattgcagcaacaacaaagg gagaggt
>SM_THIB:142:146 
SM_THIB:142:146    0.000 0     112   35 gcttttcc cattgcagcaacaacaaag ggagaggt
>SM_THIB:142:146 
SM_THIB:142:146    0.000 0     112   35 gcttttccc attgcagcaacaacaaa gggagaggt
>SM_THIB:142:146 
SM_THIB:142:146    0.000 0     112   35 gcttttcccat tgcagcaacaaca aagggagaggt
>SM_THIB:142:146 
SM_THIB:142:146    0.000 0     112   35 gcttttcccatt gcagcaacaac aaagggagaggt
>SM_THIB:142:146 
SM_THIB:142:146    0.000 0     112   35 gcttttcccattg cagcaacaa caaagggagaggt
>SM_THIB:142:146 
SM_THIB:142:146    0.000 0     113   35 cttttc ccattgcagcaacaacaaaggga gaggtg
>SM_THIB:142:146 
SM_THIB:142:146    0.000 0     120   28 cattgc agcaacaacaaaggga gaggtg
>EC_THIB:120:125 
EC_THIB:120:125    0.000 0      79   48 gggatttgag gctcttctcaagtcctttgccactcttt tttgaggtgc
>EC_THIB:120:125 
EC_THIB:120:125    0.000 0      79   48 gggatttgagg ctcttctcaagtcctttgccactctt ttttgaggtgc
>EC_THIB:120:125 
EC_THIB:120:125    0.000 0      80   47 ggatttgagg ctcttctcaagtcctttgccactcttt tttgaggtgc
>EC_THIB:120:125 
EC_THIB:120:125    0.000 0      81   44 gatttg aggctcttctcaagtcctttgccactcttttt tgaggt
>EC_THIB:120:125 
EC_THIB:120:125    0.000 0      81   44 gatttga ggctcttctcaagtcctttgccactctttt ttgaggt
>EC_THIB:120:125 
EC_THIB:120:125    0.000 0      81   44 gatttgag gctcttctcaagtcctttgccactcttt tttgaggt
>EC_THIB:120:125 
EC_THIB:120:125    0.000 0      81   44 gatttgagg ctcttctcaagtcctttgccactctt ttttgaggt
>EC_THIB:120:125 
EC_THIB:120:125    0.000 0      82   43 atttga ggctcttctcaagtcctttgccactcttttt tgaggt
>EC_THIB:120:125 
EC_THIB:120:125    0.000 0      82   43 atttgag gctcttctcaagtcctttgccactctttt ttgaggt
>EC_THIB:120:125 
EC_THIB:120:125    0.000 0      82   43 atttgagg ctcttctcaagtcctttgccactcttt tttgaggt
>EC_THIB:120:125 
EC_THIB:120:125    0.000 0      83   47 tttgaggctc ttctcaagtcctttgccactctttttt gaggtgcaaa
>EC_THIB:120:125 
EC_THIB:120:125    0.000 0      89   38 gctcttc tcaagtcctttgccactctttttt gaggtgc
>EC_THIB:120:125 
EC_THIB:120:125    0.000 0      90   36 ctcttc tcaagtcctttgccactctttttt gaggtg
>EC_THIB:120:125 
EC_THIB:120:125    0.000 0      92   34 cttctc aagtcctttgccactctttttt gaggtg
>EC_THIB:120:125 
EC_THIB:120:125    0.000 0      92   34 cttctca agtcctttgccactcttttt tgaggtg
>EC_THIB:120:125 
EC_THIB:120:125    0.000 0      92   34 cttctcaa gtcctttgccactctttt ttgaggtg
>EC_THIB:120:125 
EC_THIB:120:125    0.000 0      92   34 cttctcaag tcctttgccactcttt tttgaggtg
>EC_THIB:120:125 
EC_THIB:120:125    0.000 0      99   36 agtcctttgccactc tttttt gaggtgcaaagtgtt
>EC_THIB:120:125 
EC_THIB:120:125    0.000 0     100   27 gtccttt gccactctttttt gaggtgc
>EC_THIB:120:125 
EC_THIB:120:125    0.000 0     100   27 gtcctttg ccactcttttt tgaggtgc
>EC_THIB:120:125 
EC_THIB:120:125    0.000 0     101   25 tccttt gccactctttttt gaggtg
>EC_THIB:120:125 
EC_THIB:120:125    0.000 0     101   25 tcctttg ccactcttttt tgaggtg
>EC_THIB:120:125 
EC_THIB:120:125    0.000 0     103   28 ctttgccactc tttttt gaggtgcaaag
>EC_THIB:120:125 
EC_THIB:120:125    0.000 0     104   26 tttgccactc tttttt gaggtgcaaa
>EC_THIB:120:125 
EC_THIB:120:125    0.000 0     106   20 tgccac tctttttt gaggtg
>EC_THIB:120:125 
EC_THIB:120:125    0.000 0     109   17 cactct ttttt gaggtg
>TY_THIB:122:127 
TY_THIB:122:127    0.000 0      81   46 gatttg aggctacctctcaagtcctttgccactctttaac tgaggt
>TY_THIB:122:127 
TY_THIB:122:127    0.000 0      82   45 atttga ggctacctctcaagtcctttgccactctttaac tgaggt
>TY_THIB:122:127 
TY_THIB:122:127    0.000 0      82   45 atttgag gctacctctcaagtcctttgccactctttaa ctgaggt
>TY_THIB:122:127 
TY_THIB:122:127    0.000 0      91   37 tacctc tcaagtcctttgccactctttaact gaggtg
>TY_THIB:122:127 
TY_THIB:122:127    0.000 0      93   35 cctctc aagtcctttgccactctttaact gaggtg
>TY_THIB:122:127 
TY_THIB:122:127    0.000 0      93   35 cctctca agtcctttgccactctttaac tgaggtg
>TY_THIB:122:127 
TY_THIB:122:127    0.000 0     100   37 agtcctttgccactc tttaact gaggtgcaaagtgtt
>TY_THIB:122:127 
TY_THIB:122:127    0.000 0     101   28 gtccttt gccactctttaact gaggtgc
>TY_THIB:122:127 
TY_THIB:122:127    0.000 0     101   28 gtcctttg ccactctttaac tgaggtgc
>TY_THIB:122:127 
TY_THIB:122:127    0.000 0     102   26 tccttt gccactctttaact gaggtg
>TY_THIB:122:127 
TY_THIB:122:127    0.000 0     102   26 tcctttg ccactctttaac tgaggtg
>TY_THIB:122:127 
TY_THIB:122:127    0.000 0     104   29 ctttgccactc tttaact gaggtgcaaag
>TY_THIB:122:127 
TY_THIB:122:127    0.000 0     105   27 tttgccactc tttaact gaggtgcaaa
>TY_THIB:122:127 
TY_THIB:122:127    0.000 0     107   21 tgccac tctttaact gaggtg
>TY_THIB:122:127 
TY_THIB:122:127    0.000 0     110   18 cactct ttaact gaggtg
>TY_THIB:122:127 
TY_THIB:122:127    0.000 0     112   16 ctcttt aact gaggtg
>KP_TENA:132:137 
KP_TENA:132:137    0.000 0      88   53 cggcaatttt gcccctgcacgcccggatctcccctgaataaat ggaggtcctg
>KP_TENA:132:137 
KP_TENA:132:137    0.000 0      88   53 cggcaattttg cccctgcacgcccggatctcccctgaataaa tggaggtcctg
>KP_TENA:132:137 
KP_TENA:132:137    0.000 0      89   51 ggcaattttg cccctgcacgcccggatctcccctgaataaa tggaggtcct
>KP_TENA:132:137 
KP_TENA:132:137    0.000 0      92   45 aatttt gcccctgcacgcccggatctcccctgaataaat ggaggt
>KP_TENA:132:137 
KP_TENA:132:137    0.000 0      92   45 aattttg cccctgcacgcccggatctcccctgaataaa tggaggt
>KP_TENA:132:137 
KP_TENA:132:137    0.000 0      98   39 gcccct gcacgcccggatctcccctgaataaat ggaggt
>KP_TENA:132:137 
KP_TENA:132:137    0.000 0      98   39 gcccctg cacgcccggatctcccctgaataaa tggaggt
>KP_TENA:132:137 
KP_TENA:132:137    0.000 0     110   31 ccggatctc ccctgaataaatg gaggtcctg
>KP_TENA:132:137 
KP_TENA:132:137    0.000 0     110   31 ccggatctcc cctgaataaat ggaggtcctg
>KP_TENA:132:137 
KP_TENA:132:137    0.000 0     112   27 ggatctc ccctgaataaatg gaggtcc
>KP_TENA:132:137 
KP_TENA:132:137    0.000 0     112   27 ggatctcc cctgaataaat ggaggtcc
>KP_TENA:132:137 
KP_TENA:132:137    0.000 0     112   27 ggatctcccct gaata aatggaggtcc
>KP_TENA:132:137 
KP_TENA:132:137    0.000 0     113   25 gatctc ccctgaataaatg gaggtc
>KP_TENA:132:137 
KP_TENA:132:137    0.000 0     113   25 gatctcc cctgaataaat ggaggtc
>KP_TENA:132:137 
KP_TENA:132:137    0.000 0     113   25 gatctcccct gaata aatggaggtc
>KP_TENA:132:137 
KP_TENA:132:137    0.000 0     114   23 atctcc cctgaataaat ggaggt
>PP_THIC:156:161 
PP_THIC:156:161    0.000 0       1   47 tgttct tgtcggggtgccttgaagcaaaggctgagatcgca gaggtg
>PP_THIC:156:161 
PP_THIC:156:161    0.000 0       1   47 tgttctt gtcggggtgccttgaagcaaaggctgagatcgc agaggtg
>PP_THIC:156:161 
PP_THIC:156:161    0.000 0       1   47 tgttcttg tcggggtgccttgaagcaaaggctgagatcg cagaggtg
>PP_THIC:156:161 
PP_THIC:156:161    0.000 0       1   47 tgttcttgt cggggtgccttgaagcaaaggctgagatc gcagaggtg
>PP_THIC:156:161 
PP_THIC:156:161    0.000 0       1   47 tgttcttgtcg gggtgccttgaagcaaaggctgaga tcgcagaggtg
>PP_THIC:156:161 
PP_THIC:156:161    0.000 0       2   45 gttctt gtcggggtgccttgaagcaaaggctgagatcgc agaggt
>PP_THIC:156:161 
PP_THIC:156:161    0.000 0       2   45 gttcttg tcggggtgccttgaagcaaaggctgagatcg cagaggt
>PP_THIC:156:161 
PP_THIC:156:161    0.000 0       2   45 gttcttgt cggggtgccttgaagcaaaggctgagatc gcagaggt
>PP_THIC:156:161 
PP_THIC:156:161    0.000 0       2   45 gttcttgtcg gggtgccttgaagcaaaggctgaga tcgcagaggt
>PP_THIC:156:161 
PP_THIC:156:161    0.000 0      14   35 gtgcctt gaagcaaaggctgagatcgca gaggtgc
>PP_THIC:156:161 
PP_THIC:156:161    0.000 0      15   33 tgcctt gaagcaaaggctgagatcgca gaggtg
>SH_OMR2:141:145 
SH_OMR2:141:145    0.000 0     116   38 gttgccggatctcaa acgtatat ttgaggtcctatgtc
>SH_OMR2:141:145 
SH_OMR2:141:145    0.000 0     116   38 gttgccggatctcaaa cgtata tttgaggtcctatgtc
>SH_OMR2:141:145 
SH_OMR2:141:145    0.000 0     118   34 tgccggatctc aaacgtatattt gaggtcctatg
>SH_OMR2:141:145 
SH_OMR2:141:145    0.000 0     118   34 tgccggatctca aacgtatatt tgaggtcctatg
>SH_OMR2:141:145 
SH_OMR2:141:145    0.000 0     118   34 tgccggatctcaa acgtatat ttgaggtcctatg
>SH_OMR2:141:145 
SH_OMR2:141:145    0.000 0     118   34 tgccggatctcaaa cgtata tttgaggtcctatg
>SH_OMR2:141:145 
SH_OMR2:141:145    0.000 0     119   32 gccggatctc aaacgtatattt gaggtcctat
>SH_OMR2:141:145 
SH_OMR2:141:145    0.000 0     119   32 gccggatctca aacgtatatt tgaggtcctat
>SH_OMR2:141:145 
SH_OMR2:141:145    0.000 0     119   32 gccggatctcaa acgtatat ttgaggtcctat
>SH_OMR2:141:145 
SH_OMR2:141:145    0.000 0     119   32 gccggatctcaaa cgtata tttgaggtcctat
>SH_OMR2:141:145 
SH_OMR2:141:145    0.000 0     122   26 ggatctc aaacgtatattt gaggtcc
>SH_OMR2:141:145 
SH_OMR2:141:145    0.000 0     122   26 ggatctca aacgtatatt tgaggtcc
>SH_OMR2:141:145 
SH_OMR2:141:145    0.000 0     122   26 ggatctcaa acgtatat ttgaggtcc
>SH_OMR2:141:145 
SH_OMR2:141:145    0.000 0     122   26 ggatctcaaa cgtata tttgaggtcc
>SH_OMR2:141:145 
SH_OMR2:141:145    0.000 0     123   24 gatctc aaacgtatattt gaggtc
>SH_OMR2:141:145 
SH_OMR2:141:145    0.000 0     123   24 gatctca aacgtatatt tgaggtc
>SH_OMR2:141:145 
SH_OMR2:141:145    0.000 0     123   24 gatctcaa acgtatat ttgaggtc
>SH_OMR2:141:145 
SH_OMR2:141:145    0.000 0     123   24 gatctcaaa cgtata tttgaggtc
>SH_OMR2:141:145 
SH_OMR2:141:145    0.000 0     124   22 atctca aacgtatatt tgaggt
>SH_OMR2:141:145 
SH_OMR2:141:145    0.000 0     124   22 atctcaa acgtatat ttgaggt
>SH_OMR2:141:145 
SH_OMR2:141:145    0.000 0     124   22 atctcaaa cgtata tttgaggt
