#RM scored
#RM descr h5 ss h3
#RM dfile sd5p_m.descr
>EC_THIB:120:125 
EC_THIB:120:125    0.000 0     110   35 actcttttttgaggt gcaaa gtgttaaaaaaatgt
>EC_THIB:120:125 
EC_THIB:120:125    0.000 0     114   27 ttttttgaggt gcaaa gtgttaaaaaa
>EC_THIB:120:125 
EC_THIB:120:125    0.000 0     115   27 tttttgaggt gcaaagt gttaaaaaaa
>EC_THIB:120:125 
EC_THIB:120:125    0.000 0     115   27 tttttgaggtg caaag tgttaaaaaaa
>EC_THIB:120:125 
EC_THIB:120:125    0.000 0     115   25 tttttgaggt gcaaa gtgttaaaaa
>EC_THIB:120:125 
EC_THIB:120:125    0.000 0     116   25 ttttgaggtg caaag tgttaaaaaa
>EC_THIB:120:125 
EC_THIB:120:125    0.000 0     116   23 ttttgaggt gcaaa gtgttaaaa
>EC_THIB:120:125 
EC_THIB:120:125    0.000 0     117   21 tttgaggt gcaaa gtgttaaa
>EC_THIB:120:125 
EC_THIB:120:125    0.000 0     118   19 ttgaggt gcaaa gtgttaa
>EC_THIB:120:125 
EC_THIB:120:125    0.000 0     119   17 tgaggt gcaaa gtgtta
