#RM scored
#RM descr h5 ss h3
#RM dfile sd3p_m.descr
>KP_TENA:132:137 
KP_TENA:132:137    0.000 0      88   53 cggcaatttt gcccctgcacgcccggatctcccctgaataaat ggaggtcctg
>KP_TENA:132:137 
KP_TENA:132:137    0.000 0      88   53 cggcaattttg cccctgcacgcccggatctcccctgaataaa tggaggtcctg
>KP_TENA:132:137 
KP_TENA:132:137    0.000 0      89   51 ggcaattttg cccctgcacgcccggatctcccctgaataaa tggaggtcct
>KP_TENA:132:137 
KP_TENA:132:137    0.000 0      92   45 aatttt gcccctgcacgcccggatctcccctgaataaat ggaggt
>KP_TENA:132:137 
KP_TENA:132:137    0.000 0      92   45 aattttg cccctgcacgcccggatctcccctgaataaa tggaggt
>KP_TENA:132:137 
KP_TENA:132:137    0.000 0      98   39 gcccct gcacgcccggatctcccctgaataaat ggaggt
>KP_TENA:132:137 
KP_TENA:132:137    0.000 0      98   39 gcccctg cacgcccggatctcccctgaataaa tggaggt
>KP_TENA:132:137 
KP_TENA:132:137    0.000 0     110   31 ccggatctc ccctgaataaatg gaggtcctg
>KP_TENA:132:137 
KP_TENA:132:137    0.000 0     110   31 ccggatctcc cctgaataaat ggaggtcctg
>KP_TENA:132:137 
KP_TENA:132:137    0.000 0     112   27 ggatctc ccctgaataaatg gaggtcc
>KP_TENA:132:137 
KP_TENA:132:137    0.000 0     112   27 ggatctcc cctgaataaat ggaggtcc
>KP_TENA:132:137 
KP_TENA:132:137    0.000 0     112   27 ggatctcccct gaata aatggaggtcc
>KP_TENA:132:137 
KP_TENA:132:137    0.000 0     113   25 gatctc ccctgaataaatg gaggtc
>KP_TENA:132:137 
KP_TENA:132:137    0.000 0     113   25 gatctcc cctgaataaat ggaggtc
>KP_TENA:132:137 
KP_TENA:132:137    0.000 0     113   25 gatctcccct gaata aatggaggtc
>KP_TENA:132:137 
KP_TENA:132:137    0.000 0     114   23 atctcc cctgaataaat ggaggt
