#RM scored
#RM descr h5 ss h3
#RM dfile sd3p_m.descr
>PQ_THIM:142:147 
PQ_THIM:142:147    0.000 0     122   26 gttgtt tttcaatcatatta aggaat
>PQ_THIM:142:147 
PQ_THIM:142:147    0.000 0     122   26 gttgttt ttcaatcatatt aaggaat
>PQ_THIM:142:147 
PQ_THIM:142:147    0.000 0     123   27 ttgttttt caatcatatta aggaataa
>PQ_THIM:142:147 
PQ_THIM:142:147    0.000 0     123   27 ttgtttttca atcatat taaggaataa
>PQ_THIM:142:147 
PQ_THIM:142:147    0.000 0     123   27 ttgtttttcaa tcata ttaaggaataa
>PQ_THIM:142:147 
PQ_THIM:142:147    0.000 0     123   24 ttgttt ttcaatcatatt aaggaa
>PQ_THIM:142:147 
PQ_THIM:142:147    0.000 0     124   25 tgttttt caatcatatta aggaata
>PQ_THIM:142:147 
PQ_THIM:142:147    0.000 0     124   25 tgtttttca atcatat taaggaata
>PQ_THIM:142:147 
PQ_THIM:142:147    0.000 0     124   25 tgtttttcaa tcata ttaaggaata
>PQ_THIM:142:147 
PQ_THIM:142:147    0.000 0     124   23 tgtttt tcaatcatatt aaggaa
>PQ_THIM:142:147 
PQ_THIM:142:147    0.000 0     125   23 gttttt caatcatatta aggaat
>PQ_THIM:142:147 
PQ_THIM:142:147    0.000 0     125   23 gtttttca atcatat taaggaat
>PQ_THIM:142:147 
PQ_THIM:142:147    0.000 0     125   23 gtttttcaa tcata ttaaggaat
>PQ_THIM:142:147 
PQ_THIM:142:147    0.000 0     126   21 tttttca atcatat taaggaa
>PQ_THIM:142:147 
PQ_THIM:142:147    0.000 0     126   21 tttttcaa tcata ttaaggaa
