#RM scored
#RM descr h5 ss h3
#RM dfile sd5p_m.descr
>PQ_THIM:142:147 
PQ_THIM:142:147    0.000 0      62   58 gttagcactgacgtaggaaa ctaaaggcgtaaacccac tattccccgttggtgttggt
>PQ_THIM:142:147 
PQ_THIM:142:147    0.000 0      62   58 gttagcactgacgtaggaaact aaaggcgtaaaccc actattccccgttggtgttggt
>PQ_THIM:142:147 
PQ_THIM:142:147    0.000 0      63   56 ttagcactgacgtaggaaa ctaaaggcgtaaacccac tattccccgttggtgttgg
>PQ_THIM:142:147 
PQ_THIM:142:147    0.000 0      63   56 ttagcactgacgtaggaaact aaaggcgtaaaccc actattccccgttggtgttgg
>PQ_THIM:142:147 
PQ_THIM:142:147    0.000 0      64   54 tagcactgacgtaggaaa ctaaaggcgtaaacccac tattccccgttggtgttg
>PQ_THIM:142:147 
PQ_THIM:142:147    0.000 0      64   54 tagcactgacgtaggaaact aaaggcgtaaaccc actattccccgttggtgttg
>PQ_THIM:142:147 
PQ_THIM:142:147    0.000 0      65   52 agcactgacgtaggaaa ctaaaggcgtaaacccac tattccccgttggtgtt
>PQ_THIM:142:147 
PQ_THIM:142:147    0.000 0      66   50 gcactgacgtaggaaa ctaaaggcgtaaacccac tattccccgttggtgt
>PQ_THIM:142:147 
PQ_THIM:142:147    0.000 0      67   48 cactgacgtaggaaa ctaaaggcgtaaacccac tattccccgttggtg
>PQ_THIM:142:147 
PQ_THIM:142:147    0.000 0      70   56 tgacgtaggaa actaaaggcgtaaacccactattccccgttggtg ttggtgcgttg
>PQ_THIM:142:147 
PQ_THIM:142:147    0.000 0      71   54 gacgtaggaa actaaaggcgtaaacccactattccccgttggtg ttggtgcgtt
>PQ_THIM:142:147 
PQ_THIM:142:147    0.000 0      74   61 gtaggaaacta aaggcgtaaacccactattccccgttggtgttggtgcgt tgtttttcaat
>PQ_THIM:142:147 
PQ_THIM:142:147    0.000 0      74   61 gtaggaaactaa aggcgtaaacccactattccccgttggtgttggtgcg ttgtttttcaat
>PQ_THIM:142:147 
PQ_THIM:142:147    0.000 0      75   59 taggaaacta aaggcgtaaacccactattccccgttggtgttggtgcgt tgtttttcaa
>PQ_THIM:142:147 
PQ_THIM:142:147    0.000 0      75   59 taggaaactaa aggcgtaaacccactattccccgttggtgttggtgcg ttgtttttcaa
>PQ_THIM:142:147 
PQ_THIM:142:147    0.000 0      75   58 taggaaacta aaggcgtaaacccactattccccgttggtgttggtgcg ttgtttttca
>PQ_THIM:142:147 
PQ_THIM:142:147    0.000 0      76   53 aggaaac taaaggcgtaaacccactattccccgttggtgttggtgc gttgttt
