#RM scored
#RM descr h5 ss h3
#RM dfile sd3p_m.descr
>SM_THID:134:139 
SM_THID:134:139    0.000 0     120   20 gccctc gtgcgaag gaggac
>RS_THIB:123:128 
RS_THIB:123:128    0.000 0      48   31 ccgttgaacct gacccggtt aggaccggcgg
>RS_THIB:123:128 
RS_THIB:123:128    0.000 0      48   31 ccgttgaacctg acccggt taggaccggcgg
>RS_THIB:123:128 
RS_THIB:123:128    0.000 0      48   31 ccgttgaacctga cccgg ttaggaccggcgg
>RS_THIB:123:128 
RS_THIB:123:128    0.000 0      49   29 cgttgaacct gacccggtt aggaccggcg
>RS_THIB:123:128 
RS_THIB:123:128    0.000 0      49   29 cgttgaacctg acccggt taggaccggcg
>RS_THIB:123:128 
RS_THIB:123:128    0.000 0      49   29 cgttgaacctga cccgg ttaggaccggcg
>RS_THIB:123:128 
RS_THIB:123:128    0.000 0      50   27 gttgaacctg acccggt taggaccggc
>RS_THIB:123:128 
RS_THIB:123:128    0.000 0      50   27 gttgaacctga cccgg ttaggaccggc
>RS_THIB:123:128 
RS_THIB:123:128    0.000 0      51   25 ttgaacctga cccgg ttaggaccgg
>VK_THIB:121:127 
VK_THIB:121:127    0.000 0      91   42 tgctgtgtact tttttgcgtaattacaagag aggacacaatg
>VK_THIB:121:127 
VK_THIB:121:127    0.000 0      91   42 tgctgtgtactt ttttgcgtaattacaaga gaggacacaatg
>VK_THIB:121:127 
VK_THIB:121:127    0.000 0      91   42 tgctgtgtacttt tttgcgtaattacaag agaggacacaatg
>VK_THIB:121:127 
VK_THIB:121:127    0.000 0      91   42 tgctgtgtactttt ttgcgtaattacaa gagaggacacaatg
>VK_THIB:121:127 
VK_THIB:121:127    0.000 0      91   42 tgctgtgtacttttt tgcgtaattaca agagaggacacaatg
>VK_THIB:121:127 
VK_THIB:121:127    0.000 0      91   42 tgctgtgtactttttt gcgtaattac aagagaggacacaatg
>VK_THIB:121:127 
VK_THIB:121:127    0.000 0      91   42 tgctgtgtacttttttg cgtaatta caagagaggacacaatg
>VK_THIB:121:127 
VK_THIB:121:127    0.000 0      91   42 tgctgtgtacttttttgcg taat tacaagagaggacacaatg
>VK_THIB:121:127 
VK_THIB:121:127    0.000 0      92   40 gctgtgtact tttttgcgtaattacaagag aggacacaat
>VK_THIB:121:127 
VK_THIB:121:127    0.000 0      92   40 gctgtgtactt ttttgcgtaattacaaga gaggacacaat
>VK_THIB:121:127 
VK_THIB:121:127    0.000 0      92   40 gctgtgtacttt tttgcgtaattacaag agaggacacaat
>VK_THIB:121:127 
VK_THIB:121:127    0.000 0      92   40 gctgtgtactttt ttgcgtaattacaa gagaggacacaat
>VK_THIB:121:127 
VK_THIB:121:127    0.000 0      92   40 gctgtgtacttttt tgcgtaattaca agagaggacacaat
>VK_THIB:121:127 
VK_THIB:121:127    0.000 0      92   40 gctgtgtactttttt gcgtaattac aagagaggacacaat
>VK_THIB:121:127 
VK_THIB:121:127    0.000 0      92   40 gctgtgtacttttttg cgtaatta caagagaggacacaat
>VK_THIB:121:127 
VK_THIB:121:127    0.000 0      92   40 gctgtgtacttttttgcg taat tacaagagaggacacaat
>VK_THIB:121:127 
VK_THIB:121:127    0.000 0      94   36 tgtgtact tttttgcgtaattacaagag aggacaca
>VK_THIB:121:127 
VK_THIB:121:127    0.000 0      94   36 tgtgtactt ttttgcgtaattacaaga gaggacaca
>VK_THIB:121:127 
VK_THIB:121:127    0.000 0      94   36 tgtgtacttt tttgcgtaattacaag agaggacaca
>VK_THIB:121:127 
VK_THIB:121:127    0.000 0      94   36 tgtgtactttt ttgcgtaattacaa gagaggacaca
>VK_THIB:121:127 
VK_THIB:121:127    0.000 0      94   36 tgtgtacttttt tgcgtaattaca agagaggacaca
>VK_THIB:121:127 
VK_THIB:121:127    0.000 0      94   36 tgtgtactttttt gcgtaattac aagagaggacaca
>VK_THIB:121:127 
VK_THIB:121:127    0.000 0      94   36 tgtgtacttttttg cgtaatta caagagaggacaca
>VK_THIB:121:127 
VK_THIB:121:127    0.000 0      94   36 tgtgtacttttttgcg taat tacaagagaggacaca
>VK_THIB:121:127 
VK_THIB:121:127    0.000 0      94   34 tgtgtacttt tttgcgtaattaca agagaggaca
>VK_THIB:121:127 
VK_THIB:121:127    0.000 0      94   34 tgtgtactttt ttgcgtaattac aagagaggaca
>VK_THIB:121:127 
VK_THIB:121:127    0.000 0      95   34 gtgtact tttttgcgtaattacaagag aggacac
>VK_THIB:121:127 
VK_THIB:121:127    0.000 0      95   34 gtgtactt ttttgcgtaattacaaga gaggacac
>VK_THIB:121:127 
VK_THIB:121:127    0.000 0      95   34 gtgtacttt tttgcgtaattacaag agaggacac
>VK_THIB:121:127 
VK_THIB:121:127    0.000 0      95   34 gtgtactttt ttgcgtaattacaa gagaggacac
>VK_THIB:121:127 
VK_THIB:121:127    0.000 0      95   34 gtgtacttttt tgcgtaattaca agagaggacac
>VK_THIB:121:127 
VK_THIB:121:127    0.000 0      95   34 gtgtactttttt gcgtaattac aagagaggacac
>VK_THIB:121:127 
VK_THIB:121:127    0.000 0      95   34 gtgtacttttttg cgtaatta caagagaggacac
>VK_THIB:121:127 
VK_THIB:121:127    0.000 0      95   34 gtgtacttttttgcg taat tacaagagaggacac
>VK_THIB:121:127 
VK_THIB:121:127    0.000 0      95   32 gtgtactttt ttgcgtaattac aagagaggac
>VK_THIB:121:127 
VK_THIB:121:127    0.000 0      96   34 tgtacttttt tgcgtaattacaag agaggacaca
>VK_THIB:121:127 
VK_THIB:121:127    0.000 0      96   34 tgtactttttt gcgtaattacaa gagaggacaca
>VK_THIB:121:127 
VK_THIB:121:127    0.000 0      96   32 tgtact tttttgcgtaattacaagag aggaca
>VK_THIB:121:127 
VK_THIB:121:127    0.000 0      96   32 tgtactt ttttgcgtaattacaaga gaggaca
>VK_THIB:121:127 
VK_THIB:121:127    0.000 0      96   32 tgtacttt tttgcgtaattacaag agaggaca
>VK_THIB:121:127 
VK_THIB:121:127    0.000 0      96   32 tgtactttt ttgcgtaattacaa gagaggaca
>VK_THIB:121:127 
VK_THIB:121:127    0.000 0      96   32 tgtacttttt tgcgtaattaca agagaggaca
>VK_THIB:121:127 
VK_THIB:121:127    0.000 0      96   32 tgtactttttt gcgtaattac aagagaggaca
>VK_THIB:121:127 
VK_THIB:121:127    0.000 0      96   32 tgtacttttttg cgtaatta caagagaggaca
>VK_THIB:121:127 
VK_THIB:121:127    0.000 0      96   32 tgtacttttttgcg taat tacaagagaggaca
>VK_THIB:121:127 
VK_THIB:121:127    0.000 0      97   32 gtactttttt gcgtaattacaa gagaggacac
>VK_THIB:121:127 
VK_THIB:121:127    0.000 0      97   30 gtactt ttttgcgtaattacaaga gaggac
>VK_THIB:121:127 
VK_THIB:121:127    0.000 0      97   30 gtacttt tttgcgtaattacaag agaggac
>VK_THIB:121:127 
VK_THIB:121:127    0.000 0      97   30 gtactttt ttgcgtaattacaa gagaggac
>VK_THIB:121:127 
VK_THIB:121:127    0.000 0      97   30 gtacttttt tgcgtaattaca agagaggac
>VK_THIB:121:127 
VK_THIB:121:127    0.000 0      97   30 gtactttttt gcgtaattac aagagaggac
>VK_THIB:121:127 
VK_THIB:121:127    0.000 0      97   30 gtacttttttg cgtaatta caagagaggac
>VK_THIB:121:127 
VK_THIB:121:127    0.000 0      97   30 gtacttttttgcg taat tacaagagaggac
>VK_THIB:121:127 
VK_THIB:121:127    0.000 0     101   27 tttttt gcgtaattacaagag aggaca
>VC_THID:135:140 
VC_THID:135:140    0.000 0      56   29 cgttgaacct gattcagtt aggactgacg
>VC_THID:135:140 
VC_THID:135:140    0.000 0      56   29 cgttgaacctg attcagt taggactgacg
>VC_THID:135:140 
VC_THID:135:140    0.000 0      56   29 cgttgaacctga ttcag ttaggactgacg
>VC_THID:135:140 
VC_THID:135:140    0.000 0      57   27 gttgaacctg attcagt taggactgac
>VC_THID:135:140 
VC_THID:135:140    0.000 0      57   27 gttgaacctga ttcag ttaggactgac
>VC_THID:135:140 
VC_THID:135:140    0.000 0      58   25 ttgaacctga ttcag ttaggactga
>VFI_THIB:140:145 
VFI_THIB:140:145    0.000 0     106   40 cattct cctacaactctagcctgtgccgctcaaa aggacg
>VFI_THIB:140:145 
VFI_THIB:140:145    0.000 0     108   39 ttctcct acaactctagcctgtgccgctcaaa aggacga
>VFI_THIB:140:145 
VFI_THIB:140:145    0.000 0     109   37 tctcct acaactctagcctgtgccgctcaaa aggacg
