#RM scored
#RM descr h5 ss h3
#RM dfile sd3p_m.descr
>PP_THIC:156:161 
PP_THIC:156:161    0.000 0     105   58 ttctccgcgc gtttcaggttcaccccgacattccactgctaggaagcc gtcaggagag
>PP_THIC:156:161 
PP_THIC:156:161    0.000 0     105   58 ttctccgcgcg tttcaggttcaccccgacattccactgctaggaagc cgtcaggagag
>PP_THIC:156:161 
PP_THIC:156:161    0.000 0     106   56 tctccgcgcg tttcaggttcaccccgacattccactgctaggaagc cgtcaggaga
>PP_THIC:156:161 
PP_THIC:156:161    0.000 0     113   51 gcgtttcagg ttcaccccgacattccactgctaggaagccg tcaggagagc
>PP_THIC:156:161 
PP_THIC:156:161    0.000 0     113   51 gcgtttcaggt tcaccccgacattccactgctaggaagcc gtcaggagagc
>PP_THIC:156:161 
PP_THIC:156:161    0.000 0     114   49 cgtttcaggt tcaccccgacattccactgctaggaagcc gtcaggagag
>PP_THIC:156:161 
PP_THIC:156:161    0.000 0     116   45 tttcag gttcaccccgacattccactgctaggaagccgt caggag
>PP_THIC:156:161 
PP_THIC:156:161    0.000 0     116   45 tttcagg ttcaccccgacattccactgctaggaagccg tcaggag
>PP_THIC:156:161 
PP_THIC:156:161    0.000 0     116   45 tttcaggt tcaccccgacattccactgctaggaagcc gtcaggag
