#RM scored
#RM descr h5 ss h3
#RM dfile sd5p_m.descr
>BME_THIB:136:142 
BME_THIB:136:142    0.000 0     134   26 aaaggaagtg ccgtga tgcgactttt
>BME_THIB:136:142 
BME_THIB:136:142    0.000 0     135   27 aaggaag tgccgtgatgcga cttttat
>BME_THIB:136:142 
BME_THIB:136:142    0.000 0     135   27 aaggaagt gccgtgatgcg acttttat
>BME_THIB:136:142 
BME_THIB:136:142    0.000 0     136   26 aggaag tgccgtgatgcgac ttttat
>RS_THIM:131:136 
RS_THIM:131:136    0.000 0      68   62 tgctggcggaggaag tcgcgatgctgcaggtcttgaatgcatttcgc ctccctccgtcacgg
>RS_THIM:131:136 
RS_THIM:131:136    0.000 0      71   56 tggcggaggaag tcgcgatgctgcaggtcttgaatgcatttcgc ctccctccgtca
>RS_THIM:131:136 
RS_THIM:131:136    0.000 0      71   56 tggcggaggaagtc gcgatgctgcaggtcttgaatgcatttc gcctccctccgtca
>RS_THIM:131:136 
RS_THIM:131:136    0.000 0      71   56 tggcggaggaagtcg cgatgctgcaggtcttgaatgcattt cgcctccctccgtca
>RS_THIM:131:136 
RS_THIM:131:136    0.000 0      71   56 tggcggaggaagtcgcg atgctgcaggtcttgaatgcat ttcgcctccctccgtca
>RS_THIM:131:136 
RS_THIM:131:136    0.000 0      71   56 tggcggaggaagtcgcga tgctgcaggtcttgaatgca tttcgcctccctccgtca
>RS_THIM:131:136 
RS_THIM:131:136    0.000 0      71   56 tggcggaggaagtcgcgat gctgcaggtcttgaatgc atttcgcctccctccgtca
>RS_THIM:131:136 
RS_THIM:131:136    0.000 0      71   56 tggcggaggaagtcgcgatg ctgcaggtcttgaatg catttcgcctccctccgtca
>RS_THIM:131:136 
RS_THIM:131:136    0.000 0      71   56 tggcggaggaagtcgcgatgc tgcaggtcttgaat gcatttcgcctccctccgtca
>RS_THIM:131:136 
RS_THIM:131:136    0.000 0      72   54 ggcggaggaag tcgcgatgctgcaggtcttgaatgcatttcgc ctccctccgtc
>RS_THIM:131:136 
RS_THIM:131:136    0.000 0      72   54 ggcggaggaagtc gcgatgctgcaggtcttgaatgcatttc gcctccctccgtc
>RS_THIM:131:136 
RS_THIM:131:136    0.000 0      72   54 ggcggaggaagtcg cgatgctgcaggtcttgaatgcattt cgcctccctccgtc
>RS_THIM:131:136 
RS_THIM:131:136    0.000 0      72   54 ggcggaggaagtcgcg atgctgcaggtcttgaatgcat ttcgcctccctccgtc
>RS_THIM:131:136 
RS_THIM:131:136    0.000 0      72   54 ggcggaggaagtcgcga tgctgcaggtcttgaatgca tttcgcctccctccgtc
>RS_THIM:131:136 
RS_THIM:131:136    0.000 0      72   54 ggcggaggaagtcgcgat gctgcaggtcttgaatgc atttcgcctccctccgtc
>RS_THIM:131:136 
RS_THIM:131:136    0.000 0      72   54 ggcggaggaagtcgcgatg ctgcaggtcttgaatg catttcgcctccctccgtc
>RS_THIM:131:136 
RS_THIM:131:136    0.000 0      72   54 ggcggaggaagtcgcgatgc tgcaggtcttgaat gcatttcgcctccctccgtc
>RS_THIM:131:136 
RS_THIM:131:136    0.000 0      73   52 gcggaggaag tcgcgatgctgcaggtcttgaatgcatttcgc ctccctccgt
>RS_THIM:131:136 
RS_THIM:131:136    0.000 0      73   52 gcggaggaagtc gcgatgctgcaggtcttgaatgcatttc gcctccctccgt
>RS_THIM:131:136 
RS_THIM:131:136    0.000 0      73   52 gcggaggaagtcg cgatgctgcaggtcttgaatgcattt cgcctccctccgt
>RS_THIM:131:136 
RS_THIM:131:136    0.000 0      73   52 gcggaggaagtcgcg atgctgcaggtcttgaatgcat ttcgcctccctccgt
>RS_THIM:131:136 
RS_THIM:131:136    0.000 0      73   52 gcggaggaagtcgcga tgctgcaggtcttgaatgca tttcgcctccctccgt
>RS_THIM:131:136 
RS_THIM:131:136    0.000 0      73   52 gcggaggaagtcgcgat gctgcaggtcttgaatgc atttcgcctccctccgt
>RS_THIM:131:136 
RS_THIM:131:136    0.000 0      73   52 gcggaggaagtcgcgatg ctgcaggtcttgaatg catttcgcctccctccgt
>RS_THIM:131:136 
RS_THIM:131:136    0.000 0      73   52 gcggaggaagtcgcgatgc tgcaggtcttgaat gcatttcgcctccctccgt
>RS_THIM:131:136 
RS_THIM:131:136    0.000 0      74   50 cggaggaag tcgcgatgctgcaggtcttgaatgcatttcgc ctccctccg
>RS_THIM:131:136 
RS_THIM:131:136    0.000 0      74   50 cggaggaagtc gcgatgctgcaggtcttgaatgcatttc gcctccctccg
>RS_THIM:131:136 
RS_THIM:131:136    0.000 0      74   50 cggaggaagtcg cgatgctgcaggtcttgaatgcattt cgcctccctccg
>RS_THIM:131:136 
RS_THIM:131:136    0.000 0      74   50 cggaggaagtcgcga tgctgcaggtcttgaatgca tttcgcctccctccg
>RS_THIM:131:136 
RS_THIM:131:136    0.000 0      74   50 cggaggaagtcgcgat gctgcaggtcttgaatgc atttcgcctccctccg
>RS_THIM:131:136 
RS_THIM:131:136    0.000 0      74   50 cggaggaagtcgcgatg ctgcaggtcttgaatg catttcgcctccctccg
>RS_THIM:131:136 
RS_THIM:131:136    0.000 0      74   50 cggaggaagtcgcgatgc tgcaggtcttgaat gcatttcgcctccctccg
>RS_THIM:131:136 
RS_THIM:131:136    0.000 0      75   48 ggaggaag tcgcgatgctgcaggtcttgaatgcatttcgc ctccctcc
>RS_THIM:131:136 
RS_THIM:131:136    0.000 0      75   48 ggaggaagtc gcgatgctgcaggtcttgaatgcatttc gcctccctcc
>RS_THIM:131:136 
RS_THIM:131:136    0.000 0      75   48 ggaggaagtcg cgatgctgcaggtcttgaatgcattt cgcctccctcc
>RS_THIM:131:136 
RS_THIM:131:136    0.000 0      75   48 ggaggaagtcgcgat gctgcaggtcttgaatgc atttcgcctccctcc
>RS_THIM:131:136 
RS_THIM:131:136    0.000 0      75   48 ggaggaagtcgcgatg ctgcaggtcttgaatg catttcgcctccctcc
>RS_THIM:131:136 
RS_THIM:131:136    0.000 0      75   48 ggaggaagtcgcgatgc tgcaggtcttgaat gcatttcgcctccctcc
>RS_THIM:131:136 
RS_THIM:131:136    0.000 0      76   46 gaggaag tcgcgatgctgcaggtcttgaatgcatttcgc ctccctc
>RS_THIM:131:136 
RS_THIM:131:136    0.000 0      76   46 gaggaagtcg cgatgctgcaggtcttgaatgcattt cgcctccctc
>RS_THIM:131:136 
RS_THIM:131:136    0.000 0      76   46 gaggaagtcgcgatg ctgcaggtcttgaatg catttcgcctccctc
>RS_THIM:131:136 
RS_THIM:131:136    0.000 0      76   46 gaggaagtcgcgatgc tgcaggtcttgaat gcatttcgcctccctc
>RS_THIM:131:136 
RS_THIM:131:136    0.000 0      77   44 aggaag tcgcgatgctgcaggtcttgaatgcatttcgc ctccct
>RS_THIM:131:136 
RS_THIM:131:136    0.000 0      77   44 aggaagtcgcgatgc tgcaggtcttgaat gcatttcgcctccct
