#RM scored
#RM descr h5 ss h3
#RM dfile sd3p_m.descr
>RS_THIB:123:128 
RS_THIB:123:128    0.000 0      94   41 ctcctcatcc cgttccgttccgcgtcgaaga ggaggatgag
>RS_THIB:123:128 
RS_THIB:123:128    0.000 0      94   35 ctcctc atcccgttccgttccgcgtcgaa gaggag
>RS_THIB:123:128 
RS_THIB:123:128    0.000 0      94   35 ctcctcat cccgttccgttccgcgtcg aagaggag
>RS_THIB:123:128 
RS_THIB:123:128    0.000 0      94   35 ctcctcatc ccgttccgttccgcgtc gaagaggag
>RS_THIB:123:128 
RS_THIB:123:128    0.000 0      95   36 tcctcat cccgttccgttccgcgtcgaag aggagga
>RS_THIB:123:128 
RS_THIB:123:128    0.000 0      95   36 tcctcatc ccgttccgttccgcgtcgaa gaggagga
>RS_THIB:123:128 
RS_THIB:123:128    0.000 0      95   33 tcctcat cccgttccgttccgcgtcg aagagga
>RS_THIB:123:128 
RS_THIB:123:128    0.000 0      95   33 tcctcatc ccgttccgttccgcgtc gaagagga
>RS_THIB:123:128 
RS_THIB:123:128    0.000 0      96   34 cctcatc ccgttccgttccgcgtcgaa gaggagg
>RS_THIB:123:128 
RS_THIB:123:128    0.000 0      97   43 ctcatcccgttccgt tccgcgtcgaaga ggaggatgagatgag
>RS_THIB:123:128 
RS_THIB:123:128    0.000 0      97   43 ctcatcccgttccgtt ccgcgtcgaag aggaggatgagatgag
>RS_THIB:123:128 
RS_THIB:123:128    0.000 0      97   43 ctcatcccgttccgttc cgcgtcgaa gaggaggatgagatgag
>RS_THIB:123:128 
RS_THIB:123:128    0.000 0      97   38 ctcatcccgt tccgttccgcgtcgaaga ggaggatgag
>RS_THIB:123:128 
RS_THIB:123:128    0.000 0      97   38 ctcatcccgtt ccgttccgcgtcgaag aggaggatgag
>RS_THIB:123:128 
RS_THIB:123:128    0.000 0      97   38 ctcatcccgttc cgttccgcgtcgaa gaggaggatgag
>RS_THIB:123:128 
RS_THIB:123:128    0.000 0      97   32 ctcatc ccgttccgttccgcgtcgaa gaggag
>RS_THIB:123:128 
RS_THIB:123:128    0.000 0      98   41 tcatcccgttccgtt ccgcgtcgaag aggaggatgagatga
>RS_THIB:123:128 
RS_THIB:123:128    0.000 0      98   41 tcatcccgttccgttc cgcgtcgaa gaggaggatgagatga
>RS_THIB:123:128 
RS_THIB:123:128    0.000 0      98   36 tcatcccgtt ccgttccgcgtcgaag aggaggatga
>RS_THIB:123:128 
RS_THIB:123:128    0.000 0      98   36 tcatcccgttc cgttccgcgtcgaa gaggaggatga
>RS_THIB:123:128 
RS_THIB:123:128    0.000 0      98   33 tcatcc cgttccgttccgcgtcgaaga ggagga
>RS_THIB:123:128 
RS_THIB:123:128    0.000 0      99   39 catcccgttccgttc cgcgtcgaa gaggaggatgagatg
>RS_THIB:123:128 
RS_THIB:123:128    0.000 0      99   34 catcccgttc cgttccgcgtcgaa gaggaggatg
>RS_THIB:123:128 
RS_THIB:123:128    0.000 0     104   29 cgttccgttc cgcgtcgaa gaggaggatg
>RS_THIB:123:128 
RS_THIB:123:128    0.000 0     106   23 ttccgt tccgcgtcgaa gaggag
>RS_THIB:123:128 
RS_THIB:123:128    0.000 0     106   23 ttccgtt ccgcgtcga agaggag
>RS_THIB:123:128 
RS_THIB:123:128    0.000 0     107   24 tccgtt ccgcgtcgaaga ggagga
>RS_THIB:123:128 
RS_THIB:123:128    0.000 0     107   21 tccgtt ccgcgtcga agagga
>RS_THIB:123:128 
RS_THIB:123:128    0.000 0     111   18 ttccgc gtcgaa gaggag
