#RM scored
#RM descr h5 ss h3
#RM dfile sd3p_m.descr
>BAC_ZY_THIY:145:150 
BAC_ZY_THIY:145:150    0.000 0     100   59 ataactgtttcttca ttcacttttttacgcaataattaaatgga tggaggaattttttt
>BAC_ZY_THIY:145:150 
BAC_ZY_THIY:145:150    0.000 0     100   59 ataactgtttcttcat tcacttttttacgcaataattaaatgg atggaggaattttttt
>BAC_ZY_THIY:145:150 
BAC_ZY_THIY:145:150    0.000 0     100   59 ataactgtttcttcatt cacttttttacgcaataattaaatg gatggaggaattttttt
>BAC_ZY_THIY:145:150 
BAC_ZY_THIY:145:150    0.000 0     100   59 ataactgtttcttcattc acttttttacgcaataattaaat ggatggaggaattttttt
>BAC_ZY_THIY:145:150 
BAC_ZY_THIY:145:150    0.000 0     100   59 ataactgtttcttcattca cttttttacgcaataattaaa tggatggaggaattttttt
>BAC_ZY_THIY:145:150 
BAC_ZY_THIY:145:150    0.000 0     100   59 ataactgtttcttcattcact tttttacgcaataatta aatggatggaggaattttttt
>BAC_ZY_THIY:145:150 
BAC_ZY_THIY:145:150    0.000 0     100   59 ataactgtttcttcattcactt ttttacgcaataatt aaatggatggaggaattttttt
>BAC_ZY_THIY:145:150 
BAC_ZY_THIY:145:150    0.000 0     102   55 aactgtttcttc attcacttttttacgcaataattaaatggat ggaggaattttt
>BAC_ZY_THIY:145:150 
BAC_ZY_THIY:145:150    0.000 0     102   55 aactgtttcttca ttcacttttttacgcaataattaaatgga tggaggaattttt
>BAC_ZY_THIY:145:150 
BAC_ZY_THIY:145:150    0.000 0     102   55 aactgtttcttcat tcacttttttacgcaataattaaatgg atggaggaattttt
>BAC_ZY_THIY:145:150 
BAC_ZY_THIY:145:150    0.000 0     102   55 aactgtttcttcatt cacttttttacgcaataattaaatg gatggaggaattttt
>BAC_ZY_THIY:145:150 
BAC_ZY_THIY:145:150    0.000 0     102   55 aactgtttcttcattc acttttttacgcaataattaaat ggatggaggaattttt
>BAC_ZY_THIY:145:150 
BAC_ZY_THIY:145:150    0.000 0     102   55 aactgtttcttcattca cttttttacgcaataattaaa tggatggaggaattttt
>BAC_ZY_THIY:145:150 
BAC_ZY_THIY:145:150    0.000 0     102   55 aactgtttcttcattcact tttttacgcaataatta aatggatggaggaattttt
>BAC_ZY_THIY:145:150 
BAC_ZY_THIY:145:150    0.000 0     102   55 aactgtttcttcattcactt ttttacgcaataatt aaatggatggaggaattttt
>BAC_ZY_THIY:145:150 
BAC_ZY_THIY:145:150    0.000 0     102   55 aactgtttcttcattcactttttta cgcaa taattaaatggatggaggaattttt
>BAC_ZY_THIY:145:150 
BAC_ZY_THIY:145:150    0.000 0     102   53 aactgtttct tcattcacttttttacgcaataattaaatggat ggaggaattt
>BAC_ZY_THIY:145:150 
BAC_ZY_THIY:145:150    0.000 0     103   53 actgtttcttc attcacttttttacgcaataattaaatggat ggaggaatttt
>BAC_ZY_THIY:145:150 
BAC_ZY_THIY:145:150    0.000 0     103   53 actgtttcttca ttcacttttttacgcaataattaaatgga tggaggaatttt
>BAC_ZY_THIY:145:150 
BAC_ZY_THIY:145:150    0.000 0     103   53 actgtttcttcat tcacttttttacgcaataattaaatgg atggaggaatttt
>BAC_ZY_THIY:145:150 
BAC_ZY_THIY:145:150    0.000 0     103   53 actgtttcttcatt cacttttttacgcaataattaaatg gatggaggaatttt
>BAC_ZY_THIY:145:150 
BAC_ZY_THIY:145:150    0.000 0     103   53 actgtttcttcattc acttttttacgcaataattaaat ggatggaggaatttt
>BAC_ZY_THIY:145:150 
BAC_ZY_THIY:145:150    0.000 0     103   53 actgtttcttcattca cttttttacgcaataattaaa tggatggaggaatttt
>BAC_ZY_THIY:145:150 
BAC_ZY_THIY:145:150    0.000 0     103   53 actgtttcttcattcact tttttacgcaataatta aatggatggaggaatttt
>BAC_ZY_THIY:145:150 
BAC_ZY_THIY:145:150    0.000 0     103   53 actgtttcttcattcactt ttttacgcaataatt aaatggatggaggaatttt
>BAC_ZY_THIY:145:150 
BAC_ZY_THIY:145:150    0.000 0     105   47 tgtttct tcattcacttttttacgcaataattaaatggat ggaggaa
>BAC_ZY_THIY:145:150 
BAC_ZY_THIY:145:150    0.000 0     105   46 tgtttc ttcattcacttttttacgcaataattaaatggat ggagga
>BAC_ZY_THIY:145:150 
BAC_ZY_THIY:145:150    0.000 0     105   45 tgtttcttca ttcacttttttacgcaataattaaa tggatggagg
>BAC_ZY_THIY:145:150 
BAC_ZY_THIY:145:150    0.000 0     105   45 tgtttcttcat tcacttttttacgcaataattaa atggatggagg
>BAC_ZY_THIY:145:150 
BAC_ZY_THIY:145:150    0.000 0     105   45 tgtttcttcatt cacttttttacgcaataatta aatggatggagg
>BAC_ZY_THIY:145:150 
BAC_ZY_THIY:145:150    0.000 0     106   47 gtttcttc attcacttttttacgcaataattaaatggat ggaggaat
>BAC_ZY_THIY:145:150 
BAC_ZY_THIY:145:150    0.000 0     106   47 gtttcttca ttcacttttttacgcaataattaaatgga tggaggaat
>BAC_ZY_THIY:145:150 
BAC_ZY_THIY:145:150    0.000 0     106   47 gtttcttcat tcacttttttacgcaataattaaatgg atggaggaat
>BAC_ZY_THIY:145:150 
BAC_ZY_THIY:145:150    0.000 0     106   47 gtttcttcatt cacttttttacgcaataattaaatg gatggaggaat
>BAC_ZY_THIY:145:150 
BAC_ZY_THIY:145:150    0.000 0     106   47 gtttcttcattc acttttttacgcaataattaaat ggatggaggaat
>BAC_ZY_THIY:145:150 
BAC_ZY_THIY:145:150    0.000 0     106   47 gtttcttcattca cttttttacgcaataattaaa tggatggaggaat
>BAC_ZY_THIY:145:150 
BAC_ZY_THIY:145:150    0.000 0     106   47 gtttcttcattcact tttttacgcaataatta aatggatggaggaat
>BAC_ZY_THIY:145:150 
BAC_ZY_THIY:145:150    0.000 0     106   47 gtttcttcattcactt ttttacgcaataatt aaatggatggaggaat
>BAC_ZY_THIY:145:150 
BAC_ZY_THIY:145:150    0.000 0     106   47 gtttcttcattcacttttt tacgcaata attaaatggatggaggaat
>BAC_ZY_THIY:145:150 
BAC_ZY_THIY:145:150    0.000 0     106   47 gtttcttcattcactttttt acgcaat aattaaatggatggaggaat
>BAC_ZY_THIY:145:150 
BAC_ZY_THIY:145:150    0.000 0     106   47 gtttcttcattcactttttta cgcaa taattaaatggatggaggaat
>BAC_ZY_THIY:145:150 
BAC_ZY_THIY:145:150    0.000 0     107   45 tttcttc attcacttttttacgcaataattaaatggat ggaggaa
>BAC_ZY_THIY:145:150 
BAC_ZY_THIY:145:150    0.000 0     107   45 tttcttca ttcacttttttacgcaataattaaatgga tggaggaa
>BAC_ZY_THIY:145:150 
BAC_ZY_THIY:145:150    0.000 0     107   45 tttcttcat tcacttttttacgcaataattaaatgg atggaggaa
>BAC_ZY_THIY:145:150 
BAC_ZY_THIY:145:150    0.000 0     107   45 tttcttcatt cacttttttacgcaataattaaatg gatggaggaa
>BAC_ZY_THIY:145:150 
BAC_ZY_THIY:145:150    0.000 0     107   45 tttcttcattc acttttttacgcaataattaaat ggatggaggaa
>BAC_ZY_THIY:145:150 
BAC_ZY_THIY:145:150    0.000 0     107   45 tttcttcattca cttttttacgcaataattaaa tggatggaggaa
>BAC_ZY_THIY:145:150 
BAC_ZY_THIY:145:150    0.000 0     107   45 tttcttcattcact tttttacgcaataatta aatggatggaggaa
>BAC_ZY_THIY:145:150 
BAC_ZY_THIY:145:150    0.000 0     107   45 tttcttcattcactt ttttacgcaataatt aaatggatggaggaa
>BAC_ZY_THIY:145:150 
BAC_ZY_THIY:145:150    0.000 0     107   45 tttcttcattcacttttt tacgcaata attaaatggatggaggaa
>BAC_ZY_THIY:145:150 
BAC_ZY_THIY:145:150    0.000 0     107   45 tttcttcattcactttttt acgcaat aattaaatggatggaggaa
>BAC_ZY_THIY:145:150 
BAC_ZY_THIY:145:150    0.000 0     107   45 tttcttcattcactttttta cgcaa taattaaatggatggaggaa
>BAC_ZY_THIY:145:150 
BAC_ZY_THIY:145:150    0.000 0     107   44 tttctt cattcacttttttacgcaataattaaatggat ggagga
>BAC_ZY_THIY:145:150 
BAC_ZY_THIY:145:150    0.000 0     108   44 ttcttcattc acttttttacgcaataattaaatg gatggaggaa
>BAC_ZY_THIY:145:150 
BAC_ZY_THIY:145:150    0.000 0     108   43 ttcttc attcacttttttacgcaataattaaatggat ggagga
>BAC_ZY_THIY:145:150 
BAC_ZY_THIY:145:150    0.000 0     108   43 ttcttca ttcacttttttacgcaataattaaatgga tggagga
>BAC_ZY_THIY:145:150 
BAC_ZY_THIY:145:150    0.000 0     108   43 ttcttcat tcacttttttacgcaataattaaatgg atggagga
>BAC_ZY_THIY:145:150 
BAC_ZY_THIY:145:150    0.000 0     108   43 ttcttcatt cacttttttacgcaataattaaatg gatggagga
>BAC_ZY_THIY:145:150 
BAC_ZY_THIY:145:150    0.000 0     108   43 ttcttcattc acttttttacgcaataattaaat ggatggagga
>BAC_ZY_THIY:145:150 
BAC_ZY_THIY:145:150    0.000 0     108   43 ttcttcattca cttttttacgcaataattaaa tggatggagga
>BAC_ZY_THIY:145:150 
BAC_ZY_THIY:145:150    0.000 0     108   43 ttcttcattcact tttttacgcaataatta aatggatggagga
>BAC_ZY_THIY:145:150 
BAC_ZY_THIY:145:150    0.000 0     108   43 ttcttcattcactt ttttacgcaataatt aaatggatggagga
>BAC_ZY_THIY:145:150 
BAC_ZY_THIY:145:150    0.000 0     108   43 ttcttcattcacttttt tacgcaata attaaatggatggagga
>BAC_ZY_THIY:145:150 
BAC_ZY_THIY:145:150    0.000 0     108   43 ttcttcattcactttttt acgcaat aattaaatggatggagga
>BAC_ZY_THIY:145:150 
BAC_ZY_THIY:145:150    0.000 0     108   43 ttcttcattcactttttta cgcaa taattaaatggatggagga
>BAC_ZY_THIY:145:150 
BAC_ZY_THIY:145:150    0.000 0     109   41 tcttca ttcacttttttacgcaataattaaatgga tggagg
>BAC_ZY_THIY:145:150 
BAC_ZY_THIY:145:150    0.000 0     109   41 tcttcat tcacttttttacgcaataattaaatgg atggagg
>BAC_ZY_THIY:145:150 
BAC_ZY_THIY:145:150    0.000 0     109   41 tcttcatt cacttttttacgcaataattaaatg gatggagg
>BAC_ZY_THIY:145:150 
BAC_ZY_THIY:145:150    0.000 0     109   41 tcttcattc acttttttacgcaataattaaat ggatggagg
>BAC_ZY_THIY:145:150 
BAC_ZY_THIY:145:150    0.000 0     109   41 tcttcattca cttttttacgcaataattaaa tggatggagg
>BAC_ZY_THIY:145:150 
BAC_ZY_THIY:145:150    0.000 0     109   41 tcttcattcact tttttacgcaataatta aatggatggagg
>BAC_ZY_THIY:145:150 
BAC_ZY_THIY:145:150    0.000 0     109   41 tcttcattcactt ttttacgcaataatt aaatggatggagg
>BAC_ZY_THIY:145:150 
BAC_ZY_THIY:145:150    0.000 0     109   41 tcttcattcacttttt tacgcaata attaaatggatggagg
>BAC_ZY_THIY:145:150 
BAC_ZY_THIY:145:150    0.000 0     109   41 tcttcattcactttttt acgcaat aattaaatggatggagg
>BAC_ZY_THIY:145:150 
BAC_ZY_THIY:145:150    0.000 0     109   41 tcttcattcactttttta cgcaa taattaaatggatggagg
>BAC_ZY_THIY:145:150 
BAC_ZY_THIY:145:150    0.000 0     111   41 ttcattc acttttttacgcaataattaaatggat ggaggaa
>BAC_ZY_THIY:145:150 
BAC_ZY_THIY:145:150    0.000 0     111   41 ttcattca cttttttacgcaataattaaatgga tggaggaa
>BAC_ZY_THIY:145:150 
BAC_ZY_THIY:145:150    0.000 0     111   41 ttcattcact tttttacgcaataattaaatg gatggaggaa
>BAC_ZY_THIY:145:150 
BAC_ZY_THIY:145:150    0.000 0     111   41 ttcattcactt ttttacgcaataattaaat ggatggaggaa
>BAC_ZY_THIY:145:150 
BAC_ZY_THIY:145:150    0.000 0     111   41 ttcattcactttttt acgcaataatt aaatggatggaggaa
>BAC_ZY_THIY:145:150 
BAC_ZY_THIY:145:150    0.000 0     111   41 ttcattcactttttta cgcaataat taaatggatggaggaa
>BAC_ZY_THIY:145:150 
BAC_ZY_THIY:145:150    0.000 0     111   40 ttcatt cacttttttacgcaataattaaatggat ggagga
>BAC_ZY_THIY:145:150 
BAC_ZY_THIY:145:150    0.000 0     112   39 tcattc acttttttacgcaataattaaatggat ggagga
>BAC_ZY_THIY:145:150 
BAC_ZY_THIY:145:150    0.000 0     112   39 tcattca cttttttacgcaataattaaatgga tggagga
>BAC_ZY_THIY:145:150 
BAC_ZY_THIY:145:150    0.000 0     112   39 tcattcactt ttttacgcaataattaaat ggatggagga
>BAC_ZY_THIY:145:150 
BAC_ZY_THIY:145:150    0.000 0     112   39 tcattcactttttta cgcaataat taaatggatggagga
>BAC_ZY_THIY:145:150 
BAC_ZY_THIY:145:150    0.000 0     113   37 cattca cttttttacgcaataattaaatgga tggagg
>BAC_ZY_THIY:145:150 
BAC_ZY_THIY:145:150    0.000 0     115   36 ttcact tttttacgcaataattaaatggat ggagga
>BAC_ZY_THIY:145:150 
BAC_ZY_THIY:145:150    0.000 0     115   36 ttcacttttt tacgcaataattaaat ggatggagga
>BAC_ZY_THIY:145:150 
BAC_ZY_THIY:145:150    0.000 0     118   35 actttttt acgcaataattaaatggat ggaggaat
>BAC_ZY_THIY:145:150 
BAC_ZY_THIY:145:150    0.000 0     118   35 actttttta cgcaataattaaatgga tggaggaat
>BAC_ZY_THIY:145:150 
BAC_ZY_THIY:145:150    0.000 0     119   31 ctttttt acgcaataattaaatgg atggagg
>BAC_ZY_THIY:145:150 
BAC_ZY_THIY:145:150    0.000 0     119   31 cttttttacg caataattaaa tggatggagg
>BAC_ZY_THIY:145:150 
BAC_ZY_THIY:145:150    0.000 0     120   31 tttttt acgcaataattaaatggat ggagga
>BAC_ZY_THIY:145:150 
BAC_ZY_THIY:145:150    0.000 0     120   31 tttttta cgcaataattaaatgga tggagga
>BAC_ZY_THIY:145:150 
BAC_ZY_THIY:145:150    0.000 0     120   31 ttttttacgc aataattaaat ggatggagga
>BAC_ZY_THIY:145:150 
BAC_ZY_THIY:145:150    0.000 0     120   31 ttttttacgca ataattaaa tggatggagga
>BAC_ZY_THIY:145:150 
BAC_ZY_THIY:145:150    0.000 0     121   31 tttttac gcaataattaaatggat ggaggaa
>BAC_ZY_THIY:145:150 
BAC_ZY_THIY:145:150    0.000 0     121   31 tttttacg caataattaaatgga tggaggaa
>BAC_ZY_THIY:145:150 
BAC_ZY_THIY:145:150    0.000 0     121   29 ttttta cgcaataattaaatgga tggagg
>BAC_ZY_THIY:145:150 
BAC_ZY_THIY:145:150    0.000 0     121   29 tttttacgca ataattaaa tggatggagg
>BAC_ZY_THIY:145:150 
BAC_ZY_THIY:145:150    0.000 0     122   29 ttttac gcaataattaaatggat ggagga
>BAC_ZY_THIY:145:150 
BAC_ZY_THIY:145:150    0.000 0     122   29 ttttacg caataattaaatgga tggagga
>BAC_ZY_THIY:145:150 
BAC_ZY_THIY:145:150    0.000 0     123   27 tttacg caataattaaatgga tggagg
