#RM scored
#RM descr h5 ss h3
#RM dfile sd5p_m.descr
>AU_THIB:138:143 
AU_THIB:138:143    0.000 0      84   57 cggcggaggg attagacggcttaaaggcaagcggctactccttctcg tcttttgagg
>AU_THIB:138:143 
AU_THIB:138:143    0.000 0      84   54 cggcggaggg attagacggcttaaaggcaagcggctactccttc tcgtcttttg
>AU_THIB:138:143 
AU_THIB:138:143    0.000 0      84   47 cggcggaggg attagacggcttaaaggcaagcggcta ctccttctcg
>AU_THIB:138:143 
AU_THIB:138:143    0.000 0      85   51 ggcggaggga ttagacggcttaaaggcaagcggctactcct tctcgtcttt
>AU_THIB:138:143 
AU_THIB:138:143    0.000 0      85   48 ggcggagg gattagacggcttaaaggcaagcggctactcc ttctcgtc
>AU_THIB:138:143 
AU_THIB:138:143    0.000 0      85   48 ggcggaggg attagacggcttaaaggcaagcggctactc cttctcgtc
>AU_THIB:138:143 
AU_THIB:138:143    0.000 0      85   47 ggcggaggga ttagacggcttaaaggcaagcggctac tccttctcgt
>AU_THIB:138:143 
AU_THIB:138:143    0.000 0      86   46 gcggagg gattagacggcttaaaggcaagcggctactcc ttctcgt
>AU_THIB:138:143 
AU_THIB:138:143    0.000 0      86   46 gcggaggg attagacggcttaaaggcaagcggctactc cttctcgt
>AU_THIB:138:143 
AU_THIB:138:143    0.000 0      86   44 gcggagg gattagacggcttaaaggcaagcggctact ccttctc
>AU_THIB:138:143 
AU_THIB:138:143    0.000 0      86   44 gcggaggg attagacggcttaaaggcaagcggctac tccttctc
>AU_THIB:138:143 
AU_THIB:138:143    0.000 0      86   44 gcggagggat tagacggcttaaaggcaagcggct actccttctc
>AU_THIB:138:143 
AU_THIB:138:143    0.000 0      87   51 cggagg gattagacggcttaaaggcaagcggctactccttctcgt cttttg
>AU_THIB:138:143 
AU_THIB:138:143    0.000 0      87   51 cggaggg attagacggcttaaaggcaagcggctactccttctcg tcttttg
>AU_THIB:138:143 
AU_THIB:138:143    0.000 0      87   44 cggagg gattagacggcttaaaggcaagcggctactcc ttctcg
>AU_THIB:138:143 
AU_THIB:138:143    0.000 0      87   44 cggaggg attagacggcttaaaggcaagcggctactc cttctcg
>AU_THIB:138:143 
AU_THIB:138:143    0.000 0      88   49 ggaggg attagacggcttaaaggcaagcggctactccttctcg tctttt
>AU_THIB:138:143 
AU_THIB:138:143    0.000 0      88   46 ggaggg attagacggcttaaaggcaagcggctactccttc tcgtct
>AU_THIB:138:143 
AU_THIB:138:143    0.000 0      88   45 ggaggg attagacggcttaaaggcaagcggctactcctt ctcgtc
>AU_THIB:138:143 
AU_THIB:138:143    0.000 0      88   45 ggaggga ttagacggcttaaaggcaagcggctactcct tctcgtc
>AU_THIB:138:143 
AU_THIB:138:143    0.000 0      88   42 ggaggg attagacggcttaaaggcaagcggctactc cttctc
>AU_THIB:138:143 
AU_THIB:138:143    0.000 0      88   41 ggaggg attagacggcttaaaggcaagcggctact ccttct
>AU_THIB:138:143 
AU_THIB:138:143    0.000 0      88   41 ggaggga ttagacggcttaaaggcaagcggctac tccttct
>AU_THIB:138:143 
AU_THIB:138:143    0.000 0      88   41 ggagggatt agacggcttaaaggcaagcggct actccttct
>AU_THIB:138:143 
AU_THIB:138:143    0.000 0      88   41 ggagggatta gacggcttaaaggcaagcggc tactccttct
>AU_THIB:138:143 
AU_THIB:138:143    0.000 0      88   41 ggagggattag acggcttaaaggcaagcgg ctactccttct
>AU_THIB:138:143 
AU_THIB:138:143    0.000 0      88   41 ggagggattagac ggcttaaaggcaagc ggctactccttct
>AU_THIB:138:143 
AU_THIB:138:143    0.000 0      88   41 ggagggattagacg gcttaaaggcaag cggctactccttct
>AU_THIB:138:143 
AU_THIB:138:143    0.000 0      88   40 ggaggg attagacggcttaaaggcaagcggctac tccttc
>AU_THIB:138:143 
AU_THIB:138:143    0.000 0      88   40 ggagggat tagacggcttaaaggcaagcggct actccttc
>AU_THIB:138:143 
AU_THIB:138:143    0.000 0      88   39 ggaggg attagacggcttaaaggcaagcggcta ctcctt
>AU_THIB:138:143 
AU_THIB:138:143    0.000 0      88   37 ggaggg attagacggcttaaaggcaagcggc tactcc
>SM_THIB:142:146 
SM_THIB:142:146    0.000 0      77   51 cggcggaggg attagaagcgatcggaccgatacgcgctttt cccattgcag
>SM_THIB:142:146 
SM_THIB:142:146    0.000 0      77   51 cggcggaggga ttagaagcgatcggaccgatacgcgcttt tcccattgcag
>SM_THIB:142:146 
SM_THIB:142:146    0.000 0      77   48 cggcggaggg attagaagcgatcggaccgatacgcgct tttcccattg
>SM_THIB:142:146 
SM_THIB:142:146    0.000 0      77   48 cggcggaggga ttagaagcgatcggaccgatacgcgc ttttcccattg
>SM_THIB:142:146 
SM_THIB:142:146    0.000 0      78   46 ggcggaggga ttagaagcgatcggaccgatacgcgc ttttcccatt
>SM_THIB:142:146 
SM_THIB:142:146    0.000 0      78   43 ggcggagg gattagaagcgatcggaccgatacgcg cttttccc
>SM_THIB:142:146 
SM_THIB:142:146    0.000 0      79   47 gcggagg gattagaagcgatcggaccgatacgcgcttttc ccattgc
>SM_THIB:142:146 
SM_THIB:142:146    0.000 0      79   47 gcggaggg attagaagcgatcggaccgatacgcgctttt cccattgc
>SM_THIB:142:146 
SM_THIB:142:146    0.000 0      79   47 gcggaggga ttagaagcgatcggaccgatacgcgcttt tcccattgc
>SM_THIB:142:146 
SM_THIB:142:146    0.000 0      79   42 gcggagg gattagaagcgatcggaccgatacgcgc ttttccc
>SM_THIB:142:146 
SM_THIB:142:146    0.000 0      79   42 gcggaggg attagaagcgatcggaccgatacgcg cttttccc
>SM_THIB:142:146 
SM_THIB:142:146    0.000 0      79   41 gcggagg gattagaagcgatcggaccgatacgcg cttttcc
>SM_THIB:142:146 
SM_THIB:142:146    0.000 0      80   45 cggagg gattagaagcgatcggaccgatacgcgcttttc ccattg
>SM_THIB:142:146 
SM_THIB:142:146    0.000 0      80   45 cggaggg attagaagcgatcggaccgatacgcgctttt cccattg
>SM_THIB:142:146 
SM_THIB:142:146    0.000 0      80   45 cggaggga ttagaagcgatcggaccgatacgcgcttt tcccattg
>SM_THIB:142:146 
SM_THIB:142:146    0.000 0      81   43 ggaggg attagaagcgatcggaccgatacgcgctttt cccatt
>SM_THIB:142:146 
SM_THIB:142:146    0.000 0      81   43 ggaggga ttagaagcgatcggaccgatacgcgcttt tcccatt
>SM_THIB:142:146 
SM_THIB:142:146    0.000 0      81   40 ggaggg attagaagcgatcggaccgatacgcgct tttccc
>SM_THIB:142:146 
SM_THIB:142:146    0.000 0      81   40 ggaggga ttagaagcgatcggaccgatacgcgc ttttccc
>SM_THIB:142:146 
SM_THIB:142:146    0.000 0      81   39 ggaggg attagaagcgatcggaccgatacgcgc ttttcc
>SM_THIB:142:146 
SM_THIB:142:146    0.000 0      81   39 ggagggat tagaagcgatcggaccgatacgc gcttttcc
>SM_THIB:142:146 
SM_THIB:142:146    0.000 0      81   38 ggaggg attagaagcgatcggaccgatacgcg cttttc
>SM_THIB:142:146 
SM_THIB:142:146    0.000 0      81   36 ggaggg attagaagcgatcggaccgatacg cgcttt
>BME_THIB:136:142 
BME_THIB:136:142    0.000 0      83   43 cggagg gattagacgctcgatgaacggcgctcgatcc tcttgg
>BME_THIB:136:142 
BME_THIB:136:142    0.000 0      83   43 cggaggg attagacgctcgatgaacggcgctcgatc ctcttgg
>BME_THIB:136:142 
BME_THIB:136:142    0.000 0      83   42 cggagg gattagacgctcgatgaacggcgctcgatc ctcttg
>BME_THIB:136:142 
BME_THIB:136:142    0.000 0      83   42 cggaggg attagacgctcgatgaacggcgctcgat cctcttg
>BME_THIB:136:142 
BME_THIB:136:142    0.000 0      83   42 cggaggga ttagacgctcgatgaacggcgctcga tcctcttg
>BME_THIB:136:142 
BME_THIB:136:142    0.000 0      83   42 cggagggat tagacgctcgatgaacggcgctcg atcctcttg
>BME_THIB:136:142 
BME_THIB:136:142    0.000 0      83   42 cggagggatt agacgctcgatgaacggcgctc gatcctcttg
>BME_THIB:136:142 
BME_THIB:136:142    0.000 0      83   42 cggagggattag acgctcgatgaacggcgc tcgatcctcttg
>BME_THIB:136:142 
BME_THIB:136:142    0.000 0      83   42 cggagggattagacg ctcgatgaacgg cgctcgatcctcttg
>BME_THIB:136:142 
BME_THIB:136:142    0.000 0      83   42 cggagggattagacgc tcgatgaacg gcgctcgatcctcttg
>BME_THIB:136:142 
BME_THIB:136:142    0.000 0      83   42 cggagggattagacgct cgatgaac ggcgctcgatcctcttg
>BME_THIB:136:142 
BME_THIB:136:142    0.000 0      84   40 ggaggg attagacgctcgatgaacggcgctcgat cctctt
>BME_THIB:136:142 
BME_THIB:136:142    0.000 0      84   40 ggaggga ttagacgctcgatgaacggcgctcga tcctctt
>BME_THIB:136:142 
BME_THIB:136:142    0.000 0      84   40 ggagggat tagacgctcgatgaacggcgctcg atcctctt
>BME_THIB:136:142 
BME_THIB:136:142    0.000 0      84   40 ggagggatt agacgctcgatgaacggcgctc gatcctctt
>BME_THIB:136:142 
BME_THIB:136:142    0.000 0      84   40 ggagggattag acgctcgatgaacggcgc tcgatcctctt
>BME_THIB:136:142 
BME_THIB:136:142    0.000 0      84   40 ggagggattagacgc tcgatgaacg gcgctcgatcctctt
>BME_THIB:136:142 
BME_THIB:136:142    0.000 0      84   40 ggagggattagacgct cgatgaac ggcgctcgatcctctt
>BME_THIB:136:142 
BME_THIB:136:142    0.000 0      84   39 ggaggg attagacgctcgatgaacggcgctcga tcctct
>BME_THIB:136:142 
BME_THIB:136:142    0.000 0      84   39 ggagggat tagacgctcgatgaacggcgctc gatcctct
>BME_THIB:136:142 
BME_THIB:136:142    0.000 0      84   39 ggagggatta gacgctcgatgaacggcgc tcgatcctct
>BME_THIB:136:142 
BME_THIB:136:142    0.000 0      84   39 ggagggattag acgctcgatgaacggcg ctcgatcctct
>RS_THIM:131:136 
RS_THIM:131:136    0.000 0      68   62 tgctggcggagg aagtcgcgatgctgcaggtcttgaatgcatttcgcctc cctccgtcacgg
>RS_THIM:131:136 
RS_THIM:131:136    0.000 0      68   62 tgctggcggaggaag tcgcgatgctgcaggtcttgaatgcatttcgc ctccctccgtcacgg
>RS_THIM:131:136 
RS_THIM:131:136    0.000 0      69   56 gctggcggagg aagtcgcgatgctgcaggtcttgaatgcatttcg cctccctccgt
>RS_THIM:131:136 
RS_THIM:131:136    0.000 0      70   54 ctggcggagg aagtcgcgatgctgcaggtcttgaatgcatttcg cctccctccg
>RS_THIM:131:136 
RS_THIM:131:136    0.000 0      71   56 tggcggagg aagtcgcgatgctgcaggtcttgaatgcatttcgcctc cctccgtca
>RS_THIM:131:136 
RS_THIM:131:136    0.000 0      71   56 tggcggaggaa gtcgcgatgctgcaggtcttgaatgcatttcgcc tccctccgtca
>RS_THIM:131:136 
RS_THIM:131:136    0.000 0      71   56 tggcggaggaag tcgcgatgctgcaggtcttgaatgcatttcgc ctccctccgtca
>RS_THIM:131:136 
RS_THIM:131:136    0.000 0      71   56 tggcggaggaagtc gcgatgctgcaggtcttgaatgcatttc gcctccctccgtca
>RS_THIM:131:136 
RS_THIM:131:136    0.000 0      71   56 tggcggaggaagtcg cgatgctgcaggtcttgaatgcattt cgcctccctccgtca
>RS_THIM:131:136 
RS_THIM:131:136    0.000 0      71   56 tggcggaggaagtcgcg atgctgcaggtcttgaatgcat ttcgcctccctccgtca
>RS_THIM:131:136 
RS_THIM:131:136    0.000 0      71   56 tggcggaggaagtcgcga tgctgcaggtcttgaatgca tttcgcctccctccgtca
>RS_THIM:131:136 
RS_THIM:131:136    0.000 0      71   56 tggcggaggaagtcgcgat gctgcaggtcttgaatgc atttcgcctccctccgtca
>RS_THIM:131:136 
RS_THIM:131:136    0.000 0      71   56 tggcggaggaagtcgcgatg ctgcaggtcttgaatg catttcgcctccctccgtca
>RS_THIM:131:136 
RS_THIM:131:136    0.000 0      71   56 tggcggaggaagtcgcgatgc tgcaggtcttgaat gcatttcgcctccctccgtca
>RS_THIM:131:136 
RS_THIM:131:136    0.000 0      72   54 ggcggagg aagtcgcgatgctgcaggtcttgaatgcatttcgcctc cctccgtc
>RS_THIM:131:136 
RS_THIM:131:136    0.000 0      72   54 ggcggaggaa gtcgcgatgctgcaggtcttgaatgcatttcgcc tccctccgtc
>RS_THIM:131:136 
RS_THIM:131:136    0.000 0      72   54 ggcggaggaag tcgcgatgctgcaggtcttgaatgcatttcgc ctccctccgtc
>RS_THIM:131:136 
RS_THIM:131:136    0.000 0      72   54 ggcggaggaagtc gcgatgctgcaggtcttgaatgcatttc gcctccctccgtc
>RS_THIM:131:136 
RS_THIM:131:136    0.000 0      72   54 ggcggaggaagtcg cgatgctgcaggtcttgaatgcattt cgcctccctccgtc
>RS_THIM:131:136 
RS_THIM:131:136    0.000 0      72   54 ggcggaggaagtcgcg atgctgcaggtcttgaatgcat ttcgcctccctccgtc
>RS_THIM:131:136 
RS_THIM:131:136    0.000 0      72   54 ggcggaggaagtcgcga tgctgcaggtcttgaatgca tttcgcctccctccgtc
>RS_THIM:131:136 
RS_THIM:131:136    0.000 0      72   54 ggcggaggaagtcgcgat gctgcaggtcttgaatgc atttcgcctccctccgtc
>RS_THIM:131:136 
RS_THIM:131:136    0.000 0      72   54 ggcggaggaagtcgcgatg ctgcaggtcttgaatg catttcgcctccctccgtc
>RS_THIM:131:136 
RS_THIM:131:136    0.000 0      72   54 ggcggaggaagtcgcgatgc tgcaggtcttgaat gcatttcgcctccctccgtc
>RS_THIM:131:136 
RS_THIM:131:136    0.000 0      72   50 ggcggagg aagtcgcgatgctgcaggtcttgaatgcatttcg cctccctc
>RS_THIM:131:136 
RS_THIM:131:136    0.000 0      72   47 ggcggaggaa gtcgcgatgctgcaggtcttgaatgca tttcgcctcc
>RS_THIM:131:136 
RS_THIM:131:136    0.000 0      73   52 gcggagg aagtcgcgatgctgcaggtcttgaatgcatttcgcctc cctccgt
>RS_THIM:131:136 
RS_THIM:131:136    0.000 0      73   52 gcggaggaa gtcgcgatgctgcaggtcttgaatgcatttcgcc tccctccgt
>RS_THIM:131:136 
RS_THIM:131:136    0.000 0      73   52 gcggaggaag tcgcgatgctgcaggtcttgaatgcatttcgc ctccctccgt
>RS_THIM:131:136 
RS_THIM:131:136    0.000 0      73   52 gcggaggaagtc gcgatgctgcaggtcttgaatgcatttc gcctccctccgt
>RS_THIM:131:136 
RS_THIM:131:136    0.000 0      73   52 gcggaggaagtcg cgatgctgcaggtcttgaatgcattt cgcctccctccgt
>RS_THIM:131:136 
RS_THIM:131:136    0.000 0      73   52 gcggaggaagtcgcg atgctgcaggtcttgaatgcat ttcgcctccctccgt
>RS_THIM:131:136 
RS_THIM:131:136    0.000 0      73   52 gcggaggaagtcgcga tgctgcaggtcttgaatgca tttcgcctccctccgt
>RS_THIM:131:136 
RS_THIM:131:136    0.000 0      73   52 gcggaggaagtcgcgat gctgcaggtcttgaatgc atttcgcctccctccgt
>RS_THIM:131:136 
RS_THIM:131:136    0.000 0      73   52 gcggaggaagtcgcgatg ctgcaggtcttgaatg catttcgcctccctccgt
>RS_THIM:131:136 
RS_THIM:131:136    0.000 0      73   52 gcggaggaagtcgcgatgc tgcaggtcttgaat gcatttcgcctccctccgt
>RS_THIM:131:136 
RS_THIM:131:136    0.000 0      73   48 gcggagg aagtcgcgatgctgcaggtcttgaatgcatttcg cctccct
>RS_THIM:131:136 
RS_THIM:131:136    0.000 0      74   50 cggagg aagtcgcgatgctgcaggtcttgaatgcatttcgcctc cctccg
>RS_THIM:131:136 
RS_THIM:131:136    0.000 0      74   50 cggaggaa gtcgcgatgctgcaggtcttgaatgcatttcgcc tccctccg
>RS_THIM:131:136 
RS_THIM:131:136    0.000 0      74   50 cggaggaag tcgcgatgctgcaggtcttgaatgcatttcgc ctccctccg
>RS_THIM:131:136 
RS_THIM:131:136    0.000 0      74   50 cggaggaagtc gcgatgctgcaggtcttgaatgcatttc gcctccctccg
>RS_THIM:131:136 
RS_THIM:131:136    0.000 0      74   50 cggaggaagtcg cgatgctgcaggtcttgaatgcattt cgcctccctccg
>RS_THIM:131:136 
RS_THIM:131:136    0.000 0      74   50 cggaggaagtcgcga tgctgcaggtcttgaatgca tttcgcctccctccg
>RS_THIM:131:136 
RS_THIM:131:136    0.000 0      74   50 cggaggaagtcgcgat gctgcaggtcttgaatgc atttcgcctccctccg
>RS_THIM:131:136 
RS_THIM:131:136    0.000 0      74   50 cggaggaagtcgcgatg ctgcaggtcttgaatg catttcgcctccctccg
>RS_THIM:131:136 
RS_THIM:131:136    0.000 0      74   50 cggaggaagtcgcgatgc tgcaggtcttgaat gcatttcgcctccctccg
>RS_THIM:131:136 
RS_THIM:131:136    0.000 0      75   51 ggagga agtcgcgatgctgcaggtcttgaatgcatttcgcctccc tccgtc
>RS_THIM:131:136 
RS_THIM:131:136    0.000 0      75   48 ggaggaa gtcgcgatgctgcaggtcttgaatgcatttcgcc tccctcc
>RS_THIM:131:136 
RS_THIM:131:136    0.000 0      75   48 ggaggaag tcgcgatgctgcaggtcttgaatgcatttcgc ctccctcc
>RS_THIM:131:136 
RS_THIM:131:136    0.000 0      75   48 ggaggaagtc gcgatgctgcaggtcttgaatgcatttc gcctccctcc
>RS_THIM:131:136 
RS_THIM:131:136    0.000 0      75   48 ggaggaagtcg cgatgctgcaggtcttgaatgcattt cgcctccctcc
>RS_THIM:131:136 
RS_THIM:131:136    0.000 0      75   48 ggaggaagtcgcgat gctgcaggtcttgaatgc atttcgcctccctcc
>RS_THIM:131:136 
RS_THIM:131:136    0.000 0      75   48 ggaggaagtcgcgatg ctgcaggtcttgaatg catttcgcctccctcc
>RS_THIM:131:136 
RS_THIM:131:136    0.000 0      75   48 ggaggaagtcgcgatgc tgcaggtcttgaat gcatttcgcctccctcc
>RS_THIM:131:136 
RS_THIM:131:136    0.000 0      75   47 ggagga agtcgcgatgctgcaggtcttgaatgcatttcgcc tccctc
>RS_THIM:131:136 
RS_THIM:131:136    0.000 0      75   41 ggagga agtcgcgatgctgcaggtcttgaatgcat ttcgcc
>RS_THIM:131:136 
RS_THIM:131:136    0.000 0      75   41 ggaggaa gtcgcgatgctgcaggtcttgaatgca tttcgcc
>RS_THIB:123:128 
RS_THIB:123:128    0.000 0      73   48 cggcggaggg aaggtgcatggctcctcatcccgttccg ttccgcgtcg
>RS_THIB:123:128 
RS_THIB:123:128    0.000 0      74   39 ggcggaggg aaggtgcatggctcctcatcc cgttccgtt
>RS_THIB:123:128 
RS_THIB:123:128    0.000 0      74   34 ggcggaggga aggtgcatggctcc tcatcccgtt
>RS_THIB:123:128 
RS_THIB:123:128    0.000 0      75   42 gcggaggg aaggtgcatggctcctcatcccgttc cgttccgc
>RS_THIB:123:128 
RS_THIB:123:128    0.000 0      75   42 gcggagggaa ggtgcatggctcctcatcccgt tccgttccgc
>RS_THIB:123:128 
RS_THIB:123:128    0.000 0      75   42 gcggagggaag gtgcatggctcctcatcccg ttccgttccgc
>RS_THIB:123:128 
RS_THIB:123:128    0.000 0      75   37 gcggaggg aaggtgcatggctcctcatcc cgttccgt
>RS_THIB:123:128 
RS_THIB:123:128    0.000 0      76   40 cggaggg aaggtgcatggctcctcatcccgttc cgttccg
>RS_THIB:123:128 
RS_THIB:123:128    0.000 0      76   40 cggagggaag gtgcatggctcctcatcccg ttccgttccg
>RS_THIB:123:128 
RS_THIB:123:128    0.000 0      76   35 cggaggg aaggtgcatggctcctcatcc cgttccg
>RS_THIB:123:128 
RS_THIB:123:128    0.000 0      77   38 ggaggg aaggtgcatggctcctcatcccgttc cgttcc
>RS_THIB:123:128 
RS_THIB:123:128    0.000 0      77   37 ggaggg aaggtgcatggctcctcatcccgtt ccgttc
>RS_THIB:123:128 
RS_THIB:123:128    0.000 0      77   37 ggaggga aggtgcatggctcctcatcccgt tccgttc
>RS_THIB:123:128 
RS_THIB:123:128    0.000 0      77   37 ggagggaa ggtgcatggctcctcatcccg ttccgttc
>RS_THIB:123:128 
RS_THIB:123:128    0.000 0      77   37 ggagggaagg tgcatggctcctcatcc cgttccgttc
>RS_THIB:123:128 
RS_THIB:123:128    0.000 0      77   36 ggaggg aaggtgcatggctcctcatcccgt tccgtt
>RS_THIB:123:128 
RS_THIB:123:128    0.000 0      77   36 ggaggga aggtgcatggctcctcatcccg ttccgtt
>RS_THIB:123:128 
RS_THIB:123:128    0.000 0      77   36 ggagggaagg tgcatggctcctcatc ccgttccgtt
>RS_THIB:123:128 
RS_THIB:123:128    0.000 0      77   33 ggaggg aaggtgcatggctcctcatcc cgttcc
>RS_THIB:123:128 
RS_THIB:123:128    0.000 0      77   32 ggaggg aaggtgcatggctcctcatc ccgttc
>RS_THIB:123:128 
RS_THIB:123:128    0.000 0      77   31 ggaggg aaggtgcatggctcctcat cccgtt
>RS_THIB:123:128 
RS_THIB:123:128    0.000 0      77   31 ggaggga aggtgcatggctcctca tcccgtt
>RS_THIB:123:128 
RS_THIB:123:128    0.000 0      77   31 ggagggaagg tgcatggctcc tcatcccgtt
>RS_THIB:123:128 
RS_THIB:123:128    0.000 0      77   27 ggaggg aaggtgcatggctcc tcatcc
>RS_THIB:123:128 
RS_THIB:123:128    0.000 0      77   26 ggaggg aaggtgcatggctc ctcatc
>RS_THIB:123:128 
RS_THIB:123:128    0.000 0      77   23 ggaggg aaggtgcatgg ctcctc
>RS_THIB:123:128 
RS_THIB:123:128    0.000 0     125   21 ggaggat gagatga gacttcc
>CO_THIC:140:145 
CO_THIC:140:145    0.000 0      85   47 agggagg gaacgcggacgacagcgtgcacgcacgtccggg tctcctt
>CO_THIC:140:145 
CO_THIC:140:145    0.000 0      86   46 gggagg gaacgcggacgacagcgtgcacgcacgtccgggt ctcctt
>CO_THIC:140:145 
CO_THIC:140:145    0.000 0      86   46 gggaggg aacgcggacgacagcgtgcacgcacgtccggg tctcctt
>CO_THIC:140:145 
CO_THIC:140:145    0.000 0      86   45 gggagg gaacgcggacgacagcgtgcacgcacgtccggg tctcct
>CO_THIC:140:145 
CO_THIC:140:145    0.000 0      87   45 ggaggg aacgcggacgacagcgtgcacgcacgtccgggt ctcctt
>CO_THIC:140:145 
CO_THIC:140:145    0.000 0      87   45 ggaggga acgcggacgacagcgtgcacgcacgtccggg tctcctt
>CO_THIC:140:145 
CO_THIC:140:145    0.000 0      87   44 ggaggg aacgcggacgacagcgtgcacgcacgtccggg tctcct
>NE_THIC:128:133 
NE_THIC:128:133    0.000 0      79   44 gccgccggagg gaagccaggagtcactctcctg ctccttgcggc
>NE_THIC:128:133 
NE_THIC:128:133    0.000 0      80   42 ccgccggagg gaagccaggagtcactctcctg ctccttgcgg
>NE_THIC:128:133 
NE_THIC:128:133    0.000 0      82   41 gccggagg gaagccaggagtcactctcctgctc cttgcggc
>NE_THIC:128:133 
NE_THIC:128:133    0.000 0      82   41 gccggaggg aagccaggagtcactctcctgct ccttgcggc
>NE_THIC:128:133 
NE_THIC:128:133    0.000 0      82   41 gccggaggga agccaggagtcactctcctgc tccttgcggc
>NE_THIC:128:133 
NE_THIC:128:133    0.000 0      82   31 gccggagg gaagccaggagtcac tctcctgc
>NE_THIC:128:133 
NE_THIC:128:133    0.000 0      82   31 gccggaggg aagccaggagtca ctctcctgc
>NE_THIC:128:133 
NE_THIC:128:133    0.000 0      83   39 ccggagg gaagccaggagtcactctcctgctc cttgcgg
>NE_THIC:128:133 
NE_THIC:128:133    0.000 0      83   39 ccggaggg aagccaggagtcactctcctgct ccttgcgg
>NE_THIC:128:133 
NE_THIC:128:133    0.000 0      83   39 ccggaggga agccaggagtcactctcctgc tccttgcgg
>NE_THIC:128:133 
NE_THIC:128:133    0.000 0      83   29 ccggagg gaagccaggagtcac tctcctg
>NE_THIC:128:133 
NE_THIC:128:133    0.000 0      83   29 ccggaggg aagccaggagtca ctctcctg
>NE_THIC:128:133 
NE_THIC:128:133    0.000 0      84   45 cggaggg aagccaggagtcactctcctgctccttgcgg cactttg
>NE_THIC:128:133 
NE_THIC:128:133    0.000 0      84   37 cggagg gaagccaggagtcactctcctgctc cttgcg
>NE_THIC:128:133 
NE_THIC:128:133    0.000 0      84   37 cggaggg aagccaggagtcactctcctgct ccttgcg
>NE_THIC:128:133 
NE_THIC:128:133    0.000 0      84   37 cggaggga agccaggagtcactctcctgc tccttgcg
>NE_THIC:128:133 
NE_THIC:128:133    0.000 0      84   35 cggagg gaagccaggagtcactctcctgc tccttg
>NE_THIC:128:133 
NE_THIC:128:133    0.000 0      84   35 cggaggg aagccaggagtcactctcctg ctccttg
>NE_THIC:128:133 
NE_THIC:128:133    0.000 0      84   35 cggagggaag ccaggagtcactctc ctgctccttg
>NE_THIC:128:133 
NE_THIC:128:133    0.000 0      84   28 cggagg gaagccaggagtcact ctcctg
>NE_THIC:128:133 
NE_THIC:128:133    0.000 0      84   28 cggaggg aagccaggagtcac tctcctg
>NE_THIC:128:133 
NE_THIC:128:133    0.000 0      85   43 ggaggg aagccaggagtcactctcctgctccttgcgg cacttt
>NE_THIC:128:133 
NE_THIC:128:133    0.000 0      85   35 ggaggg aagccaggagtcactctcctgct ccttgc
>NE_THIC:128:133 
NE_THIC:128:133    0.000 0      85   35 ggaggga agccaggagtcactctcctgc tccttgc
>NE_THIC:128:133 
NE_THIC:128:133    0.000 0      85   33 ggaggg aagccaggagtcactctcctg ctcctt
>NE_THIC:128:133 
NE_THIC:128:133    0.000 0      85   31 ggaggg aagccaggagtcactctcc tgctcc
>NE_THIC:128:133 
NE_THIC:128:133    0.000 0      85   29 ggaggg aagccaggagtcactct cctgct
>NE_THIC:128:133 
NE_THIC:128:133    0.000 0      85   29 ggaggga agccaggagtcactc tcctgct
>NE_THIC:128:133 
NE_THIC:128:133    0.000 0      85   28 ggaggg aagccaggagtcactc tcctgc
>NE_THIC:128:133 
NE_THIC:128:133    0.000 0      85   26 ggaggg aagccaggagtcac tctcct
>NE_THIC:128:133 
NE_THIC:128:133    0.000 0      85   25 ggaggg aagccaggagtca ctctcc
>NE_THIC:128:133 
NE_THIC:128:133    0.000 0      85   25 ggagggaagc cagga gtcactctcc
>NE_THIC:128:133 
NE_THIC:128:133    0.000 0      85   23 ggaggg aagccaggagt cactct
>NE_THIC:128:133 
NE_THIC:128:133    0.000 0      85   23 ggaggga agccaggag tcactct
>KP_TENA:132:137 
KP_TENA:132:137    0.000 0     130   23 tggagg tcctgtgatcg ttcccg
>KP_TENA:132:137 
KP_TENA:132:137    0.000 0     130   23 tggaggt cctgtgatc gttcccg
>KP_TENA:132:137 
KP_TENA:132:137    0.000 0     131   21 ggaggt cctgtgatc gttccc
>KP_TENA:132:137 
KP_TENA:132:137    0.000 0     131   18 ggaggt cctgtg atcgtt
>KP_TENA:132:137 
KP_TENA:132:137    0.000 0     131   18 ggaggtc ctgt gatcgtt
>YP_THIB:135:140 
YP_THIB:135:140    0.000 0      69   53 ggcggagg gatttgagaatgataacgactactaccgcctcagata cctttgcc
>YP_THIB:135:140 
YP_THIB:135:140    0.000 0      69   53 ggcggaggga tttgagaatgataacgactactaccgcctcaga tacctttgcc
>YP_THIB:135:140 
YP_THIB:135:140    0.000 0      69   53 ggcggagggat ttgagaatgataacgactactaccgcctcag atacctttgcc
>YP_THIB:135:140 
YP_THIB:135:140    0.000 0      69   53 ggcggagggatt tgagaatgataacgactactaccgcctca gatacctttgcc
>YP_THIB:135:140 
YP_THIB:135:140    0.000 0      69   53 ggcggagggattt gagaatgataacgactactaccgcctc agatacctttgcc
>YP_THIB:135:140 
YP_THIB:135:140    0.000 0      69   53 ggcggagggatttg agaatgataacgactactaccgcct cagatacctttgcc
>YP_THIB:135:140 
YP_THIB:135:140    0.000 0      69   53 ggcggagggatttga gaatgataacgactactaccgcc tcagatacctttgcc
>YP_THIB:135:140 
YP_THIB:135:140    0.000 0      69   53 ggcggagggatttgag aatgataacgactactaccgc ctcagatacctttgcc
>YP_THIB:135:140 
YP_THIB:135:140    0.000 0      69   53 ggcggagggatttgagaatg ataacgactacta ccgcctcagatacctttgcc
>YP_THIB:135:140 
YP_THIB:135:140    0.000 0      69   38 ggcggagg gatttgagaatgataacgacta ctaccgcc
>YP_THIB:135:140 
YP_THIB:135:140    0.000 0      69   38 ggcggaggga tttgagaatgataacgac tactaccgcc
>YP_THIB:135:140 
YP_THIB:135:140    0.000 0      70   51 gcggagg gatttgagaatgataacgactactaccgcctcagata cctttgc
>YP_THIB:135:140 
YP_THIB:135:140    0.000 0      70   51 gcggaggga tttgagaatgataacgactactaccgcctcaga tacctttgc
>YP_THIB:135:140 
YP_THIB:135:140    0.000 0      70   51 gcggagggat ttgagaatgataacgactactaccgcctcag atacctttgc
>YP_THIB:135:140 
YP_THIB:135:140    0.000 0      70   51 gcggagggatt tgagaatgataacgactactaccgcctca gatacctttgc
>YP_THIB:135:140 
YP_THIB:135:140    0.000 0      70   51 gcggagggattt gagaatgataacgactactaccgcctc agatacctttgc
>YP_THIB:135:140 
YP_THIB:135:140    0.000 0      70   51 gcggagggatttg agaatgataacgactactaccgcct cagatacctttgc
>YP_THIB:135:140 
YP_THIB:135:140    0.000 0      70   51 gcggagggatttga gaatgataacgactactaccgcc tcagatacctttgc
>YP_THIB:135:140 
YP_THIB:135:140    0.000 0      70   51 gcggagggatttgag aatgataacgactactaccgc ctcagatacctttgc
>YP_THIB:135:140 
YP_THIB:135:140    0.000 0      70   36 gcggagg gatttgagaatgataacgacta ctaccgc
>YP_THIB:135:140 
YP_THIB:135:140    0.000 0      71   49 cggagg gatttgagaatgataacgactactaccgcctcagata cctttg
>YP_THIB:135:140 
YP_THIB:135:140    0.000 0      71   49 cggaggga tttgagaatgataacgactactaccgcctcaga tacctttg
>YP_THIB:135:140 
YP_THIB:135:140    0.000 0      71   49 cggagggat ttgagaatgataacgactactaccgcctcag atacctttg
>YP_THIB:135:140 
YP_THIB:135:140    0.000 0      71   49 cggagggatt tgagaatgataacgactactaccgcctca gatacctttg
>YP_THIB:135:140 
YP_THIB:135:140    0.000 0      71   49 cggagggattt gagaatgataacgactactaccgcctc agatacctttg
>YP_THIB:135:140 
YP_THIB:135:140    0.000 0      71   49 cggagggatttg agaatgataacgactactaccgcct cagatacctttg
>YP_THIB:135:140 
YP_THIB:135:140    0.000 0      71   49 cggagggatttga gaatgataacgactactaccgcc tcagatacctttg
>YP_THIB:135:140 
YP_THIB:135:140    0.000 0      71   49 cggagggatttgag aatgataacgactactaccgc ctcagatacctttg
>YP_THIB:135:140 
YP_THIB:135:140    0.000 0      71   40 cggagg gatttgagaatgataacgactactaccg cctcag
>YP_THIB:135:140 
YP_THIB:135:140    0.000 0      71   34 cggagg gatttgagaatgataacgacta ctaccg
>YP_THIB:135:140 
YP_THIB:135:140    0.000 0      72   50 ggaggg atttgagaatgataacgactactaccgcctcagatacc tttgcc
>YP_THIB:135:140 
YP_THIB:135:140    0.000 0      72   49 ggaggg atttgagaatgataacgactactaccgcctcagatac ctttgc
>YP_THIB:135:140 
YP_THIB:135:140    0.000 0      72   47 ggaggga tttgagaatgataacgactactaccgcctcaga taccttt
>YP_THIB:135:140 
YP_THIB:135:140    0.000 0      72   47 ggagggat ttgagaatgataacgactactaccgcctcag ataccttt
>YP_THIB:135:140 
YP_THIB:135:140    0.000 0      72   47 ggagggatt tgagaatgataacgactactaccgcctca gataccttt
>YP_THIB:135:140 
YP_THIB:135:140    0.000 0      72   47 ggagggattt gagaatgataacgactactaccgcctc agataccttt
>YP_THIB:135:140 
YP_THIB:135:140    0.000 0      72   47 ggagggatttg agaatgataacgactactaccgcct cagataccttt
>YP_THIB:135:140 
YP_THIB:135:140    0.000 0      72   47 ggagggatttga gaatgataacgactactaccgcc tcagataccttt
>YP_THIB:135:140 
YP_THIB:135:140    0.000 0      72   47 ggagggatttgag aatgataacgactactaccgc ctcagataccttt
>BAC_ZY_THIY:145:150 
BAC_ZY_THIY:145:150    0.000 0     140   24 tggatggagg aatt tttttatgga
>BAC_ZY_THIY:145:150 
BAC_ZY_THIY:145:150    0.000 0     143   18 atggagg aatt tttttat
>BAC_ZY_THIY:145:150 
BAC_ZY_THIY:145:150    0.000 0     144   18 tggagg aatttt tttatg
>BAC_ZY_THIY:145:150 
BAC_ZY_THIY:145:150    0.000 0     144   18 tggagga attt ttttatg
>BAC_ZY_THIY:145:150 
BAC_ZY_THIY:145:150    0.000 0     144   16 tggagg aatt ttttta
>BAC_ZY_THIY:145:150 
BAC_ZY_THIY:145:150    0.000 0     145   16 ggagga attt ttttat
