#RM scored
#RM descr h5 ss h3
#RM dfile sd3p_m.descr
>SM_THIB:142:146 
SM_THIB:142:146    0.000 0       1   40 gctgct ctaacggggtgccctggcaccatggctg agaggc
>SM_THIB:142:146 
SM_THIB:142:146    0.000 0       1   40 gctgctc taacggggtgccctggcaccatggct gagaggc
>SM_THIB:142:146 
SM_THIB:142:146    0.000 0       2   38 ctgctc taacggggtgccctggcaccatggct gagagg
>SM_THIB:142:146 
SM_THIB:142:146    0.000 0      61   31 ctgatccggc tcataccggcg gagggattag
>SM_THIB:142:146 
SM_THIB:142:146    0.000 0      61   31 ctgatccggct cataccggc ggagggattag
>SM_THIB:142:146 
SM_THIB:142:146    0.000 0      62   29 tgatccggct cataccggc ggagggatta
>SM_THIB:142:146 
SM_THIB:142:146    0.000 0     107   45 tacgcgcttt tcccattgcagcaacaacaaaggga gaggtgccag
>SM_THIB:142:146 
SM_THIB:142:146    0.000 0     107   45 tacgcgctttt cccattgcagcaacaacaaaggg agaggtgccag
>SM_THIB:142:146 
SM_THIB:142:146    0.000 0     107   45 tacgcgcttttc ccattgcagcaacaacaaagg gagaggtgccag
>SM_THIB:142:146 
SM_THIB:142:146    0.000 0     107   45 tacgcgcttttcc cattgcagcaacaacaaag ggagaggtgccag
>SM_THIB:142:146 
SM_THIB:142:146    0.000 0     107   45 tacgcgcttttccc attgcagcaacaacaaa gggagaggtgccag
>SM_THIB:142:146 
SM_THIB:142:146    0.000 0     107   45 tacgcgcttttcccat tgcagcaacaaca aagggagaggtgccag
>SM_THIB:142:146 
SM_THIB:142:146    0.000 0     107   45 tacgcgcttttcccatt gcagcaacaac aaagggagaggtgccag
>SM_THIB:142:146 
SM_THIB:142:146    0.000 0     107   45 tacgcgcttttcccattg cagcaacaa caaagggagaggtgccag
>SM_THIB:142:146 
SM_THIB:142:146    0.000 0     109   39 cgcgcttttc ccattgcagcaacaacaaa gggagaggtg
>SM_THIB:142:146 
SM_THIB:142:146    0.000 0     110   39 gcgcttt tcccattgcagcaacaacaaaggga gaggtgc
>SM_THIB:142:146 
SM_THIB:142:146    0.000 0     110   39 gcgctttt cccattgcagcaacaacaaaggg agaggtgc
>SM_THIB:142:146 
SM_THIB:142:146    0.000 0     110   39 gcgcttttc ccattgcagcaacaacaaagg gagaggtgc
>SM_THIB:142:146 
SM_THIB:142:146    0.000 0     110   39 gcgcttttcc cattgcagcaacaacaaag ggagaggtgc
>SM_THIB:142:146 
SM_THIB:142:146    0.000 0     110   39 gcgcttttccc attgcagcaacaacaaa gggagaggtgc
>SM_THIB:142:146 
SM_THIB:142:146    0.000 0     110   39 gcgcttttcccat tgcagcaacaaca aagggagaggtgc
>SM_THIB:142:146 
SM_THIB:142:146    0.000 0     110   39 gcgcttttcccatt gcagcaacaac aaagggagaggtgc
>SM_THIB:142:146 
SM_THIB:142:146    0.000 0     110   39 gcgcttttcccattg cagcaacaa caaagggagaggtgc
>SM_THIB:142:146 
SM_THIB:142:146    0.000 0     111   37 cgcttt tcccattgcagcaacaacaaaggga gaggtg
>SM_THIB:142:146 
SM_THIB:142:146    0.000 0     111   37 cgctttt cccattgcagcaacaacaaaggg agaggtg
>SM_THIB:142:146 
SM_THIB:142:146    0.000 0     111   37 cgcttttc ccattgcagcaacaacaaagg gagaggtg
>SM_THIB:142:146 
SM_THIB:142:146    0.000 0     111   37 cgcttttcc cattgcagcaacaacaaag ggagaggtg
>SM_THIB:142:146 
SM_THIB:142:146    0.000 0     111   37 cgcttttccc attgcagcaacaacaaa gggagaggtg
>SM_THIB:142:146 
SM_THIB:142:146    0.000 0     111   37 cgcttttcccat tgcagcaacaaca aagggagaggtg
>SM_THIB:142:146 
SM_THIB:142:146    0.000 0     111   37 cgcttttcccatt gcagcaacaac aaagggagaggtg
>SM_THIB:142:146 
SM_THIB:142:146    0.000 0     111   37 cgcttttcccattg cagcaacaa caaagggagaggtg
>SM_THIB:142:146 
SM_THIB:142:146    0.000 0     112   37 gcttttc ccattgcagcaacaacaaaggga gaggtgc
>SM_THIB:142:146 
SM_THIB:142:146    0.000 0     112   35 gctttt cccattgcagcaacaacaaaggg agaggt
>SM_THIB:142:146 
SM_THIB:142:146    0.000 0     112   35 gcttttc ccattgcagcaacaacaaagg gagaggt
>SM_THIB:142:146 
SM_THIB:142:146    0.000 0     112   35 gcttttcc cattgcagcaacaacaaag ggagaggt
>SM_THIB:142:146 
SM_THIB:142:146    0.000 0     112   35 gcttttccc attgcagcaacaacaaa gggagaggt
>SM_THIB:142:146 
SM_THIB:142:146    0.000 0     112   35 gcttttcccat tgcagcaacaaca aagggagaggt
>SM_THIB:142:146 
SM_THIB:142:146    0.000 0     112   35 gcttttcccatt gcagcaacaac aaagggagaggt
>SM_THIB:142:146 
SM_THIB:142:146    0.000 0     112   35 gcttttcccattg cagcaacaa caaagggagaggt
>SM_THIB:142:146 
SM_THIB:142:146    0.000 0     113   35 cttttc ccattgcagcaacaacaaaggga gaggtg
>SM_THIB:142:146 
SM_THIB:142:146    0.000 0     113   33 cttttc ccattgcagcaacaacaaagg gagagg
>SM_THIB:142:146 
SM_THIB:142:146    0.000 0     113   33 cttttcc cattgcagcaacaacaaag ggagagg
>SM_THIB:142:146 
SM_THIB:142:146    0.000 0     113   33 cttttccc attgcagcaacaacaaa gggagagg
>SM_THIB:142:146 
SM_THIB:142:146    0.000 0     113   33 cttttcccat tgcagcaacaaca aagggagagg
>SM_THIB:142:146 
SM_THIB:142:146    0.000 0     113   33 cttttcccatt gcagcaacaac aaagggagagg
>SM_THIB:142:146 
SM_THIB:142:146    0.000 0     113   33 cttttcccattg cagcaacaa caaagggagagg
>SM_THIB:142:146 
SM_THIB:142:146    0.000 0     114   32 ttttcc cattgcagcaacaacaaagg gagagg
>SM_THIB:142:146 
SM_THIB:142:146    0.000 0     114   32 ttttccc attgcagcaacaacaaag ggagagg
>SM_THIB:142:146 
SM_THIB:142:146    0.000 0     114   32 ttttcccatt gcagcaacaaca aagggagagg
>SM_THIB:142:146 
SM_THIB:142:146    0.000 0     115   31 tttccc attgcagcaacaacaaagg gagagg
>SM_THIB:142:146 
SM_THIB:142:146    0.000 0     120   28 cattgc agcaacaacaaaggga gaggtg
