#RM scored
#RM descr h5 ss h3
#RM dfile sd3p_m.descr
>HI_THIZ:123:128 
HI_THIZ:123:128    0.000 0      90   41 tttctttt ttattacgcactccctttaatcatt gaggcgag
>HI_THIZ:123:128 
HI_THIZ:123:128    0.000 0      90   40 tttcttt tttattacgcactccctttaatcatt gaggcga
>HI_THIZ:123:128 
HI_THIZ:123:128    0.000 0      90   39 tttctt ttttattacgcactccctttaatcatt gaggcg
>HI_THIZ:123:128 
HI_THIZ:123:128    0.000 0      91   40 ttcttttt tattacgcactccctttaatcatt gaggcgag
>HI_THIZ:123:128 
HI_THIZ:123:128    0.000 0      91   40 ttctttttta ttacgcactccctttaatca ttgaggcgag
>HI_THIZ:123:128 
HI_THIZ:123:128    0.000 0      91   40 ttcttttttat tacgcactccctttaatc attgaggcgag
>HI_THIZ:123:128 
HI_THIZ:123:128    0.000 0      91   39 ttctttt ttattacgcactccctttaatcatt gaggcga
>HI_THIZ:123:128 
HI_THIZ:123:128    0.000 0      91   38 ttcttt tttattacgcactccctttaatcatt gaggcg
>HI_THIZ:123:128 
HI_THIZ:123:128    0.000 0      92   38 tcttttt tattacgcactccctttaatcatt gaggcga
>HI_THIZ:123:128 
HI_THIZ:123:128    0.000 0      92   38 tcttttttat tacgcactccctttaatc attgaggcga
>HI_THIZ:123:128 
HI_THIZ:123:128    0.000 0      92   37 tctttt ttattacgcactccctttaatcatt gaggcg
>HI_THIZ:123:128 
HI_THIZ:123:128    0.000 0      93   36 cttttt tattacgcactccctttaatcatt gaggcg
>HI_THIZ:123:128 
HI_THIZ:123:128    0.000 0      94   35 tttttt attacgcactccctttaatcatt gaggcg
>HI_THIZ:123:128 
HI_THIZ:123:128    0.000 0      94   35 tttttta ttacgcactccctttaatcat tgaggcg
>HI_THIZ:123:128 
HI_THIZ:123:128    0.000 0     108   23 ctcccttt aatcatt gaggcgag
>HI_THIZ:123:128 
HI_THIZ:123:128    0.000 0     108   23 ctcccttta atcat tgaggcgag
>HI_THIZ:123:128 
HI_THIZ:123:128    0.000 0     109   21 tcccttt aatcatt gaggcga
>HI_THIZ:123:128 
HI_THIZ:123:128    0.000 0     109   21 tcccttta atcat tgaggcga
>HI_THIZ:123:128 
HI_THIZ:123:128    0.000 0     109   20 tccctt taatcatt gaggcg
>HI_THIZ:123:128 
HI_THIZ:123:128    0.000 0     110   19 cccttt aatcatt gaggcg
>HI_THIZ:123:128 
HI_THIZ:123:128    0.000 0     110   19 cccttta atcat tgaggcg
