#RM scored
#RM descr h5 ss h3
#RM dfile sd3p_m.descr
>VC_THID:135:140 
VC_THID:135:140    0.000 0     107   37 ggagtttggg atcagttcctgttttca caggagcttt
>VC_THID:135:140 
VC_THID:135:140    0.000 0     117   28 atcagttcct gttttcac aggagctttt
>VC_THID:135:140 
VC_THID:135:140    0.000 0     117   28 atcagttcctg ttttca caggagctttt
>VC_THID:135:140 
VC_THID:135:140    0.000 0     117   28 atcagttcctgt tttc acaggagctttt
>VC_THID:135:140 
VC_THID:135:140    0.000 0     120   22 agttcct gttttcac aggagct
>VC_THID:135:140 
VC_THID:135:140    0.000 0     120   22 agttcctg ttttca caggagct
>VC_THID:135:140 
VC_THID:135:140    0.000 0     120   22 agttcctgt tttc acaggagct
>VC_THID:135:140 
VC_THID:135:140    0.000 0     121   20 gttcct gttttcac aggagc
>VC_THID:135:140 
VC_THID:135:140    0.000 0     121   20 gttcctg ttttca caggagc
>VC_THID:135:140 
VC_THID:135:140    0.000 0     121   20 gttcctgt tttc acaggagc
>VC_THID:135:140 
VC_THID:135:140    0.000 0     122   18 ttcctg ttttca caggag
>VC_THID:135:140 
VC_THID:135:140    0.000 0     122   18 ttcctgt tttc acaggag
