#RM scored
#RM descr h5 ss h3
#RM dfile sd5p_m.descr
>NE_THIC:128:133 
NE_THIC:128:133    0.000 0      93   27 gccagga gtcactctcctgc tccttgc
>NE_THIC:128:133 
NE_THIC:128:133    0.000 0      93   27 gccaggag tcactctcctg ctccttgc
>NE_THIC:128:133 
NE_THIC:128:133    0.000 0      93   27 gccaggagt cactctcct gctccttgc
>NE_THIC:128:133 
NE_THIC:128:133    0.000 0      93   21 gccagga gtcactc tcctgct
>NE_THIC:128:133 
NE_THIC:128:133    0.000 0      93   21 gccaggag tcact ctcctgct
>NE_THIC:128:133 
NE_THIC:128:133    0.000 0      94   25 ccagga gtcactctcctgc tccttg
>NE_THIC:128:133 
NE_THIC:128:133    0.000 0      94   25 ccaggag tcactctcctg ctccttg
>NE_THIC:128:133 
NE_THIC:128:133    0.000 0      94   25 ccaggagt cactctcct gctccttg
>NE_THIC:128:133 
NE_THIC:128:133    0.000 0      95   24 caggag tcactctcctgc tccttg
>NE_THIC:128:133 
NE_THIC:128:133    0.000 0      95   17 caggag tcact ctcctg
>VC_THID:135:140 
VC_THID:135:140    0.000 0     133   16 acagga gctt ttatgt
