#RM scored
#RM descr h5 ss h3
#RM dfile sd3p_m.descr
>SH_OMR2:141:145 
SH_OMR2:141:145    0.000 0     116   38 gttgccggatctcaa acgtatat ttgaggtcctatgtc
>SH_OMR2:141:145 
SH_OMR2:141:145    0.000 0     116   38 gttgccggatctcaaa cgtata tttgaggtcctatgtc
>SH_OMR2:141:145 
SH_OMR2:141:145    0.000 0     118   34 tgccggatctc aaacgtatattt gaggtcctatg
>SH_OMR2:141:145 
SH_OMR2:141:145    0.000 0     118   34 tgccggatctca aacgtatatt tgaggtcctatg
>SH_OMR2:141:145 
SH_OMR2:141:145    0.000 0     118   34 tgccggatctcaa acgtatat ttgaggtcctatg
>SH_OMR2:141:145 
SH_OMR2:141:145    0.000 0     118   34 tgccggatctcaaa cgtata tttgaggtcctatg
>SH_OMR2:141:145 
SH_OMR2:141:145    0.000 0     119   32 gccggatctc aaacgtatattt gaggtcctat
>SH_OMR2:141:145 
SH_OMR2:141:145    0.000 0     119   32 gccggatctca aacgtatatt tgaggtcctat
>SH_OMR2:141:145 
SH_OMR2:141:145    0.000 0     119   32 gccggatctcaa acgtatat ttgaggtcctat
>SH_OMR2:141:145 
SH_OMR2:141:145    0.000 0     119   32 gccggatctcaaa cgtata tttgaggtcctat
>SH_OMR2:141:145 
SH_OMR2:141:145    0.000 0     122   26 ggatctc aaacgtatattt gaggtcc
>SH_OMR2:141:145 
SH_OMR2:141:145    0.000 0     122   26 ggatctca aacgtatatt tgaggtcc
>SH_OMR2:141:145 
SH_OMR2:141:145    0.000 0     122   26 ggatctcaa acgtatat ttgaggtcc
>SH_OMR2:141:145 
SH_OMR2:141:145    0.000 0     122   26 ggatctcaaa cgtata tttgaggtcc
>SH_OMR2:141:145 
SH_OMR2:141:145    0.000 0     123   24 gatctc aaacgtatattt gaggtc
>SH_OMR2:141:145 
SH_OMR2:141:145    0.000 0     123   24 gatctca aacgtatatt tgaggtc
>SH_OMR2:141:145 
SH_OMR2:141:145    0.000 0     123   24 gatctcaa acgtatat ttgaggtc
>SH_OMR2:141:145 
SH_OMR2:141:145    0.000 0     123   24 gatctcaaa cgtata tttgaggtc
>SH_OMR2:141:145 
SH_OMR2:141:145    0.000 0     124   22 atctca aacgtatatt tgaggt
>SH_OMR2:141:145 
SH_OMR2:141:145    0.000 0     124   22 atctcaa acgtatat ttgaggt
>SH_OMR2:141:145 
SH_OMR2:141:145    0.000 0     124   22 atctcaaa cgtata tttgaggt
>SH_OMR2:141:145 
SH_OMR2:141:145    0.000 0     125   20 tctcaa acgtatat ttgagg
>SH_OMR2:141:145 
SH_OMR2:141:145    0.000 0     125   20 tctcaaa cgtata tttgagg
