#RM scored
#RM descr h5 ss h3
#RM dfile sd3p_m.descr
>HI_THIM:131:136 
HI_THIM:131:136    0.000 0      98   45 gcgggcattttt gtttattttatattcaacaca aggaatgcttat
>HI_THIM:131:136 
HI_THIM:131:136    0.000 0      98   45 gcgggcatttttgtt tattttatattcaac acaaggaatgcttat
>HI_THIM:131:136 
HI_THIM:131:136    0.000 0     100   41 gggcattttt gtttattttatattcaacaca aggaatgctt
>HI_THIM:131:136 
HI_THIM:131:136    0.000 0     100   41 gggcatttttgtt tattttatattcaac acaaggaatgctt
>HI_THIM:131:136 
HI_THIM:131:136    0.000 0     101   39 ggcattttt gtttattttatattcaacaca aggaatgct
>HI_THIM:131:136 
HI_THIM:131:136    0.000 0     101   39 ggcatttttgtt tattttatattcaac acaaggaatgct
>HI_THIM:131:136 
HI_THIM:131:136    0.000 0     102   37 gcattttt gtttattttatattcaacaca aggaatgc
>HI_THIM:131:136 
HI_THIM:131:136    0.000 0     102   37 gcatttttgtt tattttatattcaac acaaggaatgc
>HI_THIM:131:136 
HI_THIM:131:136    0.000 0     103   35 cattttt gtttattttatattcaacaca aggaatg
>HI_THIM:131:136 
HI_THIM:131:136    0.000 0     103   35 catttttgtt tattttatattcaac acaaggaatg
>HI_THIM:131:136 
HI_THIM:131:136    0.000 0     104   33 attttt gtttattttatattcaacaca aggaat
>HI_THIM:131:136 
HI_THIM:131:136    0.000 0     106   30 ttttgt ttattttatattcaacac aaggaa
>HI_THIM:131:136 
HI_THIM:131:136    0.000 0     107   29 tttgtt tattttatattcaacac aaggaa
>HI_THIM:131:136 
HI_THIM:131:136    0.000 0     108   28 ttgttt attttatattcaacac aaggaa
>HI_THIM:131:136 
HI_THIM:131:136    0.000 0     109   29 tgtttat tttatattcaacaca aggaatg
>HI_THIM:131:136 
HI_THIM:131:136    0.000 0     109   29 tgtttatt ttatattcaacac aaggaatg
>HI_THIM:131:136 
HI_THIM:131:136    0.000 0     109   29 tgtttatttt atattcaac acaaggaatg
>HI_THIM:131:136 
HI_THIM:131:136    0.000 0     110   27 gtttat tttatattcaacaca aggaat
>HI_THIM:131:136 
HI_THIM:131:136    0.000 0     110   27 gtttatt ttatattcaacac aaggaat
>HI_THIM:131:136 
HI_THIM:131:136    0.000 0     111   25 tttatt ttatattcaacac aaggaa
>HI_THIM:131:136 
HI_THIM:131:136    0.000 0     112   24 ttattt tatattcaacac aaggaa
>HI_THIM:131:136 
HI_THIM:131:136    0.000 0     113   25 tattttat attcaacac aaggaatg
>HI_THIM:131:136 
HI_THIM:131:136    0.000 0     113   25 tattttatat tcaac acaaggaatg
>HI_THIM:131:136 
HI_THIM:131:136    0.000 0     113   23 tatttt atattcaacac aaggaa
>HI_THIM:131:136 
HI_THIM:131:136    0.000 0     114   23 attttat attcaacac aaggaat
>HI_THIM:131:136 
HI_THIM:131:136    0.000 0     115   21 ttttat attcaacac aaggaa
