#RM scored
#RM descr h5 ss h3
#RM dfile sd5p_m.descr
>BME_THIB:136:142 
BME_THIB:136:142    0.000 0     134   26 aaaggaagtg ccgtga tgcgactttt
>BME_THIB:136:142 
BME_THIB:136:142    0.000 0     135   27 aaggaa gtgccgtgatgcgac ttttat
>BME_THIB:136:142 
BME_THIB:136:142    0.000 0     135   27 aaggaag tgccgtgatgcga cttttat
>BME_THIB:136:142 
BME_THIB:136:142    0.000 0     135   27 aaggaagt gccgtgatgcg acttttat
>BME_THIB:136:142 
BME_THIB:136:142    0.000 0     136   26 aggaag tgccgtgatgcgac ttttat
>RS_THIM:131:136 
RS_THIM:131:136    0.000 0      68   62 tgctggcggaggaag tcgcgatgctgcaggtcttgaatgcatttcgc ctccctccgtcacgg
>RS_THIM:131:136 
RS_THIM:131:136    0.000 0      71   56 tggcggaggaa gtcgcgatgctgcaggtcttgaatgcatttcgcc tccctccgtca
>RS_THIM:131:136 
RS_THIM:131:136    0.000 0      71   56 tggcggaggaag tcgcgatgctgcaggtcttgaatgcatttcgc ctccctccgtca
>RS_THIM:131:136 
RS_THIM:131:136    0.000 0      71   56 tggcggaggaagtc gcgatgctgcaggtcttgaatgcatttc gcctccctccgtca
>RS_THIM:131:136 
RS_THIM:131:136    0.000 0      71   56 tggcggaggaagtcg cgatgctgcaggtcttgaatgcattt cgcctccctccgtca
>RS_THIM:131:136 
RS_THIM:131:136    0.000 0      71   56 tggcggaggaagtcgcg atgctgcaggtcttgaatgcat ttcgcctccctccgtca
>RS_THIM:131:136 
RS_THIM:131:136    0.000 0      71   56 tggcggaggaagtcgcga tgctgcaggtcttgaatgca tttcgcctccctccgtca
>RS_THIM:131:136 
RS_THIM:131:136    0.000 0      71   56 tggcggaggaagtcgcgat gctgcaggtcttgaatgc atttcgcctccctccgtca
>RS_THIM:131:136 
RS_THIM:131:136    0.000 0      71   56 tggcggaggaagtcgcgatg ctgcaggtcttgaatg catttcgcctccctccgtca
>RS_THIM:131:136 
RS_THIM:131:136    0.000 0      71   56 tggcggaggaagtcgcgatgc tgcaggtcttgaat gcatttcgcctccctccgtca
>RS_THIM:131:136 
RS_THIM:131:136    0.000 0      72   54 ggcggaggaa gtcgcgatgctgcaggtcttgaatgcatttcgcc tccctccgtc
>RS_THIM:131:136 
RS_THIM:131:136    0.000 0      72   54 ggcggaggaag tcgcgatgctgcaggtcttgaatgcatttcgc ctccctccgtc
>RS_THIM:131:136 
RS_THIM:131:136    0.000 0      72   54 ggcggaggaagtc gcgatgctgcaggtcttgaatgcatttc gcctccctccgtc
>RS_THIM:131:136 
RS_THIM:131:136    0.000 0      72   54 ggcggaggaagtcg cgatgctgcaggtcttgaatgcattt cgcctccctccgtc
>RS_THIM:131:136 
RS_THIM:131:136    0.000 0      72   54 ggcggaggaagtcgcg atgctgcaggtcttgaatgcat ttcgcctccctccgtc
>RS_THIM:131:136 
RS_THIM:131:136    0.000 0      72   54 ggcggaggaagtcgcga tgctgcaggtcttgaatgca tttcgcctccctccgtc
>RS_THIM:131:136 
RS_THIM:131:136    0.000 0      72   54 ggcggaggaagtcgcgat gctgcaggtcttgaatgc atttcgcctccctccgtc
>RS_THIM:131:136 
RS_THIM:131:136    0.000 0      72   54 ggcggaggaagtcgcgatg ctgcaggtcttgaatg catttcgcctccctccgtc
>RS_THIM:131:136 
RS_THIM:131:136    0.000 0      72   54 ggcggaggaagtcgcgatgc tgcaggtcttgaat gcatttcgcctccctccgtc
>RS_THIM:131:136 
RS_THIM:131:136    0.000 0      72   47 ggcggaggaa gtcgcgatgctgcaggtcttgaatgca tttcgcctcc
>RS_THIM:131:136 
RS_THIM:131:136    0.000 0      73   52 gcggaggaa gtcgcgatgctgcaggtcttgaatgcatttcgcc tccctccgt
>RS_THIM:131:136 
RS_THIM:131:136    0.000 0      73   52 gcggaggaag tcgcgatgctgcaggtcttgaatgcatttcgc ctccctccgt
>RS_THIM:131:136 
RS_THIM:131:136    0.000 0      73   52 gcggaggaagtc gcgatgctgcaggtcttgaatgcatttc gcctccctccgt
>RS_THIM:131:136 
RS_THIM:131:136    0.000 0      73   52 gcggaggaagtcg cgatgctgcaggtcttgaatgcattt cgcctccctccgt
>RS_THIM:131:136 
RS_THIM:131:136    0.000 0      73   52 gcggaggaagtcgcg atgctgcaggtcttgaatgcat ttcgcctccctccgt
>RS_THIM:131:136 
RS_THIM:131:136    0.000 0      73   52 gcggaggaagtcgcga tgctgcaggtcttgaatgca tttcgcctccctccgt
>RS_THIM:131:136 
RS_THIM:131:136    0.000 0      73   52 gcggaggaagtcgcgat gctgcaggtcttgaatgc atttcgcctccctccgt
>RS_THIM:131:136 
RS_THIM:131:136    0.000 0      73   52 gcggaggaagtcgcgatg ctgcaggtcttgaatg catttcgcctccctccgt
>RS_THIM:131:136 
RS_THIM:131:136    0.000 0      73   52 gcggaggaagtcgcgatgc tgcaggtcttgaat gcatttcgcctccctccgt
>RS_THIM:131:136 
RS_THIM:131:136    0.000 0      74   50 cggaggaa gtcgcgatgctgcaggtcttgaatgcatttcgcc tccctccg
>RS_THIM:131:136 
RS_THIM:131:136    0.000 0      74   50 cggaggaag tcgcgatgctgcaggtcttgaatgcatttcgc ctccctccg
>RS_THIM:131:136 
RS_THIM:131:136    0.000 0      74   50 cggaggaagtc gcgatgctgcaggtcttgaatgcatttc gcctccctccg
>RS_THIM:131:136 
RS_THIM:131:136    0.000 0      74   50 cggaggaagtcg cgatgctgcaggtcttgaatgcattt cgcctccctccg
>RS_THIM:131:136 
RS_THIM:131:136    0.000 0      74   50 cggaggaagtcgcga tgctgcaggtcttgaatgca tttcgcctccctccg
>RS_THIM:131:136 
RS_THIM:131:136    0.000 0      74   50 cggaggaagtcgcgat gctgcaggtcttgaatgc atttcgcctccctccg
>RS_THIM:131:136 
RS_THIM:131:136    0.000 0      74   50 cggaggaagtcgcgatg ctgcaggtcttgaatg catttcgcctccctccg
>RS_THIM:131:136 
RS_THIM:131:136    0.000 0      74   50 cggaggaagtcgcgatgc tgcaggtcttgaat gcatttcgcctccctccg
>RS_THIM:131:136 
RS_THIM:131:136    0.000 0      75   48 ggaggaa gtcgcgatgctgcaggtcttgaatgcatttcgcc tccctcc
>RS_THIM:131:136 
RS_THIM:131:136    0.000 0      75   48 ggaggaag tcgcgatgctgcaggtcttgaatgcatttcgc ctccctcc
>RS_THIM:131:136 
RS_THIM:131:136    0.000 0      75   48 ggaggaagtc gcgatgctgcaggtcttgaatgcatttc gcctccctcc
>RS_THIM:131:136 
RS_THIM:131:136    0.000 0      75   48 ggaggaagtcg cgatgctgcaggtcttgaatgcattt cgcctccctcc
>RS_THIM:131:136 
RS_THIM:131:136    0.000 0      75   48 ggaggaagtcgcgat gctgcaggtcttgaatgc atttcgcctccctcc
>RS_THIM:131:136 
RS_THIM:131:136    0.000 0      75   48 ggaggaagtcgcgatg ctgcaggtcttgaatg catttcgcctccctcc
>RS_THIM:131:136 
RS_THIM:131:136    0.000 0      75   48 ggaggaagtcgcgatgc tgcaggtcttgaat gcatttcgcctccctcc
>RS_THIM:131:136 
RS_THIM:131:136    0.000 0      75   41 ggaggaa gtcgcgatgctgcaggtcttgaatgca tttcgcc
>RS_THIM:131:136 
RS_THIM:131:136    0.000 0      76   46 gaggaa gtcgcgatgctgcaggtcttgaatgcatttcgcc tccctc
>RS_THIM:131:136 
RS_THIM:131:136    0.000 0      76   46 gaggaag tcgcgatgctgcaggtcttgaatgcatttcgc ctccctc
>RS_THIM:131:136 
RS_THIM:131:136    0.000 0      76   46 gaggaagtcg cgatgctgcaggtcttgaatgcattt cgcctccctc
>RS_THIM:131:136 
RS_THIM:131:136    0.000 0      76   46 gaggaagtcgcgatg ctgcaggtcttgaatg catttcgcctccctc
>RS_THIM:131:136 
RS_THIM:131:136    0.000 0      76   46 gaggaagtcgcgatgc tgcaggtcttgaat gcatttcgcctccctc
>RS_THIM:131:136 
RS_THIM:131:136    0.000 0      76   39 gaggaa gtcgcgatgctgcaggtcttgaatgca tttcgc
>RS_THIM:131:136 
RS_THIM:131:136    0.000 0      77   44 aggaag tcgcgatgctgcaggtcttgaatgcatttcgc ctccct
>RS_THIM:131:136 
RS_THIM:131:136    0.000 0      77   44 aggaagtcgcgatgc tgcaggtcttgaat gcatttcgcctccct
>HI_THIM:131:136 
HI_THIM:131:136    0.000 0      62   58 tgacgtaggaa actaatatgccacatattgtgaatagcgggcatttt tgtttatttta
>HI_THIM:131:136 
HI_THIM:131:136    0.000 0      62   58 tgacgtaggaaa ctaatatgccacatattgtgaatagcgggcattt ttgtttatttta
>HI_THIM:131:136 
HI_THIM:131:136    0.000 0      63   61 gacgtaggaaa ctaatatgccacatattgtgaatagcgggcatttttgtt tattttatatt
>HI_THIM:131:136 
HI_THIM:131:136    0.000 0      63   56 gacgtaggaa actaatatgccacatattgtgaatagcgggcatttt tgtttatttt
>HI_THIM:131:136 
HI_THIM:131:136    0.000 0      63   56 gacgtaggaaa ctaatatgccacatattgtgaatagcgggcattt ttgtttatttt
>HI_THIM:131:136 
HI_THIM:131:136    0.000 0      64   59 acgtaggaaa ctaatatgccacatattgtgaatagcgggcatttttgtt tattttatat
>HI_THIM:131:136 
HI_THIM:131:136    0.000 0      64   54 acgtaggaaa ctaatatgccacatattgtgaatagcgggcattt ttgtttattt
>HI_THIM:131:136 
HI_THIM:131:136    0.000 0      64   50 acgtaggaa actaatatgccacatattgtgaatagcgggca tttttgttt
>HI_THIM:131:136 
HI_THIM:131:136    0.000 0      66   55 gtaggaaa ctaatatgccacatattgtgaatagcgggcatttttgtt tattttat
>HI_THIM:131:136 
HI_THIM:131:136    0.000 0      66   50 gtaggaa actaatatgccacatattgtgaatagcgggcatttt tgtttat
>HI_THIM:131:136 
HI_THIM:131:136    0.000 0      66   50 gtaggaaa ctaatatgccacatattgtgaatagcgggcattt ttgtttat
>HI_THIM:131:136 
HI_THIM:131:136    0.000 0      66   46 gtaggaa actaatatgccacatattgtgaatagcgggca tttttgt
>HI_THIM:131:136 
HI_THIM:131:136    0.000 0      66   46 gtaggaaact aatatgccacatattgtgaatagcgg gcatttttgt
>HI_THIM:131:136 
HI_THIM:131:136    0.000 0      67   53 taggaaa ctaatatgccacatattgtgaatagcgggcatttttgtt tatttta
>HI_THIM:131:136 
HI_THIM:131:136    0.000 0      67   48 taggaa actaatatgccacatattgtgaatagcgggcatttt tgttta
>HI_THIM:131:136 
HI_THIM:131:136    0.000 0      67   48 taggaaa ctaatatgccacatattgtgaatagcgggcattt ttgttta
>HI_THIM:131:136 
HI_THIM:131:136    0.000 0      67   44 taggaa actaatatgccacatattgtgaatagcgggca tttttg
>HI_THIM:131:136 
HI_THIM:131:136    0.000 0      68   51 aggaaa ctaatatgccacatattgtgaatagcgggcatttttgtt tatttt
>HI_THIM:131:136 
HI_THIM:131:136    0.000 0      68   50 aggaaa ctaatatgccacatattgtgaatagcgggcatttttgt ttattt
>HI_THIM:131:136 
HI_THIM:131:136    0.000 0      68   50 aggaaactaa tatgccacatattgtgaatagcgggcattt ttgtttattt
>HI_THIM:131:136 
HI_THIM:131:136    0.000 0      68   49 aggaaa ctaatatgccacatattgtgaatagcgggcatttttg tttatt
>HI_THIM:131:136 
HI_THIM:131:136    0.000 0      68   49 aggaaac taatatgccacatattgtgaatagcgggcattttt gtttatt
>HI_THIM:131:136 
HI_THIM:131:136    0.000 0      68   49 aggaaactaa tatgccacatattgtgaatagcgggcatt tttgtttatt
>HI_THIM:131:136 
HI_THIM:131:136    0.000 0      68   49 aggaaactaatatgc cacatattgtgaatagcgg gcatttttgtttatt
>HI_THIM:131:136 
HI_THIM:131:136    0.000 0      68   49 aggaaactaatatgcc acatattgtgaatagcg ggcatttttgtttatt
>HI_THIM:131:136 
HI_THIM:131:136    0.000 0      68   46 aggaaa ctaatatgccacatattgtgaatagcgggcattt ttgttt
>HI_THIM:131:136 
HI_THIM:131:136    0.000 0      68   45 aggaaa ctaatatgccacatattgtgaatagcgggcatt tttgtt
>HI_THIM:131:136 
HI_THIM:131:136    0.000 0      68   44 aggaaa ctaatatgccacatattgtgaatagcgggcat ttttgt
>HI_THIB:122:126 
HI_THIB:122:126    0.000 0      62   47 gacgtaggaa actaggaatatctccttttcgtcatta ttgctgcctt
>HI_THIB:122:126 
HI_THIB:122:126    0.000 0      65   49 gtaggaa actaggaatatctccttttcgtcattattgctgcc ttttaat
>HI_THIB:122:126 
HI_THIB:122:126    0.000 0      65   41 gtaggaa actaggaatatctccttttcgtcatta ttgctgc
>HI_THIB:122:126 
HI_THIB:122:126    0.000 0      65   38 gtaggaa actaggaatatctccttttcgtca ttattgc
>HI_THIB:122:126 
HI_THIB:122:126    0.000 0      65   29 gtaggaa actaggaatatctcc ttttcgt
>HI_THIB:122:126 
HI_THIB:122:126    0.000 0      66   47 taggaa actaggaatatctccttttcgtcattattgctgcc ttttaa
>HI_THIB:122:126 
HI_THIB:122:126    0.000 0      66   39 taggaa actaggaatatctccttttcgtcatta ttgctg
>HI_THIB:122:126 
HI_THIB:122:126    0.000 0      66   36 taggaa actaggaatatctccttttcgtca ttattg
>HI_THIB:122:126 
HI_THIB:122:126    0.000 0      66   27 taggaa actaggaatatctcc ttttcg
>HI_THIB:122:126 
HI_THIB:122:126    0.000 0      67   27 aggaaa ctaggaatatctcct tttcgt
>HI_THIB:122:126 
HI_THIB:122:126    0.000 0      67   21 aggaaa ctaggaata tctcct
>HI_THIB:122:126 
HI_THIB:122:126    0.000 0      74   39 taggaa tatctccttttcgtcattattgctgcc ttttaa
>HI_THIB:122:126 
HI_THIB:122:126    0.000 0      74   31 taggaa tatctccttttcgtcatta ttgctg
>HI_THIB:122:126 
HI_THIB:122:126    0.000 0      74   31 taggaat atctccttttcgtcatt attgctg
>HI_THIB:122:126 
HI_THIB:122:126    0.000 0      74   31 taggaata tctccttttcgtcat tattgctg
>HI_THIB:122:126 
HI_THIB:122:126    0.000 0      74   28 taggaa tatctccttttcgtca ttattg
>HI_THIB:122:126 
HI_THIB:122:126    0.000 0      74   28 taggaat atctccttttcgtc attattg
>HI_THIB:122:126 
HI_THIB:122:126    0.000 0      74   19 taggaa tatctcc ttttcg
>HI_THIB:122:126 
HI_THIB:122:126    0.000 0      75   29 aggaat atctccttttcgtcatt attgct
>HI_THIB:122:126 
HI_THIB:122:126    0.000 0      75   29 aggaata tctccttttcgtcat tattgct
>HI_THIB:122:126 
HI_THIB:122:126    0.000 0      75   26 aggaat atctccttttcgtc attatt
>HI_THIZ:123:128 
HI_THIZ:123:128    0.000 0      62   44 tgacgtaggaa actaatatgccaaaaaatttct tttttattacg
>HI_THIZ:123:128 
HI_THIZ:123:128    0.000 0      62   44 tgacgtaggaaa ctaatatgccaaaaaatttc ttttttattacg
>HI_THIZ:123:128 
HI_THIZ:123:128    0.000 0      62   39 tgacgtaggaa actaatatgccaaaaaa tttctttttta
>HI_THIZ:123:128 
HI_THIZ:123:128    0.000 0      63   42 gacgtaggaa actaatatgccaaaaaatttct tttttattac
>HI_THIZ:123:128 
HI_THIZ:123:128    0.000 0      63   42 gacgtaggaaa ctaatatgccaaaaaatttc ttttttattac
>HI_THIZ:123:128 
HI_THIZ:123:128    0.000 0      63   37 gacgtaggaa actaatatgccaaaaaa tttctttttt
>HI_THIZ:123:128 
HI_THIZ:123:128    0.000 0      64   36 acgtaggaaa ctaatatgccaaaaaa tttctttttt
>HI_THIZ:123:128 
HI_THIZ:123:128    0.000 0      65   41 cgtaggaa actaatatgccaaaaaatttctttt ttattacg
>HI_THIZ:123:128 
HI_THIZ:123:128    0.000 0      65   41 cgtaggaaa ctaatatgccaaaaaatttcttt tttattacg
>HI_THIZ:123:128 
HI_THIZ:123:128    0.000 0      66   39 gtaggaa actaatatgccaaaaaatttctttt ttattac
>HI_THIZ:123:128 
HI_THIZ:123:128    0.000 0      66   39 gtaggaaa ctaatatgccaaaaaatttcttt tttattac
>HI_THIZ:123:128 
HI_THIZ:123:128    0.000 0      66   36 gtaggaa actaatatgccaaaaaatttct tttttat
>HI_THIZ:123:128 
HI_THIZ:123:128    0.000 0      66   36 gtaggaaa ctaatatgccaaaaaatttc ttttttat
>HI_THIZ:123:128 
HI_THIZ:123:128    0.000 0      66   36 gtaggaaacta atatgccaaaaaat ttcttttttat
>HI_THIZ:123:128 
HI_THIZ:123:128    0.000 0      66   36 gtaggaaactaa tatgccaaaaaa tttcttttttat
>HI_THIZ:123:128 
HI_THIZ:123:128    0.000 0      66   36 gtaggaaactaat atgccaaaaa atttcttttttat
>HI_THIZ:123:128 
HI_THIZ:123:128    0.000 0      66   36 gtaggaaactaatat gccaaa aaatttcttttttat
>HI_THIZ:123:128 
HI_THIZ:123:128    0.000 0      66   32 gtaggaa actaatatgccaaaaaat ttctttt
>HI_THIZ:123:128 
HI_THIZ:123:128    0.000 0      66   32 gtaggaaa ctaatatgccaaaaaa tttctttt
>HI_THIZ:123:128 
HI_THIZ:123:128    0.000 0      66   32 gtaggaaact aatatgccaaaa aatttctttt
>HI_THIZ:123:128 
HI_THIZ:123:128    0.000 0      66   31 gtaggaa actaatatgccaaaaaa tttcttt
>HI_THIZ:123:128 
HI_THIZ:123:128    0.000 0      67   37 taggaa actaatatgccaaaaaatttctttt ttatta
>HI_THIZ:123:128 
HI_THIZ:123:128    0.000 0      67   37 taggaaa ctaatatgccaaaaaatttcttt tttatta
>HI_THIZ:123:128 
HI_THIZ:123:128    0.000 0      67   34 taggaa actaatatgccaaaaaatttct ttttta
>HI_THIZ:123:128 
HI_THIZ:123:128    0.000 0      67   34 taggaaa ctaatatgccaaaaaatttc tttttta
>HI_THIZ:123:128 
HI_THIZ:123:128    0.000 0      67   34 taggaaacta atatgccaaaaaat ttctttttta
>HI_THIZ:123:128 
HI_THIZ:123:128    0.000 0      67   34 taggaaactaa tatgccaaaaaa tttctttttta
>HI_THIZ:123:128 
HI_THIZ:123:128    0.000 0      67   34 taggaaactaat atgccaaaaa atttctttttta
>HI_THIZ:123:128 
HI_THIZ:123:128    0.000 0      68   35 aggaaa ctaatatgccaaaaaatttcttt tttatt
>HI_THIZ:123:128 
HI_THIZ:123:128    0.000 0      68   34 aggaaa ctaatatgccaaaaaatttctt ttttat
>HI_THIZ:123:128 
HI_THIZ:123:128    0.000 0      68   32 aggaaa ctaatatgccaaaaaatttc tttttt
>HI_THIZ:123:128 
HI_THIZ:123:128    0.000 0      68   32 aggaaactaa tatgccaaaaaa tttctttttt
>HI_THIZ:123:128 
HI_THIZ:123:128    0.000 0      68   32 aggaaactaat atgccaaaaa atttctttttt
>HI_THIZ:123:128 
HI_THIZ:123:128    0.000 0      68   30 aggaaa ctaatatgccaaaaaatt tctttt
>HI_THIZ:123:128 
HI_THIZ:123:128    0.000 0      68   29 aggaaa ctaatatgccaaaaaat ttcttt
>HI_THIZ:123:128 
HI_THIZ:123:128    0.000 0      68   28 aggaaa ctaatatgccaaaaaa tttctt
>HI_THIZ:123:128 
HI_THIZ:123:128    0.000 0      68   28 aggaaact aatatgccaaaa aatttctt
>VK_THIB:121:127 
VK_THIB:121:127    0.000 0      63   53 tactgacgtaggaa actagcgtcaatattgctgtgtact tttttgcgtaatta
>VK_THIB:121:127 
VK_THIB:121:127    0.000 0      63   53 tactgacgtaggaaa ctagcgtcaatattgctgtgtac ttttttgcgtaatta
>VK_THIB:121:127 
VK_THIB:121:127    0.000 0      63   53 tactgacgtaggaaact agcgtcaatattgctgtgt acttttttgcgtaatta
>VK_THIB:121:127 
VK_THIB:121:127    0.000 0      63   53 tactgacgtaggaaacta gcgtcaatattgctgtg tacttttttgcgtaatta
>VK_THIB:121:127 
VK_THIB:121:127    0.000 0      64   51 actgacgtaggaa actagcgtcaatattgctgtgtact tttttgcgtaatt
>VK_THIB:121:127 
VK_THIB:121:127    0.000 0      64   51 actgacgtaggaaa ctagcgtcaatattgctgtgtac ttttttgcgtaatt
>VK_THIB:121:127 
VK_THIB:121:127    0.000 0      64   51 actgacgtaggaaact agcgtcaatattgctgtgt acttttttgcgtaatt
>VK_THIB:121:127 
VK_THIB:121:127    0.000 0      64   51 actgacgtaggaaacta gcgtcaatattgctgtg tacttttttgcgtaatt
>VK_THIB:121:127 
VK_THIB:121:127    0.000 0      66   47 tgacgtaggaa actagcgtcaatattgctgtgtact tttttgcgtaa
>VK_THIB:121:127 
VK_THIB:121:127    0.000 0      66   47 tgacgtaggaaa ctagcgtcaatattgctgtgtac ttttttgcgtaa
>VK_THIB:121:127 
VK_THIB:121:127    0.000 0      66   47 tgacgtaggaaact agcgtcaatattgctgtgt acttttttgcgtaa
>VK_THIB:121:127 
VK_THIB:121:127    0.000 0      66   47 tgacgtaggaaacta gcgtcaatattgctgtg tacttttttgcgtaa
>VK_THIB:121:127 
VK_THIB:121:127    0.000 0      68   43 acgtaggaa actagcgtcaatattgctgtgtact tttttgcgt
>VK_THIB:121:127 
VK_THIB:121:127    0.000 0      68   43 acgtaggaaa ctagcgtcaatattgctgtgtac ttttttgcgt
>VK_THIB:121:127 
VK_THIB:121:127    0.000 0      68   43 acgtaggaaact agcgtcaatattgctgtgt acttttttgcgt
>VK_THIB:121:127 
VK_THIB:121:127    0.000 0      68   43 acgtaggaaacta gcgtcaatattgctgtg tacttttttgcgt
>VK_THIB:121:127 
VK_THIB:121:127    0.000 0      68   31 acgtaggaa actagcgtcaata ttgctgtgt
>VK_THIB:121:127 
VK_THIB:121:127    0.000 0      69   41 cgtaggaa actagcgtcaatattgctgtgtact tttttgcg
>VK_THIB:121:127 
VK_THIB:121:127    0.000 0      69   41 cgtaggaaa ctagcgtcaatattgctgtgtac ttttttgcg
>VK_THIB:121:127 
VK_THIB:121:127    0.000 0      69   41 cgtaggaaact agcgtcaatattgctgtgt acttttttgcg
>VK_THIB:121:127 
VK_THIB:121:127    0.000 0      69   41 cgtaggaaacta gcgtcaatattgctgtg tacttttttgcg
>VK_THIB:121:127 
VK_THIB:121:127    0.000 0      69   29 cgtaggaa actagcgtcaata ttgctgtg
>VK_THIB:121:127 
VK_THIB:121:127    0.000 0      70   39 gtaggaa actagcgtcaatattgctgtgtact tttttgc
>VK_THIB:121:127 
VK_THIB:121:127    0.000 0      70   39 gtaggaaa ctagcgtcaatattgctgtgtac ttttttgc
>VK_THIB:121:127 
VK_THIB:121:127    0.000 0      70   39 gtaggaaact agcgtcaatattgctgtgt acttttttgc
>VK_THIB:121:127 
VK_THIB:121:127    0.000 0      70   39 gtaggaaacta gcgtcaatattgctgtg tacttttttgc
>VK_THIB:121:127 
VK_THIB:121:127    0.000 0      70   27 gtaggaa actagcgtcaata ttgctgt
>VK_THIB:121:127 
VK_THIB:121:127    0.000 0      71   37 taggaa actagcgtcaatattgctgtgtact tttttg
>VK_THIB:121:127 
VK_THIB:121:127    0.000 0      71   37 taggaaa ctagcgtcaatattgctgtgtac ttttttg
>VK_THIB:121:127 
VK_THIB:121:127    0.000 0      71   37 taggaaact agcgtcaatattgctgtgt acttttttg
>VK_THIB:121:127 
VK_THIB:121:127    0.000 0      71   37 taggaaacta gcgtcaatattgctgtg tacttttttg
>VK_THIB:121:127 
VK_THIB:121:127    0.000 0      71   25 taggaa actagcgtcaata ttgctg
>VK_THIB:121:127 
VK_THIB:121:127    0.000 0      72   35 aggaaa ctagcgtcaatattgctgtgtac tttttt
>VK_THIB:121:127 
VK_THIB:121:127    0.000 0      72   35 aggaaact agcgtcaatattgctgtgt actttttt
>VK_THIB:121:127 
VK_THIB:121:127    0.000 0      72   35 aggaaacta gcgtcaatattgctgtg tactttttt
>PQ_THIM:142:147 
PQ_THIM:142:147    0.000 0      62   58 gttagcactgacgtaggaaa ctaaaggcgtaaacccac tattccccgttggtgttggt
>PQ_THIM:142:147 
PQ_THIM:142:147    0.000 0      62   58 gttagcactgacgtaggaaact aaaggcgtaaaccc actattccccgttggtgttggt
>PQ_THIM:142:147 
PQ_THIM:142:147    0.000 0      63   56 ttagcactgacgtaggaaa ctaaaggcgtaaacccac tattccccgttggtgttgg
>PQ_THIM:142:147 
PQ_THIM:142:147    0.000 0      63   56 ttagcactgacgtaggaaact aaaggcgtaaaccc actattccccgttggtgttgg
>PQ_THIM:142:147 
PQ_THIM:142:147    0.000 0      64   54 tagcactgacgtaggaaa ctaaaggcgtaaacccac tattccccgttggtgttg
>PQ_THIM:142:147 
PQ_THIM:142:147    0.000 0      64   54 tagcactgacgtaggaaact aaaggcgtaaaccc actattccccgttggtgttg
>PQ_THIM:142:147 
PQ_THIM:142:147    0.000 0      65   52 agcactgacgtaggaaa ctaaaggcgtaaacccac tattccccgttggtgtt
>PQ_THIM:142:147 
PQ_THIM:142:147    0.000 0      66   50 gcactgacgtaggaaa ctaaaggcgtaaacccac tattccccgttggtgt
>PQ_THIM:142:147 
PQ_THIM:142:147    0.000 0      67   48 cactgacgtaggaaa ctaaaggcgtaaacccac tattccccgttggtg
>PQ_THIM:142:147 
PQ_THIM:142:147    0.000 0      70   56 tgacgtaggaa actaaaggcgtaaacccactattccccgttggtg ttggtgcgttg
>PQ_THIM:142:147 
PQ_THIM:142:147    0.000 0      71   54 gacgtaggaa actaaaggcgtaaacccactattccccgttggtg ttggtgcgtt
>PQ_THIM:142:147 
PQ_THIM:142:147    0.000 0      74   61 gtaggaaacta aaggcgtaaacccactattccccgttggtgttggtgcgt tgtttttcaat
>PQ_THIM:142:147 
PQ_THIM:142:147    0.000 0      74   61 gtaggaaactaa aggcgtaaacccactattccccgttggtgttggtgcg ttgtttttcaat
>PQ_THIM:142:147 
PQ_THIM:142:147    0.000 0      75   59 taggaaacta aaggcgtaaacccactattccccgttggtgttggtgcgt tgtttttcaa
>PQ_THIM:142:147 
PQ_THIM:142:147    0.000 0      75   59 taggaaactaa aggcgtaaacccactattccccgttggtgttggtgcg ttgtttttcaa
>PQ_THIM:142:147 
PQ_THIM:142:147    0.000 0      75   58 taggaaacta aaggcgtaaacccactattccccgttggtgttggtgcg ttgtttttca
>PQ_THIM:142:147 
PQ_THIM:142:147    0.000 0      76   53 aggaaac taaaggcgtaaacccactattccccgttggtgttggtgc gttgttt
>AB_THIB:121:126 
AB_THIB:121:126    0.000 0      59   47 actgacgtaggaaac taacagagaatcacatg gtttttgttgtccgt
>AB_THIB:121:126 
AB_THIB:121:126    0.000 0      59   47 actgacgtaggaaact aacagagaatcacat ggtttttgttgtccgt
>AB_THIB:121:126 
AB_THIB:121:126    0.000 0      59   47 actgacgtaggaaacta acagagaatcaca tggtttttgttgtccgt
>AB_THIB:121:126 
AB_THIB:121:126    0.000 0      60   45 ctgacgtaggaaact aacagagaatcacat ggtttttgttgtccg
>AB_THIB:121:126 
AB_THIB:121:126    0.000 0      60   45 ctgacgtaggaaacta acagagaatcaca tggtttttgttgtccg
>AB_THIB:121:126 
AB_THIB:121:126    0.000 0      62   41 gacgtaggaa actaacagagaatcacatggt ttttgttgtc
>AB_THIB:121:126 
AB_THIB:121:126    0.000 0      62   41 gacgtaggaaa ctaacagagaatcacatgg tttttgttgtc
>AB_THIB:121:126 
AB_THIB:121:126    0.000 0      62   41 gacgtaggaaac taacagagaatcacatg gtttttgttgtc
>AB_THIB:121:126 
AB_THIB:121:126    0.000 0      62   41 gacgtaggaaact aacagagaatcacat ggtttttgttgtc
>AB_THIB:121:126 
AB_THIB:121:126    0.000 0      62   41 gacgtaggaaacta acagagaatcaca tggtttttgttgtc
>AB_THIB:121:126 
AB_THIB:121:126    0.000 0      62   40 gacgtaggaa actaacagagaatcacatgg tttttgttgt
>AB_THIB:121:126 
AB_THIB:121:126    0.000 0      63   39 acgtaggaaa ctaacagagaatcacatgg tttttgttgt
>AB_THIB:121:126 
AB_THIB:121:126    0.000 0      63   39 acgtaggaaac taacagagaatcacatg gtttttgttgt
>AB_THIB:121:126 
AB_THIB:121:126    0.000 0      63   39 acgtaggaaact aacagagaatcacat ggtttttgttgt
>AB_THIB:121:126 
AB_THIB:121:126    0.000 0      63   39 acgtaggaaacta acagagaatcaca tggtttttgttgt
>AB_THIB:121:126 
AB_THIB:121:126    0.000 0      64   37 cgtaggaaac taacagagaatcacatg gtttttgttg
>AB_THIB:121:126 
AB_THIB:121:126    0.000 0      64   37 cgtaggaaact aacagagaatcacat ggtttttgttg
>AB_THIB:121:126 
AB_THIB:121:126    0.000 0      64   37 cgtaggaaacta acagagaatcaca tggtttttgttg
>AB_THIB:121:126 
AB_THIB:121:126    0.000 0      65   48 gtaggaa actaacagagaatcacatggtttttgttgtccgt tatttgt
>AB_THIB:121:126 
AB_THIB:121:126    0.000 0      65   48 gtaggaaa ctaacagagaatcacatggtttttgttgtccg ttatttgt
>AB_THIB:121:126 
AB_THIB:121:126    0.000 0      65   48 gtaggaaac taacagagaatcacatggtttttgttgtcc gttatttgt
>AB_THIB:121:126 
AB_THIB:121:126    0.000 0      65   48 gtaggaaactaacag agaatcacatggtttttg ttgtccgttatttgt
>AB_THIB:121:126 
AB_THIB:121:126    0.000 0      65   37 gtaggaa actaacagagaatcacatggttt ttgttgt
>AB_THIB:121:126 
AB_THIB:121:126    0.000 0      65   37 gtaggaaa ctaacagagaatcacatggtt tttgttgt
>AB_THIB:121:126 
AB_THIB:121:126    0.000 0      65   35 gtaggaaact aacagagaatcacat ggtttttgtt
>AB_THIB:121:126 
AB_THIB:121:126    0.000 0      65   35 gtaggaaacta acagagaatcaca tggtttttgtt
>AB_THIB:121:126 
AB_THIB:121:126    0.000 0      65   34 gtaggaa actaacagagaatcacatgg tttttgt
>AB_THIB:121:126 
AB_THIB:121:126    0.000 0      65   34 gtaggaaac taacagagaatcacat ggtttttgt
>AB_THIB:121:126 
AB_THIB:121:126    0.000 0      66   48 taggaa actaacagagaatcacatggtttttgttgtccgtta tttgta
>AB_THIB:121:126 
AB_THIB:121:126    0.000 0      66   46 taggaa actaacagagaatcacatggtttttgttgtccgt tatttg
>AB_THIB:121:126 
AB_THIB:121:126    0.000 0      66   46 taggaaa ctaacagagaatcacatggtttttgttgtccg ttatttg
>AB_THIB:121:126 
AB_THIB:121:126    0.000 0      66   46 taggaaac taacagagaatcacatggtttttgttgtcc gttatttg
>AB_THIB:121:126 
AB_THIB:121:126    0.000 0      66   35 taggaa actaacagagaatcacatggttt ttgttg
>AB_THIB:121:126 
AB_THIB:121:126    0.000 0      66   35 taggaaa ctaacagagaatcacatggtt tttgttg
>AB_THIB:121:126 
AB_THIB:121:126    0.000 0      66   32 taggaa actaacagagaatcacatgg tttttg
>AB_THIB:121:126 
AB_THIB:121:126    0.000 0      66   32 taggaaac taacagagaatcacat ggtttttg
>AB_THIB:121:126 
AB_THIB:121:126    0.000 0      67   44 aggaaa ctaacagagaatcacatggtttttgttgtccg ttattt
>AB_THIB:121:126 
AB_THIB:121:126    0.000 0      67   44 aggaaac taacagagaatcacatggtttttgttgtcc gttattt
>AB_THIB:121:126 
AB_THIB:121:126    0.000 0      67   33 aggaaa ctaacagagaatcacatggtt tttgtt
>AB_THIB:121:126 
AB_THIB:121:126    0.000 0      67   32 aggaaa ctaacagagaatcacatggt ttttgt
>AB_THIB:121:126 
AB_THIB:121:126    0.000 0      67   30 aggaaac taacagagaatcacat ggttttt
>VC_THIB:149:154 
VC_THIB:149:154    0.000 0      87   55 tggcgtaggaat tgagctaggtttgcagaactctgcctccctc aagcctgtgccg
>VC_THIB:149:154 
VC_THIB:149:154    0.000 0      88   53 ggcgtaggaat tgagctaggtttgcagaactctgcctccctc aagcctgtgcc
>VC_THIB:149:154 
VC_THIB:149:154    0.000 0      89   51 gcgtaggaat tgagctaggtttgcagaactctgcctccctc aagcctgtgc
>VFI_THIB:140:145 
VFI_THIB:140:145    0.000 0      90   36 gtaggaattg agatgacattctccta caactctagc
>SH_OMR2:141:145 
SH_OMR2:141:145    0.000 0      85   59 cgtaggaatg ggccaatcaacagcactattcgttgccggatctcaaacg tatatttgag
>SH_OMR2:141:145 
SH_OMR2:141:145    0.000 0      87   55 taggaatg ggccaatcaacagcactattcgttgccggatctcaaacg tatatttg
>SH_OMR2:141:145 
SH_OMR2:141:145    0.000 0      87   55 taggaatggg ccaatcaacagcactattcgttgccggatctcaaa cgtatatttg
>SH_OMR2:141:145 
SH_OMR2:141:145    0.000 0      87   36 taggaatggg ccaatcaacagcacta ttcgttgccg
>SH_OMR2:141:145 
SH_OMR2:141:145    0.000 0      88   53 aggaatg ggccaatcaacagcactattcgttgccggatctcaaacg tatattt
>SH_OMR2:141:145 
SH_OMR2:141:145    0.000 0      88   30 aggaat gggccaatcaacagcact attcgt
>SH_OMR2:141:145 
SH_OMR2:141:145    0.000 0      88   30 aggaatg ggccaatcaacagcac tattcgt
>SH_OMR2:141:145 
SH_OMR2:141:145    0.000 0      88   30 aggaatgg gccaatcaacagca ctattcgt
>BAC_ZY_THIY:145:150 
BAC_ZY_THIY:145:150    0.000 0      76   41 ggcgtaggaa agtgagcaatattgataactg tttcttcatt
>BAC_ZY_THIY:145:150 
BAC_ZY_THIY:145:150    0.000 0      77   53 gcgtaggaa agtgagcaatattgataactgtttcttcattcact tttttacgc
>BAC_ZY_THIY:145:150 
BAC_ZY_THIY:145:150    0.000 0      77   53 gcgtaggaaa gtgagcaatattgataactgtttcttcattcac ttttttacgc
>BAC_ZY_THIY:145:150 
BAC_ZY_THIY:145:150    0.000 0      77   53 gcgtaggaaag tgagcaatattgataactgtttcttcattca cttttttacgc
>BAC_ZY_THIY:145:150 
BAC_ZY_THIY:145:150    0.000 0      77   53 gcgtaggaaagt gagcaatattgataactgtttcttcattc acttttttacgc
>BAC_ZY_THIY:145:150 
BAC_ZY_THIY:145:150    0.000 0      77   53 gcgtaggaaagtg agcaatattgataactgtttcttcatt cacttttttacgc
>BAC_ZY_THIY:145:150 
BAC_ZY_THIY:145:150    0.000 0      77   53 gcgtaggaaagtga gcaatattgataactgtttcttcat tcacttttttacgc
>BAC_ZY_THIY:145:150 
BAC_ZY_THIY:145:150    0.000 0      77   53 gcgtaggaaagtgag caatattgataactgtttcttca ttcacttttttacgc
>BAC_ZY_THIY:145:150 
BAC_ZY_THIY:145:150    0.000 0      77   53 gcgtaggaaagtgagcaa tattgataactgtttct tcattcacttttttacgc
>BAC_ZY_THIY:145:150 
BAC_ZY_THIY:145:150    0.000 0      78   51 cgtaggaa agtgagcaatattgataactgtttcttcattcact tttttacg
>BAC_ZY_THIY:145:150 
BAC_ZY_THIY:145:150    0.000 0      78   51 cgtaggaaa gtgagcaatattgataactgtttcttcattcac ttttttacg
>BAC_ZY_THIY:145:150 
BAC_ZY_THIY:145:150    0.000 0      78   51 cgtaggaaag tgagcaatattgataactgtttcttcattca cttttttacg
>BAC_ZY_THIY:145:150 
BAC_ZY_THIY:145:150    0.000 0      78   51 cgtaggaaagt gagcaatattgataactgtttcttcattc acttttttacg
>BAC_ZY_THIY:145:150 
BAC_ZY_THIY:145:150    0.000 0      78   51 cgtaggaaagtg agcaatattgataactgtttcttcatt cacttttttacg
>BAC_ZY_THIY:145:150 
BAC_ZY_THIY:145:150    0.000 0      78   51 cgtaggaaagtga gcaatattgataactgtttcttcat tcacttttttacg
>BAC_ZY_THIY:145:150 
BAC_ZY_THIY:145:150    0.000 0      78   51 cgtaggaaagtgag caatattgataactgtttcttca ttcacttttttacg
>BAC_ZY_THIY:145:150 
BAC_ZY_THIY:145:150    0.000 0      78   51 cgtaggaaagtgagcaa tattgataactgtttct tcattcacttttttacg
>BAC_ZY_THIY:145:150 
BAC_ZY_THIY:145:150    0.000 0      79   49 gtaggaa agtgagcaatattgataactgtttcttcattcact tttttac
>BAC_ZY_THIY:145:150 
BAC_ZY_THIY:145:150    0.000 0      79   49 gtaggaaa gtgagcaatattgataactgtttcttcattcac ttttttac
>BAC_ZY_THIY:145:150 
BAC_ZY_THIY:145:150    0.000 0      79   49 gtaggaaag tgagcaatattgataactgtttcttcattca cttttttac
>BAC_ZY_THIY:145:150 
BAC_ZY_THIY:145:150    0.000 0      79   49 gtaggaaagt gagcaatattgataactgtttcttcattc acttttttac
>BAC_ZY_THIY:145:150 
BAC_ZY_THIY:145:150    0.000 0      79   49 gtaggaaagtg agcaatattgataactgtttcttcatt cacttttttac
>BAC_ZY_THIY:145:150 
BAC_ZY_THIY:145:150    0.000 0      79   49 gtaggaaagtga gcaatattgataactgtttcttcat tcacttttttac
>BAC_ZY_THIY:145:150 
BAC_ZY_THIY:145:150    0.000 0      79   49 gtaggaaagtgag caatattgataactgtttcttca ttcacttttttac
>BAC_ZY_THIY:145:150 
BAC_ZY_THIY:145:150    0.000 0      79   49 gtaggaaagtgagcaa tattgataactgtttct tcattcacttttttac
>BAC_ZY_THIY:145:150 
BAC_ZY_THIY:145:150    0.000 0      79   37 gtaggaaagt gagcaatattgataact gtttcttcat
>BAC_ZY_THIY:145:150 
BAC_ZY_THIY:145:150    0.000 0      79   37 gtaggaaagtg agcaatattgataac tgtttcttcat
>BAC_ZY_THIY:145:150 
BAC_ZY_THIY:145:150    0.000 0      79   35 gtaggaa agtgagcaatattgataactg tttcttc
>BAC_ZY_THIY:145:150 
BAC_ZY_THIY:145:150    0.000 0      80   47 taggaa agtgagcaatattgataactgtttcttcattcact ttttta
>BAC_ZY_THIY:145:150 
BAC_ZY_THIY:145:150    0.000 0      80   47 taggaaa gtgagcaatattgataactgtttcttcattcac tttttta
>BAC_ZY_THIY:145:150 
BAC_ZY_THIY:145:150    0.000 0      80   47 taggaaag tgagcaatattgataactgtttcttcattca ctttttta
>BAC_ZY_THIY:145:150 
BAC_ZY_THIY:145:150    0.000 0      80   47 taggaaagt gagcaatattgataactgtttcttcattc actttttta
>BAC_ZY_THIY:145:150 
BAC_ZY_THIY:145:150    0.000 0      80   47 taggaaagtg agcaatattgataactgtttcttcatt cactttttta
>BAC_ZY_THIY:145:150 
BAC_ZY_THIY:145:150    0.000 0      80   47 taggaaagtga gcaatattgataactgtttcttcat tcactttttta
>BAC_ZY_THIY:145:150 
BAC_ZY_THIY:145:150    0.000 0      80   47 taggaaagtgag caatattgataactgtttcttca ttcactttttta
>BAC_ZY_THIY:145:150 
BAC_ZY_THIY:145:150    0.000 0      80   47 taggaaagtgagcaa tattgataactgtttct tcattcactttttta
>BAC_ZY_THIY:145:150 
BAC_ZY_THIY:145:150    0.000 0      80   35 taggaaagtg agcaatattgataac tgtttcttca
>BAC_ZY_THIY:145:150 
BAC_ZY_THIY:145:150    0.000 0      81   45 aggaaa gtgagcaatattgataactgtttcttcattcac tttttt
>BAC_ZY_THIY:145:150 
BAC_ZY_THIY:145:150    0.000 0      81   45 aggaaag tgagcaatattgataactgtttcttcattca ctttttt
>BAC_ZY_THIY:145:150 
BAC_ZY_THIY:145:150    0.000 0      81   45 aggaaagt gagcaatattgataactgtttcttcattc actttttt
>BAC_ZY_THIY:145:150 
BAC_ZY_THIY:145:150    0.000 0      81   45 aggaaagtg agcaatattgataactgtttcttcatt cactttttt
>BAC_ZY_THIY:145:150 
BAC_ZY_THIY:145:150    0.000 0      81   45 aggaaagtga gcaatattgataactgtttcttcat tcactttttt
>BAC_ZY_THIY:145:150 
BAC_ZY_THIY:145:150    0.000 0      81   45 aggaaagtgag caatattgataactgtttcttca ttcactttttt
>BAC_ZY_THIY:145:150 
BAC_ZY_THIY:145:150    0.000 0      81   45 aggaaagtgagcaa tattgataactgtttct tcattcactttttt
>BAC_ZY_THIY:145:150 
BAC_ZY_THIY:145:150    0.000 0      81   41 aggaaagtga gcaatattgataactgtttct tcattcactt
>BAC_ZY_THIY:145:150 
BAC_ZY_THIY:145:150    0.000 0      81   41 aggaaagtgag caatattgataactgtttc ttcattcactt
>BAC_ZY_THIY:145:150 
BAC_ZY_THIY:145:150    0.000 0      81   32 aggaaa gtgagcaatattgataactg tttctt
>BAC_ZY_THIY:145:150 
BAC_ZY_THIY:145:150    0.000 0      81   31 aggaaag tgagcaatattgataac tgtttct
