#RM scored
#RM descr h5 ss h3
#RM dfile sd3p_m.descr
>HI_THIB:122:126 
HI_THIB:122:126    0.000 0      31   40 tcatac ccgtgaacctgaaacagttaatactgac gtagga
>HI_THIB:122:126 
HI_THIB:122:126    0.000 0      78   54 aatatctcct tttcgtcattattgctgccttttaatcataaata aggatgtaat
>HI_THIB:122:126 
HI_THIB:122:126    0.000 0      78   54 aatatctcctt ttcgtcattattgctgccttttaatcataaat aaggatgtaat
>HI_THIB:122:126 
HI_THIB:122:126    0.000 0      80   50 tatctcct tttcgtcattattgctgccttttaatcataaata aggatgta
>HI_THIB:122:126 
HI_THIB:122:126    0.000 0      80   50 tatctcctt ttcgtcattattgctgccttttaatcataaat aaggatgta
>HI_THIB:122:126 
HI_THIB:122:126    0.000 0      80   50 tatctcctttt cgtcattattgctgccttttaatcataa ataaggatgta
>HI_THIB:122:126 
HI_THIB:122:126    0.000 0      81   48 atctcct tttcgtcattattgctgccttttaatcataaata aggatgt
>HI_THIB:122:126 
HI_THIB:122:126    0.000 0      81   48 atctcctt ttcgtcattattgctgccttttaatcataaat aaggatgt
>HI_THIB:122:126 
HI_THIB:122:126    0.000 0      81   48 atctcctttt cgtcattattgctgccttttaatcataa ataaggatgt
>HI_THIB:122:126 
HI_THIB:122:126    0.000 0      82   46 tctcct tttcgtcattattgctgccttttaatcataaata aggatg
>HI_THIB:122:126 
HI_THIB:122:126    0.000 0      82   46 tctcctt ttcgtcattattgctgccttttaatcataaat aaggatg
>HI_THIB:122:126 
HI_THIB:122:126    0.000 0      84   42 tcctttt cgtcattattgctgccttttaatcataa ataagga
>HI_THIB:122:126 
HI_THIB:122:126    0.000 0      85   43 cctttt cgtcattattgctgccttttaatcataaata aggatg
>HI_THIB:122:126 
HI_THIB:122:126    0.000 0      87   39 ttttcg tcattattgctgccttttaatcataaa taagga
>HI_THIB:122:126 
HI_THIB:122:126    0.000 0      87   39 ttttcgt cattattgctgccttttaatcataa ataagga
>HI_THIB:122:126 
HI_THIB:122:126    0.000 0      88   43 tttcgtcatt attgctgccttttaatcataaat aaggatgtaa
>HI_THIB:122:126 
HI_THIB:122:126    0.000 0      88   43 tttcgtcatta ttgctgccttttaatcataaa taaggatgtaa
>HI_THIB:122:126 
HI_THIB:122:126    0.000 0      88   43 tttcgtcattat tgctgccttttaatcataa ataaggatgtaa
>HI_THIB:122:126 
HI_THIB:122:126    0.000 0      88   43 tttcgtcattatt gctgccttttaatcata aataaggatgtaa
>HI_THIB:122:126 
HI_THIB:122:126    0.000 0      89   41 ttcgtcatta ttgctgccttttaatcataaa taaggatgta
>HI_THIB:122:126 
HI_THIB:122:126    0.000 0      89   41 ttcgtcattat tgctgccttttaatcataa ataaggatgta
>HI_THIB:122:126 
HI_THIB:122:126    0.000 0      89   41 ttcgtcattatt gctgccttttaatcata aataaggatgta
>HI_THIB:122:126 
HI_THIB:122:126    0.000 0      91   37 cgtcat tattgctgccttttaatcataaata aggatg
>HI_THIB:122:126 
HI_THIB:122:126    0.000 0      91   37 cgtcatt attgctgccttttaatcataaat aaggatg
>HI_THIB:122:126 
HI_THIB:122:126    0.000 0      91   37 cgtcatta ttgctgccttttaatcataaa taaggatg
>HI_THIB:122:126 
HI_THIB:122:126    0.000 0      91   37 cgtcattat tgctgccttttaatcataa ataaggatg
>HI_THIB:122:126 
HI_THIB:122:126    0.000 0      91   37 cgtcattatt gctgccttttaatcata aataaggatg
>HI_THIB:122:126 
HI_THIB:122:126    0.000 0      92   35 gtcatt attgctgccttttaatcataaat aaggat
>HI_THIB:122:126 
HI_THIB:122:126    0.000 0      92   35 gtcatta ttgctgccttttaatcataaa taaggat
>HI_THIB:122:126 
HI_THIB:122:126    0.000 0      92   35 gtcattat tgctgccttttaatcataa ataaggat
>HI_THIB:122:126 
HI_THIB:122:126    0.000 0      92   35 gtcattatt gctgccttttaatcata aataaggat
>HI_THIB:122:126 
HI_THIB:122:126    0.000 0      93   44 tcattattgctgcct tttaatcataaata aggatgtaataatga
>HI_THIB:122:126 
HI_THIB:122:126    0.000 0      93   44 tcattattgctgcctt ttaatcataaat aaggatgtaataatga
>HI_THIB:122:126 
HI_THIB:122:126    0.000 0      93   44 tcattattgctgcctttt aatcataa ataaggatgtaataatga
>HI_THIB:122:126 
HI_THIB:122:126    0.000 0      93   33 tcatta ttgctgccttttaatcataaa taagga
>HI_THIB:122:126 
HI_THIB:122:126    0.000 0      93   33 tcattat tgctgccttttaatcataa ataagga
>HI_THIB:122:126 
HI_THIB:122:126    0.000 0      93   33 tcattatt gctgccttttaatcata aataagga
>HI_THIB:122:126 
HI_THIB:122:126    0.000 0      94   42 cattattgctgcct tttaatcataaata aggatgtaataatg
>HI_THIB:122:126 
HI_THIB:122:126    0.000 0      94   42 cattattgctgcctt ttaatcataaat aaggatgtaataatg
>HI_THIB:122:126 
HI_THIB:122:126    0.000 0      94   42 cattattgctgcctttt aatcataa ataaggatgtaataatg
>HI_THIB:122:126 
HI_THIB:122:126    0.000 0      94   34 cattat tgctgccttttaatcataaata aggatg
>HI_THIB:122:126 
HI_THIB:122:126    0.000 0      94   34 cattatt gctgccttttaatcataaat aaggatg
>HI_THIB:122:126 
HI_THIB:122:126    0.000 0      94   34 cattattg ctgccttttaatcataaa taaggatg
>HI_THIB:122:126 
HI_THIB:122:126    0.000 0      94   34 cattattgct gccttttaatcata aataaggatg
>HI_THIB:122:126 
HI_THIB:122:126    0.000 0      95   40 attattgctgcct tttaatcataaata aggatgtaataat
>HI_THIB:122:126 
HI_THIB:122:126    0.000 0      95   40 attattgctgcctt ttaatcataaat aaggatgtaataat
>HI_THIB:122:126 
HI_THIB:122:126    0.000 0      95   40 attattgctgcctttt aatcataa ataaggatgtaataat
>HI_THIB:122:126 
HI_THIB:122:126    0.000 0      95   32 attatt gctgccttttaatcataaat aaggat
>HI_THIB:122:126 
HI_THIB:122:126    0.000 0      95   32 attattg ctgccttttaatcataaa taaggat
>HI_THIB:122:126 
HI_THIB:122:126    0.000 0      96   41 ttattgctgcctttt aatcataaata aggatgtaataatga
>HI_THIB:122:126 
HI_THIB:122:126    0.000 0      96   41 ttattgctgccttttaa tcataaa taaggatgtaataatga
>HI_THIB:122:126 
HI_THIB:122:126    0.000 0      96   41 ttattgctgccttttaat cataa ataaggatgtaataatga
>HI_THIB:122:126 
HI_THIB:122:126    0.000 0      96   38 ttattgctgcct tttaatcataaata aggatgtaataa
>HI_THIB:122:126 
HI_THIB:122:126    0.000 0      96   38 ttattgctgcctt ttaatcataaat aaggatgtaataa
>HI_THIB:122:126 
HI_THIB:122:126    0.000 0      96   38 ttattgctgcctttt aatcataa ataaggatgtaataa
>HI_THIB:122:126 
HI_THIB:122:126    0.000 0      96   30 ttattg ctgccttttaatcataaa taagga
>HI_THIB:122:126 
HI_THIB:122:126    0.000 0      97   39 tattgctgcctttt aatcataaata aggatgtaataatg
>HI_THIB:122:126 
HI_THIB:122:126    0.000 0      97   39 tattgctgccttttaa tcataaa taaggatgtaataatg
>HI_THIB:122:126 
HI_THIB:122:126    0.000 0      97   39 tattgctgccttttaat cataa ataaggatgtaataatg
>HI_THIB:122:126 
HI_THIB:122:126    0.000 0      97   36 tattgctgcct tttaatcataaata aggatgtaata
>HI_THIB:122:126 
HI_THIB:122:126    0.000 0      97   36 tattgctgcctt ttaatcataaat aaggatgtaata
>HI_THIB:122:126 
HI_THIB:122:126    0.000 0      98   37 attgctgcctttt aatcataaata aggatgtaataat
>HI_THIB:122:126 
HI_THIB:122:126    0.000 0      98   37 attgctgccttttaa tcataaa taaggatgtaataat
>HI_THIB:122:126 
HI_THIB:122:126    0.000 0      98   37 attgctgccttttaat cataa ataaggatgtaataat
>HI_THIB:122:126 
HI_THIB:122:126    0.000 0      98   34 attgctgcct tttaatcataaata aggatgtaat
>HI_THIB:122:126 
HI_THIB:122:126    0.000 0      98   34 attgctgcctt ttaatcataaat aaggatgtaat
>HI_THIB:122:126 
HI_THIB:122:126    0.000 0      99   35 ttgctgcctttt aatcataaata aggatgtaataa
>HI_THIB:122:126 
HI_THIB:122:126    0.000 0      99   35 ttgctgccttttaat cataa ataaggatgtaataa
>HI_THIB:122:126 
HI_THIB:122:126    0.000 0      99   32 ttgctgcctt ttaatcataaat aaggatgtaa
>HI_THIB:122:126 
HI_THIB:122:126    0.000 0     100   33 tgctgcctttt aatcataaata aggatgtaata
>HI_THIB:122:126 
HI_THIB:122:126    0.000 0     101   31 gctgcctttt aatcataaata aggatgtaat
>HI_THIB:122:126 
HI_THIB:122:126    0.000 0     103   27 tgcctttt aatcataaata aggatgta
>HI_THIB:122:126 
HI_THIB:122:126    0.000 0     103   27 tgccttttaa tcataaa taaggatgta
>HI_THIB:122:126 
HI_THIB:122:126    0.000 0     103   27 tgccttttaat cataa ataaggatgta
>HI_THIB:122:126 
HI_THIB:122:126    0.000 0     103   25 tgcctt ttaatcataaata aggatg
>HI_THIB:122:126 
HI_THIB:122:126    0.000 0     103   25 tgccttt taatcataaat aaggatg
>HI_THIB:122:126 
HI_THIB:122:126    0.000 0     104   25 gcctttt aatcataaata aggatgt
>HI_THIB:122:126 
HI_THIB:122:126    0.000 0     104   25 gccttttaat cataa ataaggatgt
>HI_THIB:122:126 
HI_THIB:122:126    0.000 0     104   23 gccttt taatcataaat aaggat
>HI_THIB:122:126 
HI_THIB:122:126    0.000 0     105   23 cctttt aatcataaata aggatg
>HI_THIB:122:126 
HI_THIB:122:126    0.000 0     107   19 ttttaa tcataaa taagga
>HI_THIB:122:126 
HI_THIB:122:126    0.000 0     107   19 ttttaat cataa ataagga
