#RM scored
#RM descr h5 ss h3
#RM dfile sd5p_m.descr
>HI_THIB:122:126 
HI_THIB:122:126    0.000 0      62   47 gacgtaggaa actaggaatatctccttttcgtcatta ttgctgcctt
>HI_THIB:122:126 
HI_THIB:122:126    0.000 0      65   49 gtagga aactaggaatatctccttttcgtcattattgctgcct tttaat
>HI_THIB:122:126 
HI_THIB:122:126    0.000 0      65   49 gtaggaa actaggaatatctccttttcgtcattattgctgcc ttttaat
>HI_THIB:122:126 
HI_THIB:122:126    0.000 0      65   41 gtagga aactaggaatatctccttttcgtcattat tgctgc
>HI_THIB:122:126 
HI_THIB:122:126    0.000 0      65   41 gtaggaa actaggaatatctccttttcgtcatta ttgctgc
>HI_THIB:122:126 
HI_THIB:122:126    0.000 0      65   38 gtagga aactaggaatatctccttttcgtcat tattgc
>HI_THIB:122:126 
HI_THIB:122:126    0.000 0      65   38 gtaggaa actaggaatatctccttttcgtca ttattgc
>HI_THIB:122:126 
HI_THIB:122:126    0.000 0      65   29 gtagga aactaggaatatctcct tttcgt
>HI_THIB:122:126 
HI_THIB:122:126    0.000 0      65   29 gtaggaa actaggaatatctcc ttttcgt
>HI_THIB:122:126 
HI_THIB:122:126    0.000 0      65   25 gtagga aactaggaatatc tccttt
>HI_THIB:122:126 
HI_THIB:122:126    0.000 0      66   47 taggaa actaggaatatctccttttcgtcattattgctgcc ttttaa
>HI_THIB:122:126 
HI_THIB:122:126    0.000 0      66   39 taggaa actaggaatatctccttttcgtcatta ttgctg
>HI_THIB:122:126 
HI_THIB:122:126    0.000 0      66   36 taggaa actaggaatatctccttttcgtca ttattg
>HI_THIB:122:126 
HI_THIB:122:126    0.000 0      66   27 taggaa actaggaatatctcc ttttcg
>HI_THIB:122:126 
HI_THIB:122:126    0.000 0      67   27 aggaaa ctaggaatatctcct tttcgt
>HI_THIB:122:126 
HI_THIB:122:126    0.000 0      67   21 aggaaa ctaggaata tctcct
>HI_THIB:122:126 
HI_THIB:122:126    0.000 0      72   42 actagga atatctccttttcgtcattattgctgcc ttttaat
>HI_THIB:122:126 
HI_THIB:122:126    0.000 0      72   22 actagga atatctcc ttttcgt
>HI_THIB:122:126 
HI_THIB:122:126    0.000 0      73   20 ctagga atatctcc ttttcg
>HI_THIB:122:126 
HI_THIB:122:126    0.000 0      74   39 taggaa tatctccttttcgtcattattgctgcc ttttaa
>HI_THIB:122:126 
HI_THIB:122:126    0.000 0      74   31 taggaa tatctccttttcgtcatta ttgctg
>HI_THIB:122:126 
HI_THIB:122:126    0.000 0      74   31 taggaat atctccttttcgtcatt attgctg
>HI_THIB:122:126 
HI_THIB:122:126    0.000 0      74   31 taggaata tctccttttcgtcat tattgctg
>HI_THIB:122:126 
HI_THIB:122:126    0.000 0      74   28 taggaa tatctccttttcgtca ttattg
>HI_THIB:122:126 
HI_THIB:122:126    0.000 0      74   28 taggaat atctccttttcgtc attattg
>HI_THIB:122:126 
HI_THIB:122:126    0.000 0      74   19 taggaa tatctcc ttttcg
>HI_THIB:122:126 
HI_THIB:122:126    0.000 0      75   29 aggaat atctccttttcgtcatt attgct
>HI_THIB:122:126 
HI_THIB:122:126    0.000 0      75   29 aggaata tctccttttcgtcat tattgct
>HI_THIB:122:126 
HI_THIB:122:126    0.000 0      75   26 aggaat atctccttttcgtc attatt
>HI_THIB:122:126 
HI_THIB:122:126    0.000 0     116   35 taaataagga tgtaataatgaaact tcttaaatta
>HI_THIB:122:126 
HI_THIB:122:126    0.000 0     120   27 taagga tgtaataatgaaact tcttaa
>HI_THIB:122:126 
HI_THIB:122:126    0.000 0     120   26 taagga tgtaataatgaaac ttctta
>HI_THIB:122:126 
HI_THIB:122:126    0.000 0     122   23 aggatg taataatgaaa cttctt
>HI_THIB:122:126 
HI_THIB:122:126    0.000 0     122   23 aggatgt aataatgaa acttctt
