#RM scored
#RM descr h5 ss h3
#RM dfile sd3p_m.descr
>YP_THIB:135:140 
YP_THIB:135:140    0.000 0      95   46 actact accgcctcagatacctttgccacctttatgttca aggagt
>YP_THIB:135:140 
YP_THIB:135:140    0.000 0     111   30 atacct ttgccacctttatgttca aggagt
>YP_THIB:135:140 
YP_THIB:135:140    0.000 0     111   30 atacctt tgccacctttatgttc aaggagt
>YP_THIB:135:140 
YP_THIB:135:140    0.000 0     112   30 taccttt gccacctttatgttca aggagtg
>YP_THIB:135:140 
YP_THIB:135:140    0.000 0     112   28 tacctt tgccacctttatgttc aaggag
>YP_THIB:135:140 
YP_THIB:135:140    0.000 0     113   28 accttt gccacctttatgttca aggagt
>YP_THIB:135:140 
YP_THIB:135:140    0.000 0     121   21 caccttt atgttca aggagtg
>YP_THIB:135:140 
YP_THIB:135:140    0.000 0     121   19 cacctt tatgttc aaggag
>YP_THIB:135:140 
YP_THIB:135:140    0.000 0     122   19 accttt atgttca aggagt
>YP_THIB:135:140 
YP_THIB:135:140    0.000 0     124   16 ctttat gttc aaggag
