#RM scored
#RM descr h5 ss h3
#RM dfile sd3p_m.descr
>TY_THIB:122:127 
TY_THIB:122:127    0.000 0      81   46 gatttg aggctacctctcaagtcctttgccactctttaac tgaggt
>TY_THIB:122:127 
TY_THIB:122:127    0.000 0      82   45 atttga ggctacctctcaagtcctttgccactctttaac tgaggt
>TY_THIB:122:127 
TY_THIB:122:127    0.000 0      82   45 atttgag gctacctctcaagtcctttgccactctttaa ctgaggt
>TY_THIB:122:127 
TY_THIB:122:127    0.000 0      91   37 tacctc tcaagtcctttgccactctttaact gaggtg
>TY_THIB:122:127 
TY_THIB:122:127    0.000 0      93   35 cctctc aagtcctttgccactctttaact gaggtg
>TY_THIB:122:127 
TY_THIB:122:127    0.000 0      93   35 cctctca agtcctttgccactctttaac tgaggtg
>TY_THIB:122:127 
TY_THIB:122:127    0.000 0     100   37 agtcctttgccactc tttaact gaggtgcaaagtgtt
>TY_THIB:122:127 
TY_THIB:122:127    0.000 0     101   28 gtccttt gccactctttaact gaggtgc
>TY_THIB:122:127 
TY_THIB:122:127    0.000 0     101   28 gtcctttg ccactctttaac tgaggtgc
>TY_THIB:122:127 
TY_THIB:122:127    0.000 0     102   26 tccttt gccactctttaact gaggtg
>TY_THIB:122:127 
TY_THIB:122:127    0.000 0     102   26 tcctttg ccactctttaac tgaggtg
>TY_THIB:122:127 
TY_THIB:122:127    0.000 0     104   29 ctttgccactc tttaact gaggtgcaaag
>TY_THIB:122:127 
TY_THIB:122:127    0.000 0     105   27 tttgccactc tttaact gaggtgcaaa
>TY_THIB:122:127 
TY_THIB:122:127    0.000 0     107   21 tgccac tctttaact gaggtg
>TY_THIB:122:127 
TY_THIB:122:127    0.000 0     110   18 cactct ttaact gaggtg
>TY_THIB:122:127 
TY_THIB:122:127    0.000 0     112   16 ctcttt aact gaggtg
