#RM scored
#RM descr h5 ss h3
#RM dfile sd3p_m.descr
>AU_THIB:138:143 
AU_THIB:138:143    0.000 0     100   43 cggcttaaag gcaagcggctactccttctcgtc ttttgaggag
>AU_THIB:138:143 
AU_THIB:138:143    0.000 0     100   43 cggcttaaagg caagcggctactccttctcgt cttttgaggag
>AU_THIB:138:143 
AU_THIB:138:143    0.000 0     118   25 ctactc cttctcgtctttt gaggag
>AU_THIB:138:143 
AU_THIB:138:143    0.000 0     121   22 ctcctt ctcgtctttt gaggag
>AU_THIB:138:143 
AU_THIB:138:143    0.000 0     122   21 tccttc tcgtctttt gaggag
>AU_THIB:138:143 
AU_THIB:138:143    0.000 0     124   19 cttctc gtctttt gaggag
>AU_THIB:138:143 
AU_THIB:138:143    0.000 0     124   19 cttctcg tcttt tgaggag
>AU_THIB:138:143 
AU_THIB:138:143    0.000 0     126   18 tctcgt cttttg aggaga
>AU_THIB:138:143 
AU_THIB:138:143    0.000 0     126   18 tctcgtc tttt gaggaga
>AU_THIB:138:143 
AU_THIB:138:143    0.000 0     127   16 ctcgtc tttt gaggag
>AU_THIB:138:143 
AU_THIB:138:143    0.000 0     128   16 tcgtct tttg aggaga
