#RM scored
#RM descr h5 ss h3
#RM dfile sd5p_m.descr
>AU_THIB:138:143 
AU_THIB:138:143    0.000 0     137   29 gaggag atacccgtgcgccgtcg tctttt
>AU_THIB:138:143 
AU_THIB:138:143    0.000 0     137   27 gaggag atacccgtgcgccgt cgtctt
>AU_THIB:138:143 
AU_THIB:138:143    0.000 0     137   27 gaggaga tacccgtgcgccg tcgtctt
>AU_THIB:138:143 
AU_THIB:138:143    0.000 0     137   27 gaggagat acccgtgcgcc gtcgtctt
>AU_THIB:138:143 
AU_THIB:138:143    0.000 0     138   28 aggaga tacccgtgcgccgtcg tctttt
>AU_THIB:138:143 
AU_THIB:138:143    0.000 0     138   28 aggagat acccgtgcgccgtc gtctttt
>AU_THIB:138:143 
AU_THIB:138:143    0.000 0     138   28 aggagatacc cgtgcgcc gtcgtctttt
>AU_THIB:138:143 
AU_THIB:138:143    0.000 0     138   25 aggaga tacccgtgcgccg tcgtct
>AU_THIB:138:143 
AU_THIB:138:143    0.000 0     138   25 aggagat acccgtgcgcc gtcgtct
