#RM scored
#RM descr h5 ss h3
#RM dfile sd3p_m.descr
>NE_THIC:128:133 
NE_THIC:128:133    0.000 0      61   41 atacctg atgcggataacgccgccggagggaagc caggagt
>NE_THIC:128:133 
NE_THIC:128:133    0.000 0      62   39 tacctg atgcggataacgccgccggagggaagc caggag
>VC_THID:135:140 
VC_THID:135:140    0.000 0     107   37 ggagtttggg atcagttcctgttttca caggagcttt
>VC_THID:135:140 
VC_THID:135:140    0.000 0     117   28 atcagttcctg ttttca caggagctttt
>VC_THID:135:140 
VC_THID:135:140    0.000 0     117   28 atcagttcctgt tttc acaggagctttt
>VC_THID:135:140 
VC_THID:135:140    0.000 0     120   22 agttcctg ttttca caggagct
>VC_THID:135:140 
VC_THID:135:140    0.000 0     120   22 agttcctgt tttc acaggagct
>VC_THID:135:140 
VC_THID:135:140    0.000 0     121   20 gttcctg ttttca caggagc
>VC_THID:135:140 
VC_THID:135:140    0.000 0     121   20 gttcctgt tttc acaggagc
>VC_THID:135:140 
VC_THID:135:140    0.000 0     122   18 ttcctg ttttca caggag
>VC_THID:135:140 
VC_THID:135:140    0.000 0     122   18 ttcctgt tttc acaggag
>VC_THID:135:140 
VC_THID:135:140    0.000 0     123   16 tcctgt tttc acagga
>PA_THIC:140:145 
PA_THIC:140:145    0.000 0     118   29 ggttctcccg acaatcacc caggagagcc
>PA_THIC:140:145 
PA_THIC:140:145    0.000 0     119   27 gttctcccg acaatcacc caggagagc
>PA_THIC:140:145 
PA_THIC:140:145    0.000 0     120   25 ttctcccg acaatcacc caggagag
>PA_THIC:140:145 
PA_THIC:140:145    0.000 0     121   23 tctcccg acaatcacc caggaga
>PA_THIC:140:145 
PA_THIC:140:145    0.000 0     122   21 ctcccg acaatcacc caggag
>PP_THIC:156:161 
PP_THIC:156:161    0.000 0     105   58 ttctccgcgc gtttcaggttcaccccgacattccactgctaggaagcc gtcaggagag
>PP_THIC:156:161 
PP_THIC:156:161    0.000 0     105   58 ttctccgcgcg tttcaggttcaccccgacattccactgctaggaagc cgtcaggagag
>PP_THIC:156:161 
PP_THIC:156:161    0.000 0     106   56 tctccgcgcg tttcaggttcaccccgacattccactgctaggaagc cgtcaggaga
>PP_THIC:156:161 
PP_THIC:156:161    0.000 0     113   51 gcgtttcagg ttcaccccgacattccactgctaggaagccg tcaggagagc
>PP_THIC:156:161 
PP_THIC:156:161    0.000 0     113   51 gcgtttcaggt tcaccccgacattccactgctaggaagcc gtcaggagagc
>PP_THIC:156:161 
PP_THIC:156:161    0.000 0     114   49 cgtttcaggt tcaccccgacattccactgctaggaagcc gtcaggagag
>PP_THIC:156:161 
PP_THIC:156:161    0.000 0     116   45 tttcag gttcaccccgacattccactgctaggaagccgt caggag
>PP_THIC:156:161 
PP_THIC:156:161    0.000 0     116   45 tttcagg ttcaccccgacattccactgctaggaagccg tcaggag
>PP_THIC:156:161 
PP_THIC:156:161    0.000 0     116   45 tttcaggt tcaccccgacattccactgctaggaagcc gtcaggag
>PP_THIC:156:161 
PP_THIC:156:161    0.000 0     117   43 ttcagg ttcaccccgacattccactgctaggaagccg tcagga
>PP_THIC:156:161 
PP_THIC:156:161    0.000 0     117   43 ttcaggt tcaccccgacattccactgctaggaagcc gtcagga
>EC_THIM:120:125 
EC_THIM:120:125    0.000 0     101   28 ttgcttcttc acgttatg gcaggagcaa
>EC_THIM:120:125 
EC_THIM:120:125    0.000 0     102   26 tgcttcttc acgttatg gcaggagca
>EC_THIM:120:125 
EC_THIM:120:125    0.000 0     103   24 gcttcttc acgttatg gcaggagc
>EC_THIM:120:125 
EC_THIM:120:125    0.000 0     104   22 cttcttc acgttatg gcaggag
>EC_THIM:120:125 
EC_THIM:120:125    0.000 0     105   20 ttcttc acgttatg gcagga
>TY_THIM:116:121 
TY_THIM:116:121    0.000 0      90   35 ctgctcgtgt cccttcttcacgcgg gcaggagctg
>TY_THIM:116:121 
TY_THIM:116:121    0.000 0      90   35 ctgctcgtgtc ccttcttcacgcg ggcaggagctg
>TY_THIM:116:121 
TY_THIM:116:121    0.000 0      90   35 ctgctcgtgtcc cttcttcacgc gggcaggagctg
>TY_THIM:116:121 
TY_THIM:116:121    0.000 0      92   31 gctcgtg tcccttcttcacgcggg caggagc
>TY_THIM:116:121 
TY_THIM:116:121    0.000 0      92   31 gctcgtgt cccttcttcacgcgg gcaggagc
>TY_THIM:116:121 
TY_THIM:116:121    0.000 0      92   31 gctcgtgtc ccttcttcacgcg ggcaggagc
>TY_THIM:116:121 
TY_THIM:116:121    0.000 0      92   31 gctcgtgtcc cttcttcacgc gggcaggagc
>TY_THIM:116:121 
TY_THIM:116:121    0.000 0      92   31 gctcgtgtccct tcttcac gcgggcaggagc
>TY_THIM:116:121 
TY_THIM:116:121    0.000 0      93   29 ctcgtg tcccttcttcacgcggg caggag
>TY_THIM:116:121 
TY_THIM:116:121    0.000 0      93   29 ctcgtgt cccttcttcacgcgg gcaggag
>TY_THIM:116:121 
TY_THIM:116:121    0.000 0      93   29 ctcgtgtc ccttcttcacgcg ggcaggag
>TY_THIM:116:121 
TY_THIM:116:121    0.000 0      93   29 ctcgtgtcc cttcttcacgc gggcaggag
>TY_THIM:116:121 
TY_THIM:116:121    0.000 0      93   29 ctcgtgtccct tcttcac gcgggcaggag
>TY_THIM:116:121 
TY_THIM:116:121    0.000 0      94   27 tcgtgt cccttcttcacgcgg gcagga
>TY_THIM:116:121 
TY_THIM:116:121    0.000 0      94   27 tcgtgtc ccttcttcacgcg ggcagga
>TY_THIM:116:121 
TY_THIM:116:121    0.000 0      94   27 tcgtgtcc cttcttcacgc gggcagga
>TY_THIM:116:121 
TY_THIM:116:121    0.000 0      94   27 tcgtgtccct tcttcac gcgggcagga
>TY_THIM:116:121 
TY_THIM:116:121    0.000 0      98   25 gtcccttctt cacgc gggcaggagc
>TY_THIM:116:121 
TY_THIM:116:121    0.000 0     102   20 cttcttc acgcgg gcaggag
>TY_THIM:116:121 
TY_THIM:116:121    0.000 0     103   18 ttcttc acgcgg gcagga
